Using pre-set license
Built from '2022.3/staging' branch; Version is '2022.3.11f1 (d00248457e15) revision 13632072'; Using compiler version '192829333'; Build Type 'Release'
OS: 'Windows 11  (10.0.22621) 64bit Core' Language: 'en' Physical Memory: 16057 MB
BatchMode: 1, IsHumanControllingUs: 0, StartBugReporterOnCrash: 0, Is64bit: 1, IsPro: 1

COMMAND LINE ARGUMENTS:
C:\Program Files\Unity 2022.3.11f1\Editor\Unity.exe
-adb2
-batchMode
-noUpm
-name
AssetImportWorker4
-projectPath
C:/GITHUB/FirstPlaceVR
-logFile
Logs/AssetImportWorker4.log
-srvPort
53117
Successfully changed project path to: C:/GITHUB/FirstPlaceVR
C:/GITHUB/FirstPlaceVR
[UnityMemory] Configuration Parameters - Can be set up in boot.config
    "memorysetup-bucket-allocator-granularity=16"
    "memorysetup-bucket-allocator-bucket-count=8"
    "memorysetup-bucket-allocator-block-size=33554432"
    "memorysetup-bucket-allocator-block-count=8"
    "memorysetup-main-allocator-block-size=16777216"
    "memorysetup-thread-allocator-block-size=16777216"
    "memorysetup-gfx-main-allocator-block-size=16777216"
    "memorysetup-gfx-thread-allocator-block-size=16777216"
    "memorysetup-cache-allocator-block-size=4194304"
    "memorysetup-typetree-allocator-block-size=2097152"
    "memorysetup-profiler-bucket-allocator-granularity=16"
    "memorysetup-profiler-bucket-allocator-bucket-count=8"
    "memorysetup-profiler-bucket-allocator-block-size=33554432"
    "memorysetup-profiler-bucket-allocator-block-count=8"
    "memorysetup-profiler-allocator-block-size=16777216"
    "memorysetup-profiler-editor-allocator-block-size=1048576"
    "memorysetup-temp-allocator-size-main=16777216"
    "memorysetup-job-temp-allocator-block-size=2097152"
    "memorysetup-job-temp-allocator-block-size-background=1048576"
    "memorysetup-job-temp-allocator-reduction-small-platforms=262144"
    "memorysetup-allocator-temp-initial-block-size-main=262144"
    "memorysetup-allocator-temp-initial-block-size-worker=262144"
    "memorysetup-temp-allocator-size-background-worker=32768"
    "memorysetup-temp-allocator-size-job-worker=262144"
    "memorysetup-temp-allocator-size-preload-manager=33554432"
    "memorysetup-temp-allocator-size-nav-mesh-worker=65536"
    "memorysetup-temp-allocator-size-audio-worker=65536"
    "memorysetup-temp-allocator-size-cloud-worker=32768"
    "memorysetup-temp-allocator-size-gi-baking-worker=262144"
    "memorysetup-temp-allocator-size-gfx=262144"
Player connection [23152] Host "[IP] 192.168.109.1 [Port] 0 [Flags] 2 [Guid] 3589449932 [EditorId] 3589449932 [Version] 1048832 [Id] WindowsEditor(7,Spiegel) [Debug] 1 [PackageName] WindowsEditor [ProjectName] Editor" joined multi-casting on [225.0.0.222:54997]...

Player connection [23152] Host "[IP] 192.168.109.1 [Port] 0 [Flags] 2 [Guid] 3589449932 [EditorId] 3589449932 [Version] 1048832 [Id] WindowsEditor(7,Spiegel) [Debug] 1 [PackageName] WindowsEditor [ProjectName] Editor" joined alternative multi-casting on [225.0.0.222:34997]...

[Physics::Module] Initialized MultithreadedJobDispatcher with 7 workers.
Refreshing native plugins compatible for Editor in 58.45 ms, found 13 plugins.
Preloading 1 native plugins for Editor in 1.45 ms.
Initialize engine version: 2022.3.11f1 (d00248457e15)
[Subsystems] Discovering subsystems at path C:/Program Files/Unity 2022.3.11f1/Editor/Data/Resources/UnitySubsystems
[Subsystems] Discovering subsystems at path C:/GITHUB/FirstPlaceVR/Assets
GfxDevice: creating device client; threaded=0; jobified=0
Direct3D:
    Version:  Direct3D 11.0 [level 11.1]
    Renderer: NVIDIA GeForce MX450 (ID=0x1f97)
    Vendor:   NVIDIA
    VRAM:     1920 MB
    Driver:   31.0.15.4617
Initialize mono
Mono path[0] = 'C:/Program Files/Unity 2022.3.11f1/Editor/Data/Managed'
Mono path[1] = 'C:/Program Files/Unity 2022.3.11f1/Editor/Data/MonoBleedingEdge/lib/mono/unityjit-win32'
Mono config path = 'C:/Program Files/Unity 2022.3.11f1/Editor/Data/MonoBleedingEdge/etc'
Using monoOptions --debugger-agent=transport=dt_socket,embedding=1,server=y,suspend=n,address=127.0.0.1:56896
Begin MonoManager ReloadAssembly
Registering precompiled unity dll's ...
Register platform support module: C:/Program Files/Unity 2022.3.11f1/Editor/Data/PlaybackEngines/AndroidPlayer/UnityEditor.Android.Extensions.dll
Register platform support module: C:/Program Files/Unity 2022.3.11f1/Editor/Data/PlaybackEngines/WindowsStandaloneSupport/UnityEditor.WindowsStandalone.Extensions.dll
Registered in 0.020724 seconds.
- Loaded All Assemblies, in  0.928 seconds
Native extension for WindowsStandalone target not found
Native extension for Android target not found
Android Extension - Scanning For ADB Devices 862 ms
Mono: successfully reloaded assembly
- Finished resetting the current domain, in  1.393 seconds
Domain Reload Profiling: 2319ms
	BeginReloadAssembly (324ms)
		ExecutionOrderSort (0ms)
		DisableScriptedObjects (0ms)
		BackupInstance (0ms)
		ReleaseScriptingObjects (0ms)
		CreateAndSetChildDomain (1ms)
	RebuildCommonClasses (96ms)
	RebuildNativeTypeToScriptingClass (31ms)
	initialDomainReloadingComplete (133ms)
	LoadAllAssembliesAndSetupDomain (341ms)
		LoadAssemblies (321ms)
		RebuildTransferFunctionScriptingTraits (0ms)
		AnalyzeDomain (337ms)
			TypeCache.Refresh (334ms)
				TypeCache.ScanAssembly (297ms)
			ScanForSourceGeneratedMonoScriptInfo (1ms)
			ResolveRequiredComponents (1ms)
	FinalizeReload (1394ms)
		ReleaseScriptCaches (0ms)
		RebuildScriptCaches (0ms)
		SetupLoadedEditorAssemblies (1274ms)
			LogAssemblyErrors (0ms)
			InitializePlatformSupportModulesInManaged (1014ms)
			SetLoadedEditorAssemblies (7ms)
			RefreshPlugins (0ms)
			BeforeProcessingInitializeOnLoad (4ms)
			ProcessInitializeOnLoadAttributes (161ms)
			ProcessInitializeOnLoadMethodAttributes (87ms)
			AfterProcessingInitializeOnLoad (0ms)
			EditorAssembliesLoaded (0ms)
		ExecutionOrderSort2 (0ms)
		AwakeInstancesAfterBackupRestoration (0ms)
========================================================================
Worker process is ready to serve import requests
Begin MonoManager ReloadAssembly
- Loaded All Assemblies, in  1.150 seconds
Refreshing native plugins compatible for Editor in 39.66 ms, found 13 plugins.
Native extension for WindowsStandalone target not found
Native extension for Android target not found
Package Manager log level set to [2]
[Package Manager] Server::EnsureServerProcessIsRunning -- launch failed, reason: Unity was launched with the -noUpm command-line argument
[Package Manager] UpmClient::Send -- Unable to send message (not connected to UPM process).
[Package Manager] Cannot connect to Unity Package Manager local server
[Package Manager] Server::EnsureServerProcessIsRunning -- launch failed, reason: Unity was launched with the -noUpm command-line argument
[Package Manager] UpmClient::Send -- Unable to send message (not connected to UPM process).
[Package Manager] Cannot connect to Unity Package Manager local server
System.Reflection.TargetInvocationException: Exception has been thrown by the target of an invocation. ---> System.NullReferenceException: Object reference not set to an instance of an object
  at Unity.XR.Oculus.OculusLoader.AssetPathToAbsolutePath (System.String assetPath) [0x00041] in .\Library\PackageCache\com.unity.xr.oculus@4.1.2\Runtime\OculusLoader.cs:287 
  at Unity.XR.Oculus.OculusLoader.EditorLoadOVRPlugin () [0x000c9] in .\Library\PackageCache\com.unity.xr.oculus@4.1.2\Runtime\OculusLoader.cs:272 
  at (wrapper managed-to-native) System.Reflection.RuntimeMethodInfo.InternalInvoke(System.Reflection.RuntimeMethodInfo,object,object[],System.Exception&)
  at System.Reflection.RuntimeMethodInfo.Invoke (System.Object obj, System.Reflection.BindingFlags invokeAttr, System.Reflection.Binder binder, System.Object[] parameters, System.Globalization.CultureInfo culture) [0x0006a] in <834b2ded5dad441e8c7a4287897d63c7>:0 
   --- End of inner exception stack trace ---
  at System.Reflection.RuntimeMethodInfo.Invoke (System.Object obj, System.Reflection.BindingFlags invokeAttr, System.Reflection.Binder binder, System.Object[] parameters, System.Globalization.CultureInfo culture) [0x00083] in <834b2ded5dad441e8c7a4287897d63c7>:0 
  at System.Reflection.MethodBase.Invoke (System.Object obj, System.Object[] parameters) [0x00000] in <834b2ded5dad441e8c7a4287897d63c7>:0 
  at UnityEditor.EditorAssemblies.ProcessInitializeOnLoadMethodAttributes () [0x000a5] in <9920ff0c944845d7b9f9a61ef1478edc>:0 
UnityEngine.StackTraceUtility:ExtractStackTrace ()
UnityEngine.DebugLogHandler:LogFormat (UnityEngine.LogType,UnityEngine.Object,string,object[])
UnityEngine.Logger:Log (UnityEngine.LogType,object)
UnityEngine.Debug:LogError (object)
UnityEditor.EditorAssemblies:ProcessInitializeOnLoadMethodAttributes ()

Mono: successfully reloaded assembly
[Package Manager] Server::EnsureServerProcessIsRunning -- launch failed, reason: Unity was launched with the -noUpm command-line argument
[Package Manager] UpmClient::Send -- Unable to send message (not connected to UPM process).
[Package Manager] Cannot connect to Unity Package Manager local server
[Package Manager] Server::EnsureServerProcessIsRunning -- launch failed, reason: Unity was launched with the -noUpm command-line argument
[Package Manager] UpmClient::Send -- Unable to send message (not connected to UPM process).
[Package Manager] Cannot connect to Unity Package Manager local server
- Finished resetting the current domain, in  1.525 seconds
Domain Reload Profiling: 2670ms
	BeginReloadAssembly (251ms)
		ExecutionOrderSort (0ms)
		DisableScriptedObjects (12ms)
		BackupInstance (0ms)
		ReleaseScriptingObjects (0ms)
		CreateAndSetChildDomain (30ms)
	RebuildCommonClasses (41ms)
	RebuildNativeTypeToScriptingClass (14ms)
	initialDomainReloadingComplete (57ms)
	LoadAllAssembliesAndSetupDomain (781ms)
		LoadAssemblies (554ms)
		RebuildTransferFunctionScriptingTraits (0ms)
		AnalyzeDomain (374ms)
			TypeCache.Refresh (319ms)
				TypeCache.ScanAssembly (292ms)
			ScanForSourceGeneratedMonoScriptInfo (43ms)
			ResolveRequiredComponents (10ms)
	FinalizeReload (1526ms)
		ReleaseScriptCaches (0ms)
		RebuildScriptCaches (0ms)
		SetupLoadedEditorAssemblies (1197ms)
			LogAssemblyErrors (0ms)
			InitializePlatformSupportModulesInManaged (47ms)
			SetLoadedEditorAssemblies (12ms)
			RefreshPlugins (0ms)
			BeforeProcessingInitializeOnLoad (218ms)
			ProcessInitializeOnLoadAttributes (711ms)
			ProcessInitializeOnLoadMethodAttributes (181ms)
			AfterProcessingInitializeOnLoad (27ms)
			EditorAssembliesLoaded (1ms)
		ExecutionOrderSort2 (0ms)
		AwakeInstancesAfterBackupRestoration (40ms)
Launched and connected shader compiler UnityShaderCompiler.exe after 0.27 seconds
Refreshing native plugins compatible for Editor in 40.02 ms, found 13 plugins.
Preloading 1 native plugins for Editor in 0.14 ms.
Unloading 5568 Unused Serialized files (Serialized files now loaded: 0)
Unloading 97 unused Assets / (364.9 KB). Loaded Objects now: 6041.
Memory consumption went from 195.8 MB to 195.5 MB.
Total: 5.802100 ms (FindLiveObjects: 0.657100 ms CreateObjectMapping: 0.464800 ms MarkObjects: 4.414400 ms  DeleteObjects: 0.264200 ms)

AssetImportParameters requested are different than current active one (requested -> active):
  custom:container-demuxer-ogg: 62fdf1f143b41e24485cea50d1cbac27 -> 
  custom:video-codec-MediaFoundation-h265: 746d11721c4dcdbdad8f713fa42b33f4 -> 
  custom:video-decoder-ogg-theora: a1e56fd34408186e4bbccfd4996cb3dc -> 
  custom:framework-win-MediaFoundation: 216162199b28c13a410421893ffa2e32 -> 
  custom:CustomObjectIndexerAttribute: 756ad292c208cfabdd7b50bc23989ffe -> 
  custom:container-demuxer-webm: 4f35f7cbe854078d1ac9338744f61a02 -> 
  custom:container-muxer-webm: aa71ff27fc2769a1b78a27578f13a17b -> 
  custom:video-decoder-webm-vp8: 9c59270c3fd7afecdb556c50c9e8de78 -> 
  custom:SearchIndexIgnoredProperties: e643bd26f0fe6173181afceb89e7c659 -> 
  custom:AudioImporter_EditorPlatform: d09bf68614088b80899f8185d706f6e7 -> 
  custom:video-encoder-webm-vp8: eb34c28f22e8b96e1ab97ce403110664 -> 
  custom:audio-decoder-ogg-vorbis: bf7c407c2cedff20999df2af8eb42d56 -> 
  custom:audio-encoder-webm-vorbis: bf7c407c2cedff20999df2af8eb42d56 -> 
========================================================================
Received Import Request.
  Time since last request: 99431.315464 seconds.
  path: Assets/03.Assets/PolygonFantasyKingdom/Models/SM_Wep_Mod_Dagger_Blade_06.fbx
  artifactKey: Guid(d4741b2979510514e8f660e4cb57b945) Importer(815301076,1909f56bfc062723c751e8b465ee728b)
Start importing Assets/03.Assets/PolygonFantasyKingdom/Models/SM_Wep_Mod_Dagger_Blade_06.fbx using Guid(d4741b2979510514e8f660e4cb57b945) Importer(815301076,1909f56bfc062723c751e8b465ee728b)  -> (artifact id: 'a05455e9ffa65b3dc48321feeff21a46') in 0.218928 seconds
Number of updated asset objects reloaded before import = 0
Number of asset objects unloaded after import = 7
========================================================================
Received Import Request.
  Time since last request: 0.000029 seconds.
  path: Assets/03.Assets/PolygonFantasyKingdom/Models/SM_Wep_Mod_Dagger_Hilt_03.fbx
  artifactKey: Guid(eedf69c3b4e8bbc46ad7a8065ac04785) Importer(815301076,1909f56bfc062723c751e8b465ee728b)
Start importing Assets/03.Assets/PolygonFantasyKingdom/Models/SM_Wep_Mod_Dagger_Hilt_03.fbx using Guid(eedf69c3b4e8bbc46ad7a8065ac04785) Importer(815301076,1909f56bfc062723c751e8b465ee728b)  -> (artifact id: '5d5d38d4e33d2acdbb3414f4e3ca43da') in 0.029478 seconds
Number of updated asset objects reloaded before import = 0
Number of asset objects unloaded after import = 7
========================================================================
Received Import Request.
  Time since last request: 0.000027 seconds.
  path: Assets/03.Assets/PolygonFantasyKingdom/Models/SM_Wep_Dagger_05.fbx
  artifactKey: Guid(dabc707ebff004e4c82343b7ea862282) Importer(815301076,1909f56bfc062723c751e8b465ee728b)
Start importing Assets/03.Assets/PolygonFantasyKingdom/Models/SM_Wep_Dagger_05.fbx using Guid(dabc707ebff004e4c82343b7ea862282) Importer(815301076,1909f56bfc062723c751e8b465ee728b)  -> (artifact id: '2a47b3530d17c116b5ff6b3abc46feb5') in 0.028431 seconds
Number of updated asset objects reloaded before import = 0
Number of asset objects unloaded after import = 7
========================================================================
Received Import Request.
  Time since last request: 0.000021 seconds.
  path: Assets/03.Assets/PolygonFantasyKingdom/Models/SM_Wep_Mod_Dagger_Hilt_06.fbx
  artifactKey: Guid(48759b3784daf9b44a8eef58235f84f9) Importer(815301076,1909f56bfc062723c751e8b465ee728b)
Start importing Assets/03.Assets/PolygonFantasyKingdom/Models/SM_Wep_Mod_Dagger_Hilt_06.fbx using Guid(48759b3784daf9b44a8eef58235f84f9) Importer(815301076,1909f56bfc062723c751e8b465ee728b)  -> (artifact id: 'fb7b57fa12acea03d38c5f35d5c13669') in 0.024442 seconds
Number of updated asset objects reloaded before import = 0
Number of asset objects unloaded after import = 7
========================================================================
Received Import Request.
  Time since last request: 0.000018 seconds.
  path: Assets/03.Assets/PolygonFantasyKingdom/Models/SM_Wep_Hammer_03.fbx
  artifactKey: Guid(f8b2e32b2055de547a62ba0f81dbe055) Importer(815301076,1909f56bfc062723c751e8b465ee728b)
Start importing Assets/03.Assets/PolygonFantasyKingdom/Models/SM_Wep_Hammer_03.fbx using Guid(f8b2e32b2055de547a62ba0f81dbe055) Importer(815301076,1909f56bfc062723c751e8b465ee728b)  -> (artifact id: 'cf3673fa90a1df6194d69a99b34404f1') in 0.028573 seconds
Number of updated asset objects reloaded before import = 0
Number of asset objects unloaded after import = 7
========================================================================
Received Import Request.
  Time since last request: 0.000021 seconds.
  path: Assets/03.Assets/PolygonFantasyKingdom/Models/SM_Wep_Hot_Oil_01.fbx
  artifactKey: Guid(462a9fe0dc721b94e86ab51b1d61fa63) Importer(815301076,1909f56bfc062723c751e8b465ee728b)
Start importing Assets/03.Assets/PolygonFantasyKingdom/Models/SM_Wep_Hot_Oil_01.fbx using Guid(462a9fe0dc721b94e86ab51b1d61fa63) Importer(815301076,1909f56bfc062723c751e8b465ee728b)  -> (artifact id: 'aabd1856d159a6abb59ea13decb6d983') in 0.047200 seconds
Number of updated asset objects reloaded before import = 0
Number of asset objects unloaded after import = 12
========================================================================
Received Import Request.
  Time since last request: 0.000015 seconds.
  path: Assets/03.Assets/PolygonFantasyKingdom/Models/SM_Wep_Knife_02.fbx
  artifactKey: Guid(66a670426360a4f48aab0d3a4d3d8a6b) Importer(815301076,1909f56bfc062723c751e8b465ee728b)
Start importing Assets/03.Assets/PolygonFantasyKingdom/Models/SM_Wep_Knife_02.fbx using Guid(66a670426360a4f48aab0d3a4d3d8a6b) Importer(815301076,1909f56bfc062723c751e8b465ee728b)  -> (artifact id: '0971d099d50ed0003efefc5e5b2a745a') in 0.027084 seconds
Number of updated asset objects reloaded before import = 0
Number of asset objects unloaded after import = 7
========================================================================
Received Import Request.
  Time since last request: 0.000024 seconds.
  path: Assets/03.Assets/PolygonFantasyKingdom/Models/SM_Wep_Mace_01.fbx
  artifactKey: Guid(5c779ba4d5ac53b4385e79670c576206) Importer(815301076,1909f56bfc062723c751e8b465ee728b)
Start importing Assets/03.Assets/PolygonFantasyKingdom/Models/SM_Wep_Mace_01.fbx using Guid(5c779ba4d5ac53b4385e79670c576206) Importer(815301076,1909f56bfc062723c751e8b465ee728b)  -> (artifact id: '2d60307a3491b834e7fe1259175c7fcb') in 0.030343 seconds
Number of updated asset objects reloaded before import = 0
Number of asset objects unloaded after import = 7
========================================================================
Received Import Request.
  Time since last request: 0.000017 seconds.
  path: Assets/03.Assets/PolygonFantasyKingdom/Models/SM_Wep_Mace_05.fbx
  artifactKey: Guid(351aeeb60fb7c1d488ae7a46f5010432) Importer(815301076,1909f56bfc062723c751e8b465ee728b)
Start importing Assets/03.Assets/PolygonFantasyKingdom/Models/SM_Wep_Mace_05.fbx using Guid(351aeeb60fb7c1d488ae7a46f5010432) Importer(815301076,1909f56bfc062723c751e8b465ee728b)  -> (artifact id: '95db8db374a5a96b362e34fca0b057c0') in 0.023978 seconds
Number of updated asset objects reloaded before import = 0
Number of asset objects unloaded after import = 7
========================================================================
Received Import Request.
  Time since last request: 0.000020 seconds.
  path: Assets/03.Assets/PolygonFantasyKingdom/Models/SM_Wep_Mod_Dagger_Blade_02.fbx
  artifactKey: Guid(0260dbc548238154ea4c7faa5b120039) Importer(815301076,1909f56bfc062723c751e8b465ee728b)
Start importing Assets/03.Assets/PolygonFantasyKingdom/Models/SM_Wep_Mod_Dagger_Blade_02.fbx using Guid(0260dbc548238154ea4c7faa5b120039) Importer(815301076,1909f56bfc062723c751e8b465ee728b)  -> (artifact id: '887949f5a95ca707fddcfb6297a6d950') in 0.030081 seconds
Number of updated asset objects reloaded before import = 0
Number of asset objects unloaded after import = 7
========================================================================
Received Import Request.
  Time since last request: 0.000027 seconds.
  path: Assets/03.Assets/PolygonFantasyKingdom/Models/SM_Wep_Mod_Spear_Handle_06.fbx
  artifactKey: Guid(e61dadfeeb297784eb76b256c3cca818) Importer(815301076,1909f56bfc062723c751e8b465ee728b)
Start importing Assets/03.Assets/PolygonFantasyKingdom/Models/SM_Wep_Mod_Spear_Handle_06.fbx using Guid(e61dadfeeb297784eb76b256c3cca818) Importer(815301076,1909f56bfc062723c751e8b465ee728b)  -> (artifact id: '128815954f87e967a9628e7b1adabc6b') in 0.026999 seconds
Number of updated asset objects reloaded before import = 0
Number of asset objects unloaded after import = 7
========================================================================
Received Import Request.
  Time since last request: 0.000016 seconds.
  path: Assets/03.Assets/PolygonFantasyKingdom/Models/SM_Wep_Elephant_Gun_01.fbx
  artifactKey: Guid(2124ed22d8fc14b42a4d50e55cfdbef4) Importer(815301076,1909f56bfc062723c751e8b465ee728b)
Start importing Assets/03.Assets/PolygonFantasyKingdom/Models/SM_Wep_Elephant_Gun_01.fbx using Guid(2124ed22d8fc14b42a4d50e55cfdbef4) Importer(815301076,1909f56bfc062723c751e8b465ee728b)  -> (artifact id: '21dcc9b23e2ea4e8248aca1759f7ea1a') in 0.060282 seconds
Number of updated asset objects reloaded before import = 0
Number of asset objects unloaded after import = 17
========================================================================
Received Import Request.
  Time since last request: 0.000026 seconds.
  path: Assets/03.Assets/PolygonFantasyKingdom/Models/SM_Wep_Mod_Dagger_Blade_01.fbx
  artifactKey: Guid(7a714c9b4d0b5424582735917df44acf) Importer(815301076,1909f56bfc062723c751e8b465ee728b)
Start importing Assets/03.Assets/PolygonFantasyKingdom/Models/SM_Wep_Mod_Dagger_Blade_01.fbx using Guid(7a714c9b4d0b5424582735917df44acf) Importer(815301076,1909f56bfc062723c751e8b465ee728b)  -> (artifact id: '37f5b01ab0a7ce726369b21ed7112739') in 0.030559 seconds
Number of updated asset objects reloaded before import = 0
Number of asset objects unloaded after import = 7
========================================================================
Received Import Request.
  Time since last request: 0.000024 seconds.
  path: Assets/03.Assets/PolygonFantasyKingdom/Models/SM_Wep_Hammer_06.fbx
  artifactKey: Guid(9d87fb1056d0fd3469c2a47507d4d358) Importer(815301076,1909f56bfc062723c751e8b465ee728b)
Start importing Assets/03.Assets/PolygonFantasyKingdom/Models/SM_Wep_Hammer_06.fbx using Guid(9d87fb1056d0fd3469c2a47507d4d358) Importer(815301076,1909f56bfc062723c751e8b465ee728b)  -> (artifact id: 'fae8591609cd06a092bc8737e054e541') in 0.050422 seconds
Number of updated asset objects reloaded before import = 0
Number of asset objects unloaded after import = 7
========================================================================
Received Import Request.
  Time since last request: 3.722932 seconds.
  path: Assets/03.Assets/PolygonFantasyKingdom/Prefabs/Characters/CharacterAttachments
  artifactKey: Guid(ff52bc62ef10f6b42a4d929273399e1f) Importer(815301076,1909f56bfc062723c751e8b465ee728b)
Start importing Assets/03.Assets/PolygonFantasyKingdom/Prefabs/Characters/CharacterAttachments using Guid(ff52bc62ef10f6b42a4d929273399e1f) Importer(815301076,1909f56bfc062723c751e8b465ee728b)  -> (artifact id: 'd6b1e9c083b93c833fb1b4d4a0df7ba4') in 0.001128 seconds
Number of updated asset objects reloaded before import = 0
Number of asset objects unloaded after import = 0
========================================================================
Received Import Request.
  Time since last request: 0.093406 seconds.
  path: Assets/03.Assets/PolygonFantasyKingdom/Prefabs/Characters/CharacterAttachments/SM_Chr_Attach_Blacksmith_Female_Goggles_02.prefab
  artifactKey: Guid(050622150a6fc6741889ace92693e628) Importer(815301076,1909f56bfc062723c751e8b465ee728b)
Start importing Assets/03.Assets/PolygonFantasyKingdom/Prefabs/Characters/CharacterAttachments/SM_Chr_Attach_Blacksmith_Female_Goggles_02.prefab using Guid(050622150a6fc6741889ace92693e628) Importer(815301076,1909f56bfc062723c751e8b465ee728b)  -> (artifact id: '44caa8c141da9a551ed348f5d569a4b2') in 0.166046 seconds
Number of updated asset objects reloaded before import = 0
Number of asset objects unloaded after import = 11
========================================================================
Received Import Request.
  Time since last request: 0.000023 seconds.
  path: Assets/03.Assets/PolygonFantasyKingdom/Prefabs/Characters/CharacterAttachments/SM_Chr_Attach_Mage_Cape_01.prefab
  artifactKey: Guid(0e13a47ccf769c1419d22560947120f2) Importer(815301076,1909f56bfc062723c751e8b465ee728b)
Start importing Assets/03.Assets/PolygonFantasyKingdom/Prefabs/Characters/CharacterAttachments/SM_Chr_Attach_Mage_Cape_01.prefab using Guid(0e13a47ccf769c1419d22560947120f2) Importer(815301076,1909f56bfc062723c751e8b465ee728b)  -> (artifact id: 'a4b71fcf39867de3909b2fcf11ed91bf') in 0.061949 seconds
Number of updated asset objects reloaded before import = 0
Number of asset objects unloaded after import = 32
========================================================================
Received Import Request.
  Time since last request: 0.000052 seconds.
  path: Assets/03.Assets/PolygonFantasyKingdom/Prefabs/Characters/CharacterAttachments/SM_Chr_Attach_Princess_Tiara_01.prefab
  artifactKey: Guid(8269d465bb9f9c44e889bf84714db6ea) Importer(815301076,1909f56bfc062723c751e8b465ee728b)
Start importing Assets/03.Assets/PolygonFantasyKingdom/Prefabs/Characters/CharacterAttachments/SM_Chr_Attach_Princess_Tiara_01.prefab using Guid(8269d465bb9f9c44e889bf84714db6ea) Importer(815301076,1909f56bfc062723c751e8b465ee728b)  -> (artifact id: '05c497c6bad3d8fe94e218592b2cbb29') in 0.053075 seconds
Number of updated asset objects reloaded before import = 0
Number of asset objects unloaded after import = 11
========================================================================
Received Prepare
Begin MonoManager ReloadAssembly
- Loaded All Assemblies, in  1.860 seconds
Refreshing native plugins compatible for Editor in 49.34 ms, found 13 plugins.
Native extension for WindowsStandalone target not found
Native extension for Android target not found
[Package Manager] Server::EnsureServerProcessIsRunning -- launch failed, reason: Unity was launched with the -noUpm command-line argument
[Package Manager] UpmClient::Send -- Unable to send message (not connected to UPM process).
[Package Manager] Cannot connect to Unity Package Manager local server
[MODES] ModeService[none].Initialize
[MODES] ModeService[none].LoadModes
[MODES] Loading mode Default (0) for mode-current-id-VRescape
[Package Manager] Server::EnsureServerProcessIsRunning -- launch failed, reason: Unity was launched with the -noUpm command-line argument
[Package Manager] UpmClient::Send -- Unable to send message (not connected to UPM process).
[Package Manager] Cannot connect to Unity Package Manager local server
System.Reflection.TargetInvocationException: Exception has been thrown by the target of an invocation. ---> System.NullReferenceException: Object reference not set to an instance of an object
  at Unity.XR.Oculus.OculusLoader.AssetPathToAbsolutePath (System.String assetPath) [0x00041] in .\Library\PackageCache\com.unity.xr.oculus@4.1.2\Runtime\OculusLoader.cs:287 
  at Unity.XR.Oculus.OculusLoader.EditorLoadOVRPlugin () [0x000c9] in .\Library\PackageCache\com.unity.xr.oculus@4.1.2\Runtime\OculusLoader.cs:272 
  at (wrapper managed-to-native) System.Reflection.RuntimeMethodInfo.InternalInvoke(System.Reflection.RuntimeMethodInfo,object,object[],System.Exception&)
  at System.Reflection.RuntimeMethodInfo.Invoke (System.Object obj, System.Reflection.BindingFlags invokeAttr, System.Reflection.Binder binder, System.Object[] parameters, System.Globalization.CultureInfo culture) [0x0006a] in <834b2ded5dad441e8c7a4287897d63c7>:0 
   --- End of inner exception stack trace ---
  at System.Reflection.RuntimeMethodInfo.Invoke (System.Object obj, System.Reflection.BindingFlags invokeAttr, System.Reflection.Binder binder, System.Object[] parameters, System.Globalization.CultureInfo culture) [0x00083] in <834b2ded5dad441e8c7a4287897d63c7>:0 
  at System.Reflection.MethodBase.Invoke (System.Object obj, System.Object[] parameters) [0x00000] in <834b2ded5dad441e8c7a4287897d63c7>:0 
  at UnityEditor.EditorAssemblies.ProcessInitializeOnLoadMethodAttributes () [0x000a5] in <9920ff0c944845d7b9f9a61ef1478edc>:0 
UnityEngine.StackTraceUtility:ExtractStackTrace ()
UnityEngine.DebugLogHandler:LogFormat (UnityEngine.LogType,UnityEngine.Object,string,object[])
UnityEngine.Logger:Log (UnityEngine.LogType,object)
UnityEngine.Debug:LogError (object)
UnityEditor.EditorAssemblies:ProcessInitializeOnLoadMethodAttributes ()

Mono: successfully reloaded assembly
[Package Manager] Server::EnsureServerProcessIsRunning -- launch failed, reason: Unity was launched with the -noUpm command-line argument
[Package Manager] UpmClient::Send -- Unable to send message (not connected to UPM process).
[Package Manager] Cannot connect to Unity Package Manager local server
- Finished resetting the current domain, in  2.850 seconds
Domain Reload Profiling: 4695ms
	BeginReloadAssembly (903ms)
		ExecutionOrderSort (0ms)
		DisableScriptedObjects (23ms)
		BackupInstance (0ms)
		ReleaseScriptingObjects (0ms)
		CreateAndSetChildDomain (234ms)
	RebuildCommonClasses (97ms)
	RebuildNativeTypeToScriptingClass (22ms)
	initialDomainReloadingComplete (71ms)
	LoadAllAssembliesAndSetupDomain (752ms)
		LoadAssemblies (1060ms)
		RebuildTransferFunctionScriptingTraits (0ms)
		AnalyzeDomain (144ms)
			TypeCache.Refresh (98ms)
				TypeCache.ScanAssembly (79ms)
			ScanForSourceGeneratedMonoScriptInfo (33ms)
			ResolveRequiredComponents (10ms)
	FinalizeReload (2851ms)
		ReleaseScriptCaches (0ms)
		RebuildScriptCaches (0ms)
		SetupLoadedEditorAssemblies (1031ms)
			LogAssemblyErrors (0ms)
			InitializePlatformSupportModulesInManaged (40ms)
			SetLoadedEditorAssemblies (8ms)
			RefreshPlugins (0ms)
			BeforeProcessingInitializeOnLoad (276ms)
			ProcessInitializeOnLoadAttributes (544ms)
			ProcessInitializeOnLoadMethodAttributes (149ms)
			AfterProcessingInitializeOnLoad (12ms)
			EditorAssembliesLoaded (0ms)
		ExecutionOrderSort2 (0ms)
		AwakeInstancesAfterBackupRestoration (18ms)
Refreshing native plugins compatible for Editor in 40.67 ms, found 13 plugins.
Preloading 1 native plugins for Editor in 0.12 ms.
Unloading 5801 Unused Serialized files (Serialized files now loaded: 0)
Unloading 74 unused Assets / (390.1 KB). Loaded Objects now: 6336.
Memory consumption went from 196.3 MB to 195.9 MB.
Total: 5.906700 ms (FindLiveObjects: 0.550500 ms CreateObjectMapping: 0.477200 ms MarkObjects: 4.607700 ms  DeleteObjects: 0.269600 ms)

Prepare: number of updated asset objects reloaded= 0
AssetImportParameters requested are different than current active one (requested -> active):
  custom:container-demuxer-ogg: 62fdf1f143b41e24485cea50d1cbac27 -> 
  custom:video-codec-MediaFoundation-h265: 746d11721c4dcdbdad8f713fa42b33f4 -> 
  custom:video-decoder-ogg-theora: a1e56fd34408186e4bbccfd4996cb3dc -> 
  custom:framework-win-MediaFoundation: 216162199b28c13a410421893ffa2e32 -> 
  custom:CustomObjectIndexerAttribute: 756ad292c208cfabdd7b50bc23989ffe -> 
  custom:container-demuxer-webm: 4f35f7cbe854078d1ac9338744f61a02 -> 
  custom:container-muxer-webm: aa71ff27fc2769a1b78a27578f13a17b -> 
  custom:video-decoder-webm-vp8: 9c59270c3fd7afecdb556c50c9e8de78 -> 
  custom:SearchIndexIgnoredProperties: e643bd26f0fe6173181afceb89e7c659 -> 
  custom:AudioImporter_EditorPlatform: d09bf68614088b80899f8185d706f6e7 -> 
  custom:video-encoder-webm-vp8: eb34c28f22e8b96e1ab97ce403110664 -> 
  custom:audio-decoder-ogg-vorbis: bf7c407c2cedff20999df2af8eb42d56 -> 
  custom:audio-encoder-webm-vorbis: bf7c407c2cedff20999df2af8eb42d56 -> 
========================================================================
Received Import Request.
  Time since last request: 177.248395 seconds.
  path: Assets/03.Assets/PolygonFantasyKingdom/Prefabs/Characters/SM_Chr_FortuneTeller_01.prefab
  artifactKey: Guid(8549abe3859269745a95380e270df83e) Importer(815301076,1909f56bfc062723c751e8b465ee728b)
Start importing Assets/03.Assets/PolygonFantasyKingdom/Prefabs/Characters/SM_Chr_FortuneTeller_01.prefab using Guid(8549abe3859269745a95380e270df83e) Importer(815301076,1909f56bfc062723c751e8b465ee728b)  -> (artifact id: '02acbd2aabb8aa5c40c619a9dbc43586') in 0.167294 seconds
Number of updated asset objects reloaded before import = 0
Number of asset objects unloaded after import = 198
========================================================================
Received Import Request.
  Time since last request: 20.214680 seconds.
  path: Assets/03.Assets/PolygonFantasyKingdom/Models/SM_Prop_Animal_Head_Antler_01.fbx
  artifactKey: Guid(3b7ab200e04cfe74089152f159df061c) Importer(815301076,1909f56bfc062723c751e8b465ee728b)
Start importing Assets/03.Assets/PolygonFantasyKingdom/Models/SM_Prop_Animal_Head_Antler_01.fbx using Guid(3b7ab200e04cfe74089152f159df061c) Importer(815301076,1909f56bfc062723c751e8b465ee728b)  -> (artifact id: '2ad71974ed90144e6d6e4139aab78bd8') in 0.047434 seconds
Number of updated asset objects reloaded before import = 0
Number of asset objects unloaded after import = 7
========================================================================
Received Import Request.
  Time since last request: 0.019506 seconds.
  path: Assets/03.Assets/PolygonFantasyKingdom/Models/Convex/SM_Prop_Animal_Head_Backing_01_Convex.asset
  artifactKey: Guid(f0fa913614e5a8b42beb0823cfebbeea) Importer(815301076,1909f56bfc062723c751e8b465ee728b)
Start importing Assets/03.Assets/PolygonFantasyKingdom/Models/Convex/SM_Prop_Animal_Head_Backing_01_Convex.asset using Guid(f0fa913614e5a8b42beb0823cfebbeea) Importer(815301076,1909f56bfc062723c751e8b465ee728b)  -> (artifact id: '3992d7cb2205b7b2c07b586bcffdd318') in 0.027960 seconds
Number of updated asset objects reloaded before import = 0
Number of asset objects unloaded after import = 2
========================================================================
Received Import Request.
  Time since last request: 0.000024 seconds.
  path: Assets/03.Assets/PolygonFantasyKingdom/Models/Convex/SM_Prop_Animal_Head_Backing_03_Convex.asset
  artifactKey: Guid(2d1e894cdd6482742b2ed1e58330b6cf) Importer(815301076,1909f56bfc062723c751e8b465ee728b)
Start importing Assets/03.Assets/PolygonFantasyKingdom/Models/Convex/SM_Prop_Animal_Head_Backing_03_Convex.asset using Guid(2d1e894cdd6482742b2ed1e58330b6cf) Importer(815301076,1909f56bfc062723c751e8b465ee728b)  -> (artifact id: 'b0a43a5c98e8f2d45dfe8227b79beacb') in 0.028778 seconds
Number of updated asset objects reloaded before import = 0
Number of asset objects unloaded after import = 2
========================================================================
Received Import Request.
  Time since last request: 0.000023 seconds.
  path: Assets/03.Assets/PolygonFantasyKingdom/Models/SM_Prop_Animal_Head_Backing_05.fbx
  artifactKey: Guid(a4d2456c74660a94c947da43065d4e7f) Importer(815301076,1909f56bfc062723c751e8b465ee728b)
Start importing Assets/03.Assets/PolygonFantasyKingdom/Models/SM_Prop_Animal_Head_Backing_05.fbx using Guid(a4d2456c74660a94c947da43065d4e7f) Importer(815301076,1909f56bfc062723c751e8b465ee728b)  -> (artifact id: '97fd447dc3df12ea6ba5659717e9211b') in 0.028478 seconds
Number of updated asset objects reloaded before import = 0
Number of asset objects unloaded after import = 7
========================================================================
Received Import Request.
  Time since last request: 0.000023 seconds.
  path: Assets/03.Assets/PolygonFantasyKingdom/Models/SM_Prop_Animal_Head_Boar_01.fbx
  artifactKey: Guid(7a49eb919249ae84cbf8e6268611bb28) Importer(815301076,1909f56bfc062723c751e8b465ee728b)
Start importing Assets/03.Assets/PolygonFantasyKingdom/Models/SM_Prop_Animal_Head_Boar_01.fbx using Guid(7a49eb919249ae84cbf8e6268611bb28) Importer(815301076,1909f56bfc062723c751e8b465ee728b)  -> (artifact id: '5e552669b39529c205cadeb52edd1509') in 0.028800 seconds
Number of updated asset objects reloaded before import = 0
Number of asset objects unloaded after import = 7
========================================================================
Received Import Request.
  Time since last request: 0.000021 seconds.
  path: Assets/03.Assets/PolygonFantasyKingdom/Models/Convex/SM_Prop_Animal_Head_Deer_01_Convex.asset
  artifactKey: Guid(90529539edfb1cf44ac754f78b02d88b) Importer(815301076,1909f56bfc062723c751e8b465ee728b)
Start importing Assets/03.Assets/PolygonFantasyKingdom/Models/Convex/SM_Prop_Animal_Head_Deer_01_Convex.asset using Guid(90529539edfb1cf44ac754f78b02d88b) Importer(815301076,1909f56bfc062723c751e8b465ee728b)  -> (artifact id: '7b3df33e7684ba68c895d070d9d433aa') in 0.020859 seconds
Number of updated asset objects reloaded before import = 0
Number of asset objects unloaded after import = 2
========================================================================
Received Import Request.
  Time since last request: 0.000020 seconds.
  path: Assets/03.Assets/PolygonFantasyKingdom/Models/SM_Prop_Animal_Head_Deer_02.fbx
  artifactKey: Guid(35a9060c177b5f143a134d61e300e37f) Importer(815301076,1909f56bfc062723c751e8b465ee728b)
Start importing Assets/03.Assets/PolygonFantasyKingdom/Models/SM_Prop_Animal_Head_Deer_02.fbx using Guid(35a9060c177b5f143a134d61e300e37f) Importer(815301076,1909f56bfc062723c751e8b465ee728b)  -> (artifact id: '7a1c3f3f5f1ed22ddedb27d0471e1151') in 0.035785 seconds
Number of updated asset objects reloaded before import = 0
Number of asset objects unloaded after import = 7
========================================================================
Received Import Request.
  Time since last request: 0.000017 seconds.
  path: Assets/03.Assets/PolygonFantasyKingdom/Models/SM_Prop_Animal_Head_Nameplate_01.fbx
  artifactKey: Guid(c71c1f4f249ef684ba35d3bf040eb950) Importer(815301076,1909f56bfc062723c751e8b465ee728b)
Start importing Assets/03.Assets/PolygonFantasyKingdom/Models/SM_Prop_Animal_Head_Nameplate_01.fbx using Guid(c71c1f4f249ef684ba35d3bf040eb950) Importer(815301076,1909f56bfc062723c751e8b465ee728b)  -> (artifact id: '4c0d076dec254305f733a9b943165def') in 0.027570 seconds
Number of updated asset objects reloaded before import = 0
Number of asset objects unloaded after import = 7
========================================================================
Received Import Request.
  Time since last request: 0.000022 seconds.
  path: Assets/03.Assets/PolygonFantasyKingdom/Models/Convex/SM_Prop_Animal_Head_Troll_01_Convex.asset
  artifactKey: Guid(8503f529a84a2f744a34d20ffc7e9ecb) Importer(815301076,1909f56bfc062723c751e8b465ee728b)
Start importing Assets/03.Assets/PolygonFantasyKingdom/Models/Convex/SM_Prop_Animal_Head_Troll_01_Convex.asset using Guid(8503f529a84a2f744a34d20ffc7e9ecb) Importer(815301076,1909f56bfc062723c751e8b465ee728b)  -> (artifact id: '9b4d5507581f4e85cfc80c6033cc9abb') in 0.017680 seconds
Number of updated asset objects reloaded before import = 0
Number of asset objects unloaded after import = 2
========================================================================
Received Import Request.
  Time since last request: 0.000030 seconds.
  path: Assets/03.Assets/PolygonFantasyKingdom/Models/Convex/SM_Prop_Animal_Pelt_01_Convex.asset
  artifactKey: Guid(ce528c94d9bc7714898c777b0549e220) Importer(815301076,1909f56bfc062723c751e8b465ee728b)
Start importing Assets/03.Assets/PolygonFantasyKingdom/Models/Convex/SM_Prop_Animal_Pelt_01_Convex.asset using Guid(ce528c94d9bc7714898c777b0549e220) Importer(815301076,1909f56bfc062723c751e8b465ee728b)  -> (artifact id: 'b1a97476227b7346c29666b1902d2796') in 0.020160 seconds
Number of updated asset objects reloaded before import = 0
Number of asset objects unloaded after import = 2
========================================================================
Received Import Request.
  Time since last request: 0.000022 seconds.
  path: Assets/03.Assets/PolygonFantasyKingdom/Models/Convex/SM_Prop_Animal_Pelt_02_Convex.asset
  artifactKey: Guid(6bfc3d377333c914bbf28db1b0ca406e) Importer(815301076,1909f56bfc062723c751e8b465ee728b)
Start importing Assets/03.Assets/PolygonFantasyKingdom/Models/Convex/SM_Prop_Animal_Pelt_02_Convex.asset using Guid(6bfc3d377333c914bbf28db1b0ca406e) Importer(815301076,1909f56bfc062723c751e8b465ee728b)  -> (artifact id: 'dd0afd73f4f47ea7eae470e6622d6c35') in 0.026380 seconds
Number of updated asset objects reloaded before import = 0
Number of asset objects unloaded after import = 2
========================================================================
Received Import Request.
  Time since last request: 0.000017 seconds.
  path: Assets/03.Assets/PolygonFantasyKingdom/Models/SM_Prop_Animal_Head_Lion_01.fbx
  artifactKey: Guid(4d584219c3e85b240b4670e81f4af6cf) Importer(815301076,1909f56bfc062723c751e8b465ee728b)
Start importing Assets/03.Assets/PolygonFantasyKingdom/Models/SM_Prop_Animal_Head_Lion_01.fbx using Guid(4d584219c3e85b240b4670e81f4af6cf) Importer(815301076,1909f56bfc062723c751e8b465ee728b)  -> (artifact id: 'd2833c49dbb0e133a352ff66f001a7ac') in 0.045326 seconds
Number of updated asset objects reloaded before import = 0
Number of asset objects unloaded after import = 7
========================================================================
Received Import Request.
  Time since last request: 0.000024 seconds.
  path: Assets/03.Assets/PolygonFantasyKingdom/Models/Convex/SM_Prop_Animal_Head_Elephant_01_Convex.asset
  artifactKey: Guid(a08ae5cd9e0685b4eb47377b11b8c8aa) Importer(815301076,1909f56bfc062723c751e8b465ee728b)
Start importing Assets/03.Assets/PolygonFantasyKingdom/Models/Convex/SM_Prop_Animal_Head_Elephant_01_Convex.asset using Guid(a08ae5cd9e0685b4eb47377b11b8c8aa) Importer(815301076,1909f56bfc062723c751e8b465ee728b)  -> (artifact id: 'ac4fcace29700bf5f7f3251eef75dbe3') in 0.021959 seconds
Number of updated asset objects reloaded before import = 0
Number of asset objects unloaded after import = 2
========================================================================
Received Import Request.
  Time since last request: 0.000022 seconds.
  path: Assets/03.Assets/PolygonFantasyKingdom/Models/SM_Prop_Animal_Head_Backing_06.fbx
  artifactKey: Guid(1e503a268c710d4459499f901e6bcd6d) Importer(815301076,1909f56bfc062723c751e8b465ee728b)
Start importing Assets/03.Assets/PolygonFantasyKingdom/Models/SM_Prop_Animal_Head_Backing_06.fbx using Guid(1e503a268c710d4459499f901e6bcd6d) Importer(815301076,1909f56bfc062723c751e8b465ee728b)  -> (artifact id: '5eeab28ca1680901f762adb6b4eaf10f') in 0.034216 seconds
Number of updated asset objects reloaded before import = 0
Number of asset objects unloaded after import = 7
========================================================================
Received Import Request.
  Time since last request: 0.000072 seconds.
  path: Assets/03.Assets/PolygonFantasyKingdom/Models/Convex/SM_Prop_Animal_Head_Backing_05_Convex.asset
  artifactKey: Guid(f631cb1bb467cf54ba00c9764ca1a95d) Importer(815301076,1909f56bfc062723c751e8b465ee728b)
Start importing Assets/03.Assets/PolygonFantasyKingdom/Models/Convex/SM_Prop_Animal_Head_Backing_05_Convex.asset using Guid(f631cb1bb467cf54ba00c9764ca1a95d) Importer(815301076,1909f56bfc062723c751e8b465ee728b)  -> (artifact id: '1c03a3cbb496e4a0e49416c118acd5e7') in 0.032889 seconds
Number of updated asset objects reloaded before import = 0
Number of asset objects unloaded after import = 2
========================================================================
Received Import Request.
  Time since last request: 0.000022 seconds.
  path: Assets/03.Assets/PolygonFantasyKingdom/Models/Convex/SM_Prop_Animal_Head_Backing_02_Convex.asset
  artifactKey: Guid(c7f8ca2e553d0de46bcd072da05b5458) Importer(815301076,1909f56bfc062723c751e8b465ee728b)
Start importing Assets/03.Assets/PolygonFantasyKingdom/Models/Convex/SM_Prop_Animal_Head_Backing_02_Convex.asset using Guid(c7f8ca2e553d0de46bcd072da05b5458) Importer(815301076,1909f56bfc062723c751e8b465ee728b)  -> (artifact id: '1d46ac7c10d8d9ffb6fdb5884278e179') in 0.041608 seconds
Number of updated asset objects reloaded before import = 0
Number of asset objects unloaded after import = 2
========================================================================
Received Import Request.
  Time since last request: 0.000018 seconds.
  path: Assets/03.Assets/PolygonFantasyKingdom/Models/SM_Prop_Animal_Head_PigButcher_01.fbx
  artifactKey: Guid(d79f9bde974d9cd4ab301013f0776e3c) Importer(815301076,1909f56bfc062723c751e8b465ee728b)
Start importing Assets/03.Assets/PolygonFantasyKingdom/Models/SM_Prop_Animal_Head_PigButcher_01.fbx using Guid(d79f9bde974d9cd4ab301013f0776e3c) Importer(815301076,1909f56bfc062723c751e8b465ee728b)  -> (artifact id: '3005756db8e5985168aa2a5de3634944') in 0.026673 seconds
Number of updated asset objects reloaded before import = 0
Number of asset objects unloaded after import = 7
========================================================================
Received Import Request.
  Time since last request: 0.000030 seconds.
  path: Assets/03.Assets/PolygonFantasyKingdom/Models/SM_Prop_Animal_Pelt_02.fbx
  artifactKey: Guid(1274ff096d91c5449b4a0c4b10163fdb) Importer(815301076,1909f56bfc062723c751e8b465ee728b)
Start importing Assets/03.Assets/PolygonFantasyKingdom/Models/SM_Prop_Animal_Pelt_02.fbx using Guid(1274ff096d91c5449b4a0c4b10163fdb) Importer(815301076,1909f56bfc062723c751e8b465ee728b)  -> (artifact id: 'ab0f9c3e92cd70411f1eb1d5efd1fcfe') in 0.025466 seconds
Number of updated asset objects reloaded before import = 0
Number of asset objects unloaded after import = 7
========================================================================
Received Import Request.
  Time since last request: 0.000018 seconds.
  path: Assets/03.Assets/PolygonFantasyKingdom/Models/Convex/SM_Prop_Animal_Head_Nameplate_01_Convex.asset
  artifactKey: Guid(c7927b0cb7930044393453b50860494b) Importer(815301076,1909f56bfc062723c751e8b465ee728b)
Start importing Assets/03.Assets/PolygonFantasyKingdom/Models/Convex/SM_Prop_Animal_Head_Nameplate_01_Convex.asset using Guid(c7927b0cb7930044393453b50860494b) Importer(815301076,1909f56bfc062723c751e8b465ee728b)  -> (artifact id: 'feafbeee18c4afc9bd23192731508ea0') in 0.020213 seconds
Number of updated asset objects reloaded before import = 0
Number of asset objects unloaded after import = 2
========================================================================
Received Prepare
Begin MonoManager ReloadAssembly
- Loaded All Assemblies, in  0.825 seconds
Refreshing native plugins compatible for Editor in 34.19 ms, found 13 plugins.
Native extension for WindowsStandalone target not found
Native extension for Android target not found
[Package Manager] Server::EnsureServerProcessIsRunning -- launch failed, reason: Unity was launched with the -noUpm command-line argument
[Package Manager] UpmClient::Send -- Unable to send message (not connected to UPM process).
[Package Manager] Cannot connect to Unity Package Manager local server
[MODES] ModeService[none].Initialize
[MODES] ModeService[none].LoadModes
[MODES] Loading mode Default (0) for mode-current-id-VRescape
[Package Manager] Server::EnsureServerProcessIsRunning -- launch failed, reason: Unity was launched with the -noUpm command-line argument
[Package Manager] UpmClient::Send -- Unable to send message (not connected to UPM process).
[Package Manager] Cannot connect to Unity Package Manager local server
System.Reflection.TargetInvocationException: Exception has been thrown by the target of an invocation. ---> System.NullReferenceException: Object reference not set to an instance of an object
  at Unity.XR.Oculus.OculusLoader.AssetPathToAbsolutePath (System.String assetPath) [0x00041] in .\Library\PackageCache\com.unity.xr.oculus@4.1.2\Runtime\OculusLoader.cs:287 
  at Unity.XR.Oculus.OculusLoader.EditorLoadOVRPlugin () [0x000c9] in .\Library\PackageCache\com.unity.xr.oculus@4.1.2\Runtime\OculusLoader.cs:272 
  at (wrapper managed-to-native) System.Reflection.RuntimeMethodInfo.InternalInvoke(System.Reflection.RuntimeMethodInfo,object,object[],System.Exception&)
  at System.Reflection.RuntimeMethodInfo.Invoke (System.Object obj, System.Reflection.BindingFlags invokeAttr, System.Reflection.Binder binder, System.Object[] parameters, System.Globalization.CultureInfo culture) [0x0006a] in <834b2ded5dad441e8c7a4287897d63c7>:0 
   --- End of inner exception stack trace ---
  at System.Reflection.RuntimeMethodInfo.Invoke (System.Object obj, System.Reflection.BindingFlags invokeAttr, System.Reflection.Binder binder, System.Object[] parameters, System.Globalization.CultureInfo culture) [0x00083] in <834b2ded5dad441e8c7a4287897d63c7>:0 
  at System.Reflection.MethodBase.Invoke (System.Object obj, System.Object[] parameters) [0x00000] in <834b2ded5dad441e8c7a4287897d63c7>:0 
  at UnityEditor.EditorAssemblies.ProcessInitializeOnLoadMethodAttributes () [0x000a5] in <9920ff0c944845d7b9f9a61ef1478edc>:0 
UnityEngine.StackTraceUtility:ExtractStackTrace ()
UnityEngine.DebugLogHandler:LogFormat (UnityEngine.LogType,UnityEngine.Object,string,object[])
UnityEngine.Logger:Log (UnityEngine.LogType,object)
UnityEngine.Debug:LogError (object)
UnityEditor.EditorAssemblies:ProcessInitializeOnLoadMethodAttributes ()

Mono: successfully reloaded assembly
[Package Manager] Server::EnsureServerProcessIsRunning -- launch failed, reason: Unity was launched with the -noUpm command-line argument
[Package Manager] UpmClient::Send -- Unable to send message (not connected to UPM process).
[Package Manager] Cannot connect to Unity Package Manager local server
- Finished resetting the current domain, in  2.589 seconds
Domain Reload Profiling: 3404ms
	BeginReloadAssembly (262ms)
		ExecutionOrderSort (0ms)
		DisableScriptedObjects (7ms)
		BackupInstance (0ms)
		ReleaseScriptingObjects (0ms)
		CreateAndSetChildDomain (62ms)
	RebuildCommonClasses (36ms)
	RebuildNativeTypeToScriptingClass (17ms)
	initialDomainReloadingComplete (47ms)
	LoadAllAssembliesAndSetupDomain (453ms)
		LoadAssemblies (568ms)
		RebuildTransferFunctionScriptingTraits (0ms)
		AnalyzeDomain (26ms)
			TypeCache.Refresh (8ms)
				TypeCache.ScanAssembly (0ms)
			ScanForSourceGeneratedMonoScriptInfo (0ms)
			ResolveRequiredComponents (15ms)
	FinalizeReload (2590ms)
		ReleaseScriptCaches (0ms)
		RebuildScriptCaches (0ms)
		SetupLoadedEditorAssemblies (1073ms)
			LogAssemblyErrors (0ms)
			InitializePlatformSupportModulesInManaged (63ms)
			SetLoadedEditorAssemblies (8ms)
			RefreshPlugins (0ms)
			BeforeProcessingInitializeOnLoad (206ms)
			ProcessInitializeOnLoadAttributes (619ms)
			ProcessInitializeOnLoadMethodAttributes (162ms)
			AfterProcessingInitializeOnLoad (13ms)
			EditorAssembliesLoaded (1ms)
		ExecutionOrderSort2 (0ms)
		AwakeInstancesAfterBackupRestoration (19ms)
Refreshing native plugins compatible for Editor in 67.02 ms, found 13 plugins.
Preloading 1 native plugins for Editor in 0.14 ms.
Unloading 5801 Unused Serialized files (Serialized files now loaded: 0)
Unloading 75 unused Assets / (390.0 KB). Loaded Objects now: 6341.
Memory consumption went from 198.3 MB to 197.9 MB.
Total: 7.139200 ms (FindLiveObjects: 0.656400 ms CreateObjectMapping: 0.486200 ms MarkObjects: 5.625100 ms  DeleteObjects: 0.369500 ms)

Prepare: number of updated asset objects reloaded= 0
AssetImportParameters requested are different than current active one (requested -> active):
  custom:container-demuxer-ogg: 62fdf1f143b41e24485cea50d1cbac27 -> 
  custom:video-codec-MediaFoundation-h265: 746d11721c4dcdbdad8f713fa42b33f4 -> 
  custom:video-decoder-ogg-theora: a1e56fd34408186e4bbccfd4996cb3dc -> 
  custom:framework-win-MediaFoundation: 216162199b28c13a410421893ffa2e32 -> 
  custom:CustomObjectIndexerAttribute: 756ad292c208cfabdd7b50bc23989ffe -> 
  custom:container-demuxer-webm: 4f35f7cbe854078d1ac9338744f61a02 -> 
  custom:container-muxer-webm: aa71ff27fc2769a1b78a27578f13a17b -> 
  custom:video-decoder-webm-vp8: 9c59270c3fd7afecdb556c50c9e8de78 -> 
  custom:SearchIndexIgnoredProperties: e643bd26f0fe6173181afceb89e7c659 -> 
  custom:AudioImporter_EditorPlatform: d09bf68614088b80899f8185d706f6e7 -> 
  custom:video-encoder-webm-vp8: eb34c28f22e8b96e1ab97ce403110664 -> 
  custom:audio-decoder-ogg-vorbis: bf7c407c2cedff20999df2af8eb42d56 -> 
  custom:audio-encoder-webm-vorbis: bf7c407c2cedff20999df2af8eb42d56 -> 
Editor requested this worker to shutdown with reason: Scaling down because of idle timeout
TcpMessagingSession - receive error: operation aborted. errorcode: 995, details: The I/O operation has been aborted because of either a thread exit or an application request.
AssetImportWorker is now disconnected from the server
Process exiting
Exiting without the bug reporter. Application will terminate with return code 0