Using pre-set license
Built from '2022.3/staging' branch; Version is '2022.3.11f1 (d00248457e15) revision 13632072'; Using compiler version '192829333'; Build Type 'Release'
OS: 'Windows 11  (10.0.22621) 64bit Core' Language: 'ko' Physical Memory: 32523 MB
BatchMode: 1, IsHumanControllingUs: 0, StartBugReporterOnCrash: 0, Is64bit: 1, IsPro: 1

COMMAND LINE ARGUMENTS:
C:\Program Files\Unity\Hub\Editor\2022.3.11f1\Editor\Unity.exe
-adb2
-batchMode
-noUpm
-name
AssetImportWorker2
-projectPath
D:/2.Minji/Unity/FirstPlaceVR
-logFile
Logs/AssetImportWorker2.log
-srvPort
62162
Successfully changed project path to: D:/2.Minji/Unity/FirstPlaceVR
D:/2.Minji/Unity/FirstPlaceVR
[UnityMemory] Configuration Parameters - Can be set up in boot.config
    "memorysetup-bucket-allocator-granularity=16"
    "memorysetup-bucket-allocator-bucket-count=8"
    "memorysetup-bucket-allocator-block-size=33554432"
    "memorysetup-bucket-allocator-block-count=8"
    "memorysetup-main-allocator-block-size=16777216"
    "memorysetup-thread-allocator-block-size=16777216"
    "memorysetup-gfx-main-allocator-block-size=16777216"
    "memorysetup-gfx-thread-allocator-block-size=16777216"
    "memorysetup-cache-allocator-block-size=4194304"
    "memorysetup-typetree-allocator-block-size=2097152"
    "memorysetup-profiler-bucket-allocator-granularity=16"
    "memorysetup-profiler-bucket-allocator-bucket-count=8"
    "memorysetup-profiler-bucket-allocator-block-size=33554432"
    "memorysetup-profiler-bucket-allocator-block-count=8"
    "memorysetup-profiler-allocator-block-size=16777216"
    "memorysetup-profiler-editor-allocator-block-size=1048576"
    "memorysetup-temp-allocator-size-main=16777216"
    "memorysetup-job-temp-allocator-block-size=2097152"
    "memorysetup-job-temp-allocator-block-size-background=1048576"
    "memorysetup-job-temp-allocator-reduction-small-platforms=262144"
    "memorysetup-allocator-temp-initial-block-size-main=262144"
    "memorysetup-allocator-temp-initial-block-size-worker=262144"
    "memorysetup-temp-allocator-size-background-worker=32768"
    "memorysetup-temp-allocator-size-job-worker=262144"
    "memorysetup-temp-allocator-size-preload-manager=33554432"
    "memorysetup-temp-allocator-size-nav-mesh-worker=65536"
    "memorysetup-temp-allocator-size-audio-worker=65536"
    "memorysetup-temp-allocator-size-cloud-worker=32768"
    "memorysetup-temp-allocator-size-gi-baking-worker=262144"
    "memorysetup-temp-allocator-size-gfx=262144"
Player connection [25188] Host "[IP] 121.134.187.81 [Port] 0 [Flags] 2 [Guid] 4182256705 [EditorId] 4182256705 [Version] 1048832 [Id] WindowsEditor(7,권임가족) [Debug] 1 [PackageName] WindowsEditor [ProjectName] Editor" joined multi-casting on [225.0.0.222:54997]...

Player connection [25188] Host "[IP] 121.134.187.81 [Port] 0 [Flags] 2 [Guid] 4182256705 [EditorId] 4182256705 [Version] 1048832 [Id] WindowsEditor(7,권임가족) [Debug] 1 [PackageName] WindowsEditor [ProjectName] Editor" joined alternative multi-casting on [225.0.0.222:34997]...

[Physics::Module] Initialized MultithreadedJobDispatcher with 19 workers.
Refreshing native plugins compatible for Editor in 5.52 ms, found 6 plugins.
Preloading 1 native plugins for Editor in 0.52 ms.
Initialize engine version: 2022.3.11f1 (d00248457e15)
[Subsystems] Discovering subsystems at path C:/Program Files/Unity/Hub/Editor/2022.3.11f1/Editor/Data/Resources/UnitySubsystems
[Subsystems] Discovering subsystems at path D:/2.Minji/Unity/FirstPlaceVR/Assets
GfxDevice: creating device client; threaded=0; jobified=0
Direct3D:
    Version:  Direct3D 11.0 [level 11.1]
    Renderer: NVIDIA GeForce RTX 3060 Ti (ID=0x2489)
    Vendor:   NVIDIA
    VRAM:     8038 MB
    Driver:   31.0.15.4617
Initialize mono
Mono path[0] = 'C:/Program Files/Unity/Hub/Editor/2022.3.11f1/Editor/Data/Managed'
Mono path[1] = 'C:/Program Files/Unity/Hub/Editor/2022.3.11f1/Editor/Data/MonoBleedingEdge/lib/mono/unityjit-win32'
Mono config path = 'C:/Program Files/Unity/Hub/Editor/2022.3.11f1/Editor/Data/MonoBleedingEdge/etc'
Using monoOptions --debugger-agent=transport=dt_socket,embedding=1,server=y,suspend=n,address=127.0.0.1:56432
Begin MonoManager ReloadAssembly
Registering precompiled unity dll's ...
Register platform support module: C:/Program Files/Unity/Hub/Editor/2022.3.11f1/Editor/Data/PlaybackEngines/AndroidPlayer/UnityEditor.Android.Extensions.dll
Register platform support module: C:/Program Files/Unity/Hub/Editor/2022.3.11f1/Editor/Data/PlaybackEngines/WindowsStandaloneSupport/UnityEditor.WindowsStandalone.Extensions.dll
Registered in 0.006562 seconds.
- Loaded All Assemblies, in  0.267 seconds
Native extension for WindowsStandalone target not found
Native extension for Android target not found
Mono: successfully reloaded assembly
- Finished resetting the current domain, in  0.236 seconds
Domain Reload Profiling: 502ms
	BeginReloadAssembly (87ms)
		ExecutionOrderSort (0ms)
		DisableScriptedObjects (0ms)
		BackupInstance (0ms)
		ReleaseScriptingObjects (0ms)
		CreateAndSetChildDomain (1ms)
	RebuildCommonClasses (23ms)
	RebuildNativeTypeToScriptingClass (8ms)
	initialDomainReloadingComplete (43ms)
	LoadAllAssembliesAndSetupDomain (104ms)
		LoadAssemblies (86ms)
		RebuildTransferFunctionScriptingTraits (0ms)
		AnalyzeDomain (102ms)
			TypeCache.Refresh (101ms)
				TypeCache.ScanAssembly (91ms)
			ScanForSourceGeneratedMonoScriptInfo (0ms)
			ResolveRequiredComponents (0ms)
	FinalizeReload (237ms)
		ReleaseScriptCaches (0ms)
		RebuildScriptCaches (0ms)
		SetupLoadedEditorAssemblies (195ms)
			LogAssemblyErrors (0ms)
			InitializePlatformSupportModulesInManaged (64ms)
			SetLoadedEditorAssemblies (4ms)
			RefreshPlugins (0ms)
			BeforeProcessingInitializeOnLoad (2ms)
			ProcessInitializeOnLoadAttributes (81ms)
			ProcessInitializeOnLoadMethodAttributes (44ms)
			AfterProcessingInitializeOnLoad (0ms)
			EditorAssembliesLoaded (0ms)
		ExecutionOrderSort2 (0ms)
		AwakeInstancesAfterBackupRestoration (0ms)
========================================================================
Worker process is ready to serve import requests
Begin MonoManager ReloadAssembly
- Loaded All Assemblies, in  0.488 seconds
Refreshing native plugins compatible for Editor in 2.89 ms, found 6 plugins.
Native extension for WindowsStandalone target not found
Native extension for Android target not found
Package Manager log level set to [2]
[Package Manager] Server::EnsureServerProcessIsRunning -- launch failed, reason: Unity was launched with the -noUpm command-line argument
[Package Manager] UpmClient::Send -- Unable to send message (not connected to UPM process).
[Package Manager] Cannot connect to Unity Package Manager local server
[Package Manager] Server::EnsureServerProcessIsRunning -- launch failed, reason: Unity was launched with the -noUpm command-line argument
[Package Manager] UpmClient::Send -- Unable to send message (not connected to UPM process).
[Package Manager] Cannot connect to Unity Package Manager local server
System.Reflection.TargetInvocationException: Exception has been thrown by the target of an invocation. ---> System.NullReferenceException: Object reference not set to an instance of an object
  at Unity.XR.Oculus.OculusLoader.AssetPathToAbsolutePath (System.String assetPath) [0x0003d] in .\Library\PackageCache\com.unity.xr.oculus@4.1.2\Runtime\OculusLoader.cs:287 
  at Unity.XR.Oculus.OculusLoader.EditorLoadOVRPlugin () [0x00084] in .\Library\PackageCache\com.unity.xr.oculus@4.1.2\Runtime\OculusLoader.cs:272 
  at (wrapper managed-to-native) System.Reflection.RuntimeMethodInfo.InternalInvoke(System.Reflection.RuntimeMethodInfo,object,object[],System.Exception&)
  at System.Reflection.RuntimeMethodInfo.Invoke (System.Object obj, System.Reflection.BindingFlags invokeAttr, System.Reflection.Binder binder, System.Object[] parameters, System.Globalization.CultureInfo culture) [0x0006a] in <834b2ded5dad441e8c7a4287897d63c7>:0 
   --- End of inner exception stack trace ---
  at System.Reflection.RuntimeMethodInfo.Invoke (System.Object obj, System.Reflection.BindingFlags invokeAttr, System.Reflection.Binder binder, System.Object[] parameters, System.Globalization.CultureInfo culture) [0x00083] in <834b2ded5dad441e8c7a4287897d63c7>:0 
  at System.Reflection.MethodBase.Invoke (System.Object obj, System.Object[] parameters) [0x00000] in <834b2ded5dad441e8c7a4287897d63c7>:0 
  at UnityEditor.EditorAssemblies.ProcessInitializeOnLoadMethodAttributes () [0x000a5] in <9920ff0c944845d7b9f9a61ef1478edc>:0 
UnityEngine.StackTraceUtility:ExtractStackTrace ()
UnityEngine.DebugLogHandler:LogFormat (UnityEngine.LogType,UnityEngine.Object,string,object[])
UnityEngine.Logger:Log (UnityEngine.LogType,object)
UnityEngine.Debug:LogError (object)
UnityEditor.EditorAssemblies:ProcessInitializeOnLoadMethodAttributes ()

Mono: successfully reloaded assembly
[Package Manager] Server::EnsureServerProcessIsRunning -- launch failed, reason: Unity was launched with the -noUpm command-line argument
[Package Manager] UpmClient::Send -- Unable to send message (not connected to UPM process).
[Package Manager] Cannot connect to Unity Package Manager local server
[Package Manager] Server::EnsureServerProcessIsRunning -- launch failed, reason: Unity was launched with the -noUpm command-line argument
[Package Manager] UpmClient::Send -- Unable to send message (not connected to UPM process).
[Package Manager] Cannot connect to Unity Package Manager local server
- Finished resetting the current domain, in  0.469 seconds
Domain Reload Profiling: 956ms
	BeginReloadAssembly (114ms)
		ExecutionOrderSort (0ms)
		DisableScriptedObjects (4ms)
		BackupInstance (0ms)
		ReleaseScriptingObjects (0ms)
		CreateAndSetChildDomain (15ms)
	RebuildCommonClasses (32ms)
	RebuildNativeTypeToScriptingClass (7ms)
	initialDomainReloadingComplete (29ms)
	LoadAllAssembliesAndSetupDomain (305ms)
		LoadAssemblies (225ms)
		RebuildTransferFunctionScriptingTraits (0ms)
		AnalyzeDomain (150ms)
			TypeCache.Refresh (126ms)
				TypeCache.ScanAssembly (114ms)
			ScanForSourceGeneratedMonoScriptInfo (13ms)
			ResolveRequiredComponents (10ms)
	FinalizeReload (470ms)
		ReleaseScriptCaches (0ms)
		RebuildScriptCaches (0ms)
		SetupLoadedEditorAssemblies (348ms)
			LogAssemblyErrors (0ms)
			InitializePlatformSupportModulesInManaged (18ms)
			SetLoadedEditorAssemblies (2ms)
			RefreshPlugins (0ms)
			BeforeProcessingInitializeOnLoad (45ms)
			ProcessInitializeOnLoadAttributes (257ms)
			ProcessInitializeOnLoadMethodAttributes (21ms)
			AfterProcessingInitializeOnLoad (5ms)
			EditorAssembliesLoaded (0ms)
		ExecutionOrderSort2 (0ms)
		AwakeInstancesAfterBackupRestoration (11ms)
Launched and connected shader compiler UnityShaderCompiler.exe after 0.05 seconds
Refreshing native plugins compatible for Editor in 4.55 ms, found 6 plugins.
Preloading 1 native plugins for Editor in 0.05 ms.
Unloading 4265 Unused Serialized files (Serialized files now loaded: 0)
Unloading 50 unused Assets / (58.3 KB). Loaded Objects now: 4735.
Memory consumption went from 163.8 MB to 163.7 MB.
Total: 3.712400 ms (FindLiveObjects: 0.244300 ms CreateObjectMapping: 0.165800 ms MarkObjects: 3.026300 ms  DeleteObjects: 0.275000 ms)

AssetImportParameters requested are different than current active one (requested -> active):
  custom:container-demuxer-ogg: 62fdf1f143b41e24485cea50d1cbac27 -> 
  custom:video-decoder-ogg-theora: a1e56fd34408186e4bbccfd4996cb3dc -> 
  custom:framework-win-MediaFoundation: 216162199b28c13a410421893ffa2e32 -> 
  custom:CustomObjectIndexerAttribute: 756ad292c208cfabdd7b50bc23989ffe -> 
  custom:container-demuxer-webm: 4f35f7cbe854078d1ac9338744f61a02 -> 
  custom:container-muxer-webm: aa71ff27fc2769a1b78a27578f13a17b -> 
  custom:video-decoder-webm-vp8: 9c59270c3fd7afecdb556c50c9e8de78 -> 
  custom:SearchIndexIgnoredProperties: e643bd26f0fe6173181afceb89e7c659 -> 
  custom:AudioImporter_EditorPlatform: d09bf68614088b80899f8185d706f6e7 -> 
  custom:video-encoder-webm-vp8: eb34c28f22e8b96e1ab97ce403110664 -> 
  custom:audio-decoder-ogg-vorbis: bf7c407c2cedff20999df2af8eb42d56 -> 
  custom:audio-encoder-webm-vorbis: bf7c407c2cedff20999df2af8eb42d56 -> 
========================================================================
Received Import Request.
  Time since last request: 74673.973753 seconds.
  path: Assets/03.Assets/PolygonHorrorMansion/Models/SM_Env_Plant_01.fbx
  artifactKey: Guid(0eba3c7e3d581ee4191e4eadb0d7d402) Importer(815301076,1909f56bfc062723c751e8b465ee728b)
Start importing Assets/03.Assets/PolygonHorrorMansion/Models/SM_Env_Plant_01.fbx using Guid(0eba3c7e3d581ee4191e4eadb0d7d402) Importer(815301076,1909f56bfc062723c751e8b465ee728b)  -> (artifact id: '4d3f00530223c9b269eb57439286230f') in 0.098169 seconds
Number of updated asset objects reloaded before import = 0
Number of asset objects unloaded after import = 7
========================================================================
Received Import Request.
  Time since last request: 3.587136 seconds.
  path: Assets/03.Assets/PolygonHorrorMansion/Models/SM_Env_Branch_03.fbx
  artifactKey: Guid(60f6f01724259e44bb03f51434f04934) Importer(815301076,1909f56bfc062723c751e8b465ee728b)
Start importing Assets/03.Assets/PolygonHorrorMansion/Models/SM_Env_Branch_03.fbx using Guid(60f6f01724259e44bb03f51434f04934) Importer(815301076,1909f56bfc062723c751e8b465ee728b)  -> (artifact id: '927df6192202b55794eeaefa9bab8a48') in 0.007921 seconds
Number of updated asset objects reloaded before import = 0
Number of asset objects unloaded after import = 7
========================================================================
Received Import Request.
  Time since last request: 0.000010 seconds.
  path: Assets/03.Assets/PolygonHorrorMansion/Models/SM_Env_Bushes_03.fbx
  artifactKey: Guid(e7f50e95313dbf544ac3a4ca5672475b) Importer(815301076,1909f56bfc062723c751e8b465ee728b)
Start importing Assets/03.Assets/PolygonHorrorMansion/Models/SM_Env_Bushes_03.fbx using Guid(e7f50e95313dbf544ac3a4ca5672475b) Importer(815301076,1909f56bfc062723c751e8b465ee728b)  -> (artifact id: '5b203929d58a44b5d76c4108a10ee738') in 0.019041 seconds
Number of updated asset objects reloaded before import = 0
Number of asset objects unloaded after import = 7
========================================================================
Received Import Request.
  Time since last request: 0.000017 seconds.
  path: Assets/03.Assets/PolygonHorrorMansion/Models/SM_Env_Dust_02.fbx
  artifactKey: Guid(55d50bb5363c6cd419f2cef293c39acd) Importer(815301076,1909f56bfc062723c751e8b465ee728b)
Start importing Assets/03.Assets/PolygonHorrorMansion/Models/SM_Env_Dust_02.fbx using Guid(55d50bb5363c6cd419f2cef293c39acd) Importer(815301076,1909f56bfc062723c751e8b465ee728b)  -> (artifact id: '712925c24a6e1e4ddb7d5a1d0f3e9cac') in 0.009910 seconds
Number of updated asset objects reloaded before import = 0
Number of asset objects unloaded after import = 7
========================================================================
Received Import Request.
  Time since last request: 0.000014 seconds.
  path: Assets/03.Assets/PolygonHorrorMansion/Models/SM_Env_Cloud_Ring_01.fbx
  artifactKey: Guid(2ecd69efd810f8a488d699c7a29c9247) Importer(815301076,1909f56bfc062723c751e8b465ee728b)
Start importing Assets/03.Assets/PolygonHorrorMansion/Models/SM_Env_Cloud_Ring_01.fbx using Guid(2ecd69efd810f8a488d699c7a29c9247) Importer(815301076,1909f56bfc062723c751e8b465ee728b)  -> (artifact id: 'adb2158d3e1c898f8d18d9f2bd2cc783') in 0.037957 seconds
Number of updated asset objects reloaded before import = 0
Number of asset objects unloaded after import = 7
========================================================================
Received Import Request.
  Time since last request: 0.000020 seconds.
  path: Assets/03.Assets/PolygonHorrorMansion/Models/SM_Env_Dirt_Flat_01.fbx
  artifactKey: Guid(81a8af4f3d213c345bf4c9fd7aa48c17) Importer(815301076,1909f56bfc062723c751e8b465ee728b)
Start importing Assets/03.Assets/PolygonHorrorMansion/Models/SM_Env_Dirt_Flat_01.fbx using Guid(81a8af4f3d213c345bf4c9fd7aa48c17) Importer(815301076,1909f56bfc062723c751e8b465ee728b)  -> (artifact id: '8458e1b713abb2b1b325ab91a7b3b8c2') in 0.025323 seconds
Number of updated asset objects reloaded before import = 0
Number of asset objects unloaded after import = 7
========================================================================
Received Import Request.
  Time since last request: 0.000019 seconds.
  path: Assets/03.Assets/PolygonHorrorMansion/Models/SM_Env_Dust_04.fbx
  artifactKey: Guid(0b0cd32e769d63843afbb2e4f700159a) Importer(815301076,1909f56bfc062723c751e8b465ee728b)
Start importing Assets/03.Assets/PolygonHorrorMansion/Models/SM_Env_Dust_04.fbx using Guid(0b0cd32e769d63843afbb2e4f700159a) Importer(815301076,1909f56bfc062723c751e8b465ee728b)  -> (artifact id: '716500a771dd9a8002dd605ea8a7c363') in 0.012953 seconds
Number of updated asset objects reloaded before import = 0
Number of asset objects unloaded after import = 7
========================================================================
Received Import Request.
  Time since last request: 4.007389 seconds.
  path: Assets/03.Assets/PolygonHorrorMansion/Models/SM_Env_Tree_01.fbx
  artifactKey: Guid(53e228cd151cbd14393b502637ea5a31) Importer(815301076,1909f56bfc062723c751e8b465ee728b)
Start importing Assets/03.Assets/PolygonHorrorMansion/Models/SM_Env_Tree_01.fbx using Guid(53e228cd151cbd14393b502637ea5a31) Importer(815301076,1909f56bfc062723c751e8b465ee728b)  -> (artifact id: '3483627087d4fbab08cf5751794a3348') in 0.008424 seconds
Number of updated asset objects reloaded before import = 0
Number of asset objects unloaded after import = 7
========================================================================
Received Import Request.
  Time since last request: 37.166229 seconds.
  path: Assets/03.Assets/PolygonHorrorMansion/Models/Convex/SM_Env_Bushes_03_Convex.asset
  artifactKey: Guid(2dc4373f1f01f3b44894b5cf1fb7cb4f) Importer(815301076,1909f56bfc062723c751e8b465ee728b)
Start importing Assets/03.Assets/PolygonHorrorMansion/Models/Convex/SM_Env_Bushes_03_Convex.asset using Guid(2dc4373f1f01f3b44894b5cf1fb7cb4f) Importer(815301076,1909f56bfc062723c751e8b465ee728b)  -> (artifact id: '21847e4f9103b5ac1f7d16918f12b424') in 0.008829 seconds
Number of updated asset objects reloaded before import = 0
Number of asset objects unloaded after import = 2
========================================================================
Received Import Request.
  Time since last request: 0.000011 seconds.
  path: Assets/03.Assets/PolygonFantasyKingdom/Models/SM_Env_Fern_03.fbx
  artifactKey: Guid(20b2c1c1ed403c146b47225e6e043358) Importer(815301076,1909f56bfc062723c751e8b465ee728b)
Start importing Assets/03.Assets/PolygonFantasyKingdom/Models/SM_Env_Fern_03.fbx using Guid(20b2c1c1ed403c146b47225e6e043358) Importer(815301076,1909f56bfc062723c751e8b465ee728b)  -> (artifact id: '00e0fb6ece5f53542afb3f722f96e472') in 0.101724 seconds
Number of updated asset objects reloaded before import = 0
Number of asset objects unloaded after import = 7
========================================================================
Received Import Request.
  Time since last request: 0.000013 seconds.
  path: Assets/03.Assets/PolygonFantasyKingdom/Models/SM_Env_Flowers_10.fbx
  artifactKey: Guid(00b347c213f231d4b8f28c72e3b2eba7) Importer(815301076,1909f56bfc062723c751e8b465ee728b)
Start importing Assets/03.Assets/PolygonFantasyKingdom/Models/SM_Env_Flowers_10.fbx using Guid(00b347c213f231d4b8f28c72e3b2eba7) Importer(815301076,1909f56bfc062723c751e8b465ee728b)  -> (artifact id: '650cd608c3829e1104dd8dc457f5e77d') in 0.110364 seconds
Number of updated asset objects reloaded before import = 0
Number of asset objects unloaded after import = 7
========================================================================
Received Import Request.
  Time since last request: 0.000012 seconds.
  path: Assets/03.Assets/PolygonFantasyKingdom/Models/SM_Env_Fern_02.fbx
  artifactKey: Guid(64963f87a99d2c74d9f307ec0b63c8a3) Importer(815301076,1909f56bfc062723c751e8b465ee728b)
Start importing Assets/03.Assets/PolygonFantasyKingdom/Models/SM_Env_Fern_02.fbx using Guid(64963f87a99d2c74d9f307ec0b63c8a3) Importer(815301076,1909f56bfc062723c751e8b465ee728b)  -> (artifact id: '8b52ee6c8b3e25498453b6917ca60201') in 0.016769 seconds
Number of updated asset objects reloaded before import = 0
Number of asset objects unloaded after import = 7
========================================================================
Received Import Request.
  Time since last request: 0.000018 seconds.
  path: Assets/03.Assets/PolygonFantasyKingdom/Models/SM_Env_Flowers_01.fbx
  artifactKey: Guid(8b3aac4058f5e6741a98d44ca9a900a1) Importer(815301076,1909f56bfc062723c751e8b465ee728b)
Start importing Assets/03.Assets/PolygonFantasyKingdom/Models/SM_Env_Flowers_01.fbx using Guid(8b3aac4058f5e6741a98d44ca9a900a1) Importer(815301076,1909f56bfc062723c751e8b465ee728b)  -> (artifact id: 'dc628d3b26586a4a5ca7bac2fdfbebf4') in 0.014330 seconds
Number of updated asset objects reloaded before import = 0
Number of asset objects unloaded after import = 7
========================================================================
Received Import Request.
  Time since last request: 0.000011 seconds.
  path: Assets/03.Assets/PolygonFantasyKingdom/Models/SM_Env_Flowers_05.fbx
  artifactKey: Guid(8b2a2f1b7247b9f4b99fbe284b8e3d05) Importer(815301076,1909f56bfc062723c751e8b465ee728b)
Start importing Assets/03.Assets/PolygonFantasyKingdom/Models/SM_Env_Flowers_05.fbx using Guid(8b2a2f1b7247b9f4b99fbe284b8e3d05) Importer(815301076,1909f56bfc062723c751e8b465ee728b)  -> (artifact id: '330dacd69db07451e55a6b2967ad573b') in 0.010538 seconds
Number of updated asset objects reloaded before import = 0
Number of asset objects unloaded after import = 7
========================================================================
Received Import Request.
  Time since last request: 1.764405 seconds.
  path: Assets/03.Assets/PolygonFantasyKingdom/Models/SM_Env_Flowers_14.fbx
  artifactKey: Guid(7c01450354fb8d94391fa7ed96b826a1) Importer(815301076,1909f56bfc062723c751e8b465ee728b)
Start importing Assets/03.Assets/PolygonFantasyKingdom/Models/SM_Env_Flowers_14.fbx using Guid(7c01450354fb8d94391fa7ed96b826a1) Importer(815301076,1909f56bfc062723c751e8b465ee728b)  -> (artifact id: '39a50aa21f5f1e89fed41e9754f529a3') in 0.010036 seconds
Number of updated asset objects reloaded before import = 0
Number of asset objects unloaded after import = 7
========================================================================
Received Import Request.
  Time since last request: 0.000017 seconds.
  path: Assets/03.Assets/PolygonFantasyKingdom/Models/SM_Env_Flowers_18.fbx
  artifactKey: Guid(fcf18cc7db6d2de4e8d4ea915dd23c9c) Importer(815301076,1909f56bfc062723c751e8b465ee728b)
Start importing Assets/03.Assets/PolygonFantasyKingdom/Models/SM_Env_Flowers_18.fbx using Guid(fcf18cc7db6d2de4e8d4ea915dd23c9c) Importer(815301076,1909f56bfc062723c751e8b465ee728b)  -> (artifact id: '9a55ad022d4d580e89a92dd0f910094c') in 0.012743 seconds
Number of updated asset objects reloaded before import = 0
Number of asset objects unloaded after import = 7
========================================================================
Received Import Request.
  Time since last request: 0.374038 seconds.
  path: Assets/03.Assets/PolygonFantasyKingdom/Models/SM_Env_Flowers_20.fbx
  artifactKey: Guid(18fd64982be43174c812fadd27ad0659) Importer(815301076,1909f56bfc062723c751e8b465ee728b)
Start importing Assets/03.Assets/PolygonFantasyKingdom/Models/SM_Env_Flowers_20.fbx using Guid(18fd64982be43174c812fadd27ad0659) Importer(815301076,1909f56bfc062723c751e8b465ee728b)  -> (artifact id: '93a5893cba84af97cda382ec4de0162e') in 0.010672 seconds
Number of updated asset objects reloaded before import = 0
Number of asset objects unloaded after import = 7
========================================================================
Received Import Request.
  Time since last request: 0.000011 seconds.
  path: Assets/03.Assets/PolygonFantasyKingdom/Models/SM_Env_Fountain_01.fbx
  artifactKey: Guid(a381c424633807a4ab2b2bef03eb43e6) Importer(815301076,1909f56bfc062723c751e8b465ee728b)
Start importing Assets/03.Assets/PolygonFantasyKingdom/Models/SM_Env_Fountain_01.fbx using Guid(a381c424633807a4ab2b2bef03eb43e6) Importer(815301076,1909f56bfc062723c751e8b465ee728b)  -> (artifact id: '606c6c1d08b873c7e6d3047e5320d34c') in 0.054488 seconds
Number of updated asset objects reloaded before import = 0
Number of asset objects unloaded after import = 27
========================================================================
Received Import Request.
  Time since last request: 11.626559 seconds.
  path: Assets/03.Assets/PolygonHorrorMansion/Textures/Alts/PolygonHorror_Texture_01_A.png
  artifactKey: Guid(ad2462185548fec429a89a13ef0b2fca) Importer(815301076,1909f56bfc062723c751e8b465ee728b)
Start importing Assets/03.Assets/PolygonHorrorMansion/Textures/Alts/PolygonHorror_Texture_01_A.png using Guid(ad2462185548fec429a89a13ef0b2fca) Importer(815301076,1909f56bfc062723c751e8b465ee728b)  -> (artifact id: '4862fafc0e9b0dd817e2f58cd5ac08a8') in 0.063469 seconds
Number of updated asset objects reloaded before import = 0
Number of asset objects unloaded after import = 2
========================================================================
Received Import Request.
  Time since last request: 0.000012 seconds.
  path: Assets/03.Assets/PolygonHorrorMansion/Textures/Alts/PolygonHorror_Texture_03_B.png
  artifactKey: Guid(fe4004abdb796cf4fb2519328051e389) Importer(815301076,1909f56bfc062723c751e8b465ee728b)
Start importing Assets/03.Assets/PolygonHorrorMansion/Textures/Alts/PolygonHorror_Texture_03_B.png using Guid(fe4004abdb796cf4fb2519328051e389) Importer(815301076,1909f56bfc062723c751e8b465ee728b)  -> (artifact id: '0de0e90cbf163f6fab8dde54e30c5e4f') in 0.045456 seconds
Number of updated asset objects reloaded before import = 0
Number of asset objects unloaded after import = 2
========================================================================
Received Import Request.
  Time since last request: 0.000013 seconds.
  path: Assets/03.Assets/PolygonHorrorMansion/Textures/Alts/PolygonHorror_Texture_04_A.png
  artifactKey: Guid(082745e426af9044c9031cf1c84e9333) Importer(815301076,1909f56bfc062723c751e8b465ee728b)
Start importing Assets/03.Assets/PolygonHorrorMansion/Textures/Alts/PolygonHorror_Texture_04_A.png using Guid(082745e426af9044c9031cf1c84e9333) Importer(815301076,1909f56bfc062723c751e8b465ee728b)  -> (artifact id: 'af8c0ac0e862bdaaea5e4cbb0bd15531') in 0.035920 seconds
Number of updated asset objects reloaded before import = 0
Number of asset objects unloaded after import = 2
========================================================================
Received Import Request.
  Time since last request: 0.000020 seconds.
  path: Assets/03.Assets/PolygonHorrorMansion/Textures/Alts/PolygonHorror_Texture_02_B.png
  artifactKey: Guid(b58d781206a8d254fa75855bffe4b6cd) Importer(815301076,1909f56bfc062723c751e8b465ee728b)
Start importing Assets/03.Assets/PolygonHorrorMansion/Textures/Alts/PolygonHorror_Texture_02_B.png using Guid(b58d781206a8d254fa75855bffe4b6cd) Importer(815301076,1909f56bfc062723c751e8b465ee728b)  -> (artifact id: '91aca033426ea4ba9eaccd2371d2b22f') in 0.040776 seconds
Number of updated asset objects reloaded before import = 0
Number of asset objects unloaded after import = 2
========================================================================
Received Import Request.
  Time since last request: 0.000015 seconds.
  path: Assets/03.Assets/PolygonHorrorMansion/Textures/Alts/PolygonHorror_Texture_04_B.png
  artifactKey: Guid(3b9c9553e0a462142b97915026dd15bb) Importer(815301076,1909f56bfc062723c751e8b465ee728b)
Start importing Assets/03.Assets/PolygonHorrorMansion/Textures/Alts/PolygonHorror_Texture_04_B.png using Guid(3b9c9553e0a462142b97915026dd15bb) Importer(815301076,1909f56bfc062723c751e8b465ee728b)  -> (artifact id: '0b2cb2b8d8831adf1355e8245d77655e') in 0.044082 seconds
Number of updated asset objects reloaded before import = 0
Number of asset objects unloaded after import = 2
Editor requested this worker to shutdown with reason: Scaling down because of idle timeout
TcpMessagingSession - receive error: operation aborted. errorcode: 995, details: 스레드 종료 또는 응용 프로그램 요청 때문에 I/O 작업이 취소되었습니다.
AssetImportWorker is now disconnected from the server
Process exiting
Exiting without the bug reporter. Application will terminate with return code 0