Using pre-set license
Built from '2022.3/staging' branch; Version is '2022.3.11f1 (d00248457e15) revision 13632072'; Using compiler version '192829333'; Build Type 'Release'
OS: 'Windows 11  (10.0.22621) 64bit Core' Language: 'en' Physical Memory: 16057 MB
BatchMode: 1, IsHumanControllingUs: 0, StartBugReporterOnCrash: 0, Is64bit: 1, IsPro: 1

COMMAND LINE ARGUMENTS:
C:\Program Files\Unity 2022.3.11f1\Editor\Unity.exe
-adb2
-batchMode
-noUpm
-name
AssetImportWorker0
-projectPath
C:/GITHUB/FirstPlaceVR
-logFile
Logs/AssetImportWorker0.log
-srvPort
53117
Successfully changed project path to: C:/GITHUB/FirstPlaceVR
C:/GITHUB/FirstPlaceVR
[UnityMemory] Configuration Parameters - Can be set up in boot.config
    "memorysetup-bucket-allocator-granularity=16"
    "memorysetup-bucket-allocator-bucket-count=8"
    "memorysetup-bucket-allocator-block-size=33554432"
    "memorysetup-bucket-allocator-block-count=8"
    "memorysetup-main-allocator-block-size=16777216"
    "memorysetup-thread-allocator-block-size=16777216"
    "memorysetup-gfx-main-allocator-block-size=16777216"
    "memorysetup-gfx-thread-allocator-block-size=16777216"
    "memorysetup-cache-allocator-block-size=4194304"
    "memorysetup-typetree-allocator-block-size=2097152"
    "memorysetup-profiler-bucket-allocator-granularity=16"
    "memorysetup-profiler-bucket-allocator-bucket-count=8"
    "memorysetup-profiler-bucket-allocator-block-size=33554432"
    "memorysetup-profiler-bucket-allocator-block-count=8"
    "memorysetup-profiler-allocator-block-size=16777216"
    "memorysetup-profiler-editor-allocator-block-size=1048576"
    "memorysetup-temp-allocator-size-main=16777216"
    "memorysetup-job-temp-allocator-block-size=2097152"
    "memorysetup-job-temp-allocator-block-size-background=1048576"
    "memorysetup-job-temp-allocator-reduction-small-platforms=262144"
    "memorysetup-allocator-temp-initial-block-size-main=262144"
    "memorysetup-allocator-temp-initial-block-size-worker=262144"
    "memorysetup-temp-allocator-size-background-worker=32768"
    "memorysetup-temp-allocator-size-job-worker=262144"
    "memorysetup-temp-allocator-size-preload-manager=33554432"
    "memorysetup-temp-allocator-size-nav-mesh-worker=65536"
    "memorysetup-temp-allocator-size-audio-worker=65536"
    "memorysetup-temp-allocator-size-cloud-worker=32768"
    "memorysetup-temp-allocator-size-gi-baking-worker=262144"
    "memorysetup-temp-allocator-size-gfx=262144"
Player connection [2912] Host "[IP] 192.168.109.1 [Port] 0 [Flags] 2 [Guid] 2071598068 [EditorId] 2071598068 [Version] 1048832 [Id] WindowsEditor(7,Spiegel) [Debug] 1 [PackageName] WindowsEditor [ProjectName] Editor" joined multi-casting on [225.0.0.222:54997]...

Player connection [2912] Host "[IP] 192.168.109.1 [Port] 0 [Flags] 2 [Guid] 2071598068 [EditorId] 2071598068 [Version] 1048832 [Id] WindowsEditor(7,Spiegel) [Debug] 1 [PackageName] WindowsEditor [ProjectName] Editor" joined alternative multi-casting on [225.0.0.222:34997]...

[Physics::Module] Initialized MultithreadedJobDispatcher with 7 workers.
Refreshing native plugins compatible for Editor in 53.09 ms, found 13 plugins.
Preloading 1 native plugins for Editor in 0.69 ms.
Initialize engine version: 2022.3.11f1 (d00248457e15)
[Subsystems] Discovering subsystems at path C:/Program Files/Unity 2022.3.11f1/Editor/Data/Resources/UnitySubsystems
[Subsystems] Discovering subsystems at path C:/GITHUB/FirstPlaceVR/Assets
GfxDevice: creating device client; threaded=0; jobified=0
Direct3D:
    Version:  Direct3D 11.0 [level 11.1]
    Renderer: NVIDIA GeForce MX450 (ID=0x1f97)
    Vendor:   NVIDIA
    VRAM:     1920 MB
    Driver:   31.0.15.4617
Initialize mono
Mono path[0] = 'C:/Program Files/Unity 2022.3.11f1/Editor/Data/Managed'
Mono path[1] = 'C:/Program Files/Unity 2022.3.11f1/Editor/Data/MonoBleedingEdge/lib/mono/unityjit-win32'
Mono config path = 'C:/Program Files/Unity 2022.3.11f1/Editor/Data/MonoBleedingEdge/etc'
Using monoOptions --debugger-agent=transport=dt_socket,embedding=1,server=y,suspend=n,address=127.0.0.1:56484
Begin MonoManager ReloadAssembly
Registering precompiled unity dll's ...
Register platform support module: C:/Program Files/Unity 2022.3.11f1/Editor/Data/PlaybackEngines/AndroidPlayer/UnityEditor.Android.Extensions.dll
Register platform support module: C:/Program Files/Unity 2022.3.11f1/Editor/Data/PlaybackEngines/WindowsStandaloneSupport/UnityEditor.WindowsStandalone.Extensions.dll
Registered in 0.014561 seconds.
- Loaded All Assemblies, in  0.549 seconds
Native extension for WindowsStandalone target not found
Native extension for Android target not found
Android Extension - Scanning For ADB Devices 883 ms
Mono: successfully reloaded assembly
- Finished resetting the current domain, in  1.328 seconds
Domain Reload Profiling: 1872ms
	BeginReloadAssembly (179ms)
		ExecutionOrderSort (0ms)
		DisableScriptedObjects (0ms)
		BackupInstance (0ms)
		ReleaseScriptingObjects (0ms)
		CreateAndSetChildDomain (1ms)
	RebuildCommonClasses (49ms)
	RebuildNativeTypeToScriptingClass (18ms)
	initialDomainReloadingComplete (93ms)
	LoadAllAssembliesAndSetupDomain (206ms)
		LoadAssemblies (175ms)
		RebuildTransferFunctionScriptingTraits (0ms)
		AnalyzeDomain (201ms)
			TypeCache.Refresh (199ms)
				TypeCache.ScanAssembly (183ms)
			ScanForSourceGeneratedMonoScriptInfo (0ms)
			ResolveRequiredComponents (1ms)
	FinalizeReload (1328ms)
		ReleaseScriptCaches (0ms)
		RebuildScriptCaches (0ms)
		SetupLoadedEditorAssemblies (1249ms)
			LogAssemblyErrors (0ms)
			InitializePlatformSupportModulesInManaged (1047ms)
			SetLoadedEditorAssemblies (5ms)
			RefreshPlugins (0ms)
			BeforeProcessingInitializeOnLoad (3ms)
			ProcessInitializeOnLoadAttributes (118ms)
			ProcessInitializeOnLoadMethodAttributes (76ms)
			AfterProcessingInitializeOnLoad (0ms)
			EditorAssembliesLoaded (0ms)
		ExecutionOrderSort2 (0ms)
		AwakeInstancesAfterBackupRestoration (0ms)
========================================================================
Worker process is ready to serve import requests
Begin MonoManager ReloadAssembly
- Loaded All Assemblies, in  1.293 seconds
Refreshing native plugins compatible for Editor in 36.85 ms, found 13 plugins.
Native extension for WindowsStandalone target not found
Native extension for Android target not found
Package Manager log level set to [2]
[Package Manager] Server::EnsureServerProcessIsRunning -- launch failed, reason: Unity was launched with the -noUpm command-line argument
[Package Manager] UpmClient::Send -- Unable to send message (not connected to UPM process).
[Package Manager] Cannot connect to Unity Package Manager local server
[Package Manager] Server::EnsureServerProcessIsRunning -- launch failed, reason: Unity was launched with the -noUpm command-line argument
[Package Manager] UpmClient::Send -- Unable to send message (not connected to UPM process).
[Package Manager] Cannot connect to Unity Package Manager local server
System.Reflection.TargetInvocationException: Exception has been thrown by the target of an invocation. ---> System.NullReferenceException: Object reference not set to an instance of an object
  at Unity.XR.Oculus.OculusLoader.AssetPathToAbsolutePath (System.String assetPath) [0x00041] in .\Library\PackageCache\com.unity.xr.oculus@4.1.2\Runtime\OculusLoader.cs:287 
  at Unity.XR.Oculus.OculusLoader.EditorLoadOVRPlugin () [0x000c9] in .\Library\PackageCache\com.unity.xr.oculus@4.1.2\Runtime\OculusLoader.cs:272 
  at (wrapper managed-to-native) System.Reflection.RuntimeMethodInfo.InternalInvoke(System.Reflection.RuntimeMethodInfo,object,object[],System.Exception&)
  at System.Reflection.RuntimeMethodInfo.Invoke (System.Object obj, System.Reflection.BindingFlags invokeAttr, System.Reflection.Binder binder, System.Object[] parameters, System.Globalization.CultureInfo culture) [0x0006a] in <834b2ded5dad441e8c7a4287897d63c7>:0 
   --- End of inner exception stack trace ---
  at System.Reflection.RuntimeMethodInfo.Invoke (System.Object obj, System.Reflection.BindingFlags invokeAttr, System.Reflection.Binder binder, System.Object[] parameters, System.Globalization.CultureInfo culture) [0x00083] in <834b2ded5dad441e8c7a4287897d63c7>:0 
  at System.Reflection.MethodBase.Invoke (System.Object obj, System.Object[] parameters) [0x00000] in <834b2ded5dad441e8c7a4287897d63c7>:0 
  at UnityEditor.EditorAssemblies.ProcessInitializeOnLoadMethodAttributes () [0x000a5] in <9920ff0c944845d7b9f9a61ef1478edc>:0 
UnityEngine.StackTraceUtility:ExtractStackTrace ()
UnityEngine.DebugLogHandler:LogFormat (UnityEngine.LogType,UnityEngine.Object,string,object[])
UnityEngine.Logger:Log (UnityEngine.LogType,object)
UnityEngine.Debug:LogError (object)
UnityEditor.EditorAssemblies:ProcessInitializeOnLoadMethodAttributes ()

Mono: successfully reloaded assembly
[Package Manager] Server::EnsureServerProcessIsRunning -- launch failed, reason: Unity was launched with the -noUpm command-line argument
[Package Manager] UpmClient::Send -- Unable to send message (not connected to UPM process).
[Package Manager] Cannot connect to Unity Package Manager local server
[Package Manager] Server::EnsureServerProcessIsRunning -- launch failed, reason: Unity was launched with the -noUpm command-line argument
[Package Manager] UpmClient::Send -- Unable to send message (not connected to UPM process).
[Package Manager] Cannot connect to Unity Package Manager local server
- Finished resetting the current domain, in  1.364 seconds
Domain Reload Profiling: 2647ms
	BeginReloadAssembly (266ms)
		ExecutionOrderSort (0ms)
		DisableScriptedObjects (8ms)
		BackupInstance (0ms)
		ReleaseScriptingObjects (0ms)
		CreateAndSetChildDomain (33ms)
	RebuildCommonClasses (51ms)
	RebuildNativeTypeToScriptingClass (16ms)
	initialDomainReloadingComplete (66ms)
	LoadAllAssembliesAndSetupDomain (884ms)
		LoadAssemblies (720ms)
		RebuildTransferFunctionScriptingTraits (0ms)
		AnalyzeDomain (345ms)
			TypeCache.Refresh (291ms)
				TypeCache.ScanAssembly (261ms)
			ScanForSourceGeneratedMonoScriptInfo (43ms)
			ResolveRequiredComponents (9ms)
	FinalizeReload (1364ms)
		ReleaseScriptCaches (0ms)
		RebuildScriptCaches (0ms)
		SetupLoadedEditorAssemblies (1083ms)
			LogAssemblyErrors (0ms)
			InitializePlatformSupportModulesInManaged (43ms)
			SetLoadedEditorAssemblies (9ms)
			RefreshPlugins (0ms)
			BeforeProcessingInitializeOnLoad (223ms)
			ProcessInitializeOnLoadAttributes (635ms)
			ProcessInitializeOnLoadMethodAttributes (154ms)
			AfterProcessingInitializeOnLoad (17ms)
			EditorAssembliesLoaded (0ms)
		ExecutionOrderSort2 (0ms)
		AwakeInstancesAfterBackupRestoration (19ms)
Launched and connected shader compiler UnityShaderCompiler.exe after 0.13 seconds
Refreshing native plugins compatible for Editor in 48.21 ms, found 13 plugins.
Preloading 1 native plugins for Editor in 0.16 ms.
Unloading 5568 Unused Serialized files (Serialized files now loaded: 0)
Unloading 97 unused Assets / (364.9 KB). Loaded Objects now: 6041.
Memory consumption went from 195.9 MB to 195.6 MB.
Total: 8.975100 ms (FindLiveObjects: 0.709600 ms CreateObjectMapping: 0.532900 ms MarkObjects: 7.432400 ms  DeleteObjects: 0.298200 ms)

AssetImportParameters requested are different than current active one (requested -> active):
  custom:container-demuxer-ogg: 62fdf1f143b41e24485cea50d1cbac27 -> 
  custom:video-codec-MediaFoundation-h265: 746d11721c4dcdbdad8f713fa42b33f4 -> 
  custom:video-decoder-ogg-theora: a1e56fd34408186e4bbccfd4996cb3dc -> 
  custom:framework-win-MediaFoundation: 216162199b28c13a410421893ffa2e32 -> 
  custom:CustomObjectIndexerAttribute: 756ad292c208cfabdd7b50bc23989ffe -> 
  custom:container-demuxer-webm: 4f35f7cbe854078d1ac9338744f61a02 -> 
  custom:container-muxer-webm: aa71ff27fc2769a1b78a27578f13a17b -> 
  custom:video-decoder-webm-vp8: 9c59270c3fd7afecdb556c50c9e8de78 -> 
  custom:SearchIndexIgnoredProperties: e643bd26f0fe6173181afceb89e7c659 -> 
  custom:AudioImporter_EditorPlatform: d09bf68614088b80899f8185d706f6e7 -> 
  custom:video-encoder-webm-vp8: eb34c28f22e8b96e1ab97ce403110664 -> 
  custom:audio-decoder-ogg-vorbis: bf7c407c2cedff20999df2af8eb42d56 -> 
  custom:audio-encoder-webm-vorbis: bf7c407c2cedff20999df2af8eb42d56 -> 
========================================================================
Received Import Request.
  Time since last request: 97554.777222 seconds.
  path: Assets/03.Assets/PolygonFantasyKingdom/Prefabs/Items/SM_Item_Billy_01.prefab
  artifactKey: Guid(c97da80c677426244af3ee48345e5fc8) Importer(815301076,1909f56bfc062723c751e8b465ee728b)
Start importing Assets/03.Assets/PolygonFantasyKingdom/Prefabs/Items/SM_Item_Billy_01.prefab using Guid(c97da80c677426244af3ee48345e5fc8) Importer(815301076,1909f56bfc062723c751e8b465ee728b)  -> (artifact id: '6a3f8046aa2ec8d10179cb0d7ed0c0ac') in 0.403781 seconds
Number of updated asset objects reloaded before import = 0
Number of asset objects unloaded after import = 23
========================================================================
Received Import Request.
  Time since last request: 0.000044 seconds.
  path: Assets/03.Assets/PolygonFantasyKingdom/Prefabs/Items/SM_Item_Wargames_Piece_01.prefab
  artifactKey: Guid(a8ad9d0b3e3a03047a661ea9ac8663d1) Importer(815301076,1909f56bfc062723c751e8b465ee728b)
Start importing Assets/03.Assets/PolygonFantasyKingdom/Prefabs/Items/SM_Item_Wargames_Piece_01.prefab using Guid(a8ad9d0b3e3a03047a661ea9ac8663d1) Importer(815301076,1909f56bfc062723c751e8b465ee728b)  -> (artifact id: '4dab44f88ba67fd6a89b337c15fad397') in 0.147715 seconds
Number of updated asset objects reloaded before import = 0
Number of asset objects unloaded after import = 13
========================================================================
Received Import Request.
  Time since last request: 0.000024 seconds.
  path: Assets/03.Assets/PolygonFantasyKingdom/Prefabs/Items/SM_Item_Ink_Well_01.prefab
  artifactKey: Guid(3fcc6abc1249326499ba9589b6286e6d) Importer(815301076,1909f56bfc062723c751e8b465ee728b)
Start importing Assets/03.Assets/PolygonFantasyKingdom/Prefabs/Items/SM_Item_Ink_Well_01.prefab using Guid(3fcc6abc1249326499ba9589b6286e6d) Importer(815301076,1909f56bfc062723c751e8b465ee728b)  -> (artifact id: 'a806f86f3338e439a9019b1e59181a6b') in 0.077454 seconds
Number of updated asset objects reloaded before import = 0
Number of asset objects unloaded after import = 13
========================================================================
Received Import Request.
  Time since last request: 0.000025 seconds.
  path: Assets/03.Assets/PolygonFantasyKingdom/Prefabs/Items/SM_Item_Shovel_01.prefab
  artifactKey: Guid(b2ad62f900eb38649aa9211f2e42ccd4) Importer(815301076,1909f56bfc062723c751e8b465ee728b)
Start importing Assets/03.Assets/PolygonFantasyKingdom/Prefabs/Items/SM_Item_Shovel_01.prefab using Guid(b2ad62f900eb38649aa9211f2e42ccd4) Importer(815301076,1909f56bfc062723c751e8b465ee728b)  -> (artifact id: '64003120c1839e258b5a598223ed5010') in 0.088412 seconds
Number of updated asset objects reloaded before import = 0
Number of asset objects unloaded after import = 13
========================================================================
Received Import Request.
  Time since last request: 0.000047 seconds.
  path: Assets/03.Assets/PolygonFantasyKingdom/Prefabs/Items/SM_Item_Meat_Fish_03.prefab
  artifactKey: Guid(3f90ff60d339a9a4ba53ef44d0c60f25) Importer(815301076,1909f56bfc062723c751e8b465ee728b)
Start importing Assets/03.Assets/PolygonFantasyKingdom/Prefabs/Items/SM_Item_Meat_Fish_03.prefab using Guid(3f90ff60d339a9a4ba53ef44d0c60f25) Importer(815301076,1909f56bfc062723c751e8b465ee728b)  -> (artifact id: 'fa0686a9b5d6e79a7feab3f2d720d0d2') in 0.083101 seconds
Number of updated asset objects reloaded before import = 0
Number of asset objects unloaded after import = 13
========================================================================
Received Import Request.
  Time since last request: 0.000030 seconds.
  path: Assets/03.Assets/PolygonFantasyKingdom/Prefabs/Items/SM_Item_Mushroom_01.prefab
  artifactKey: Guid(d562eea78297bf240a53a4b383ff11a1) Importer(815301076,1909f56bfc062723c751e8b465ee728b)
Start importing Assets/03.Assets/PolygonFantasyKingdom/Prefabs/Items/SM_Item_Mushroom_01.prefab using Guid(d562eea78297bf240a53a4b383ff11a1) Importer(815301076,1909f56bfc062723c751e8b465ee728b)  -> (artifact id: 'd3da70eeae0a718da86b3ef7239e7247') in 0.082168 seconds
Number of updated asset objects reloaded before import = 0
Number of asset objects unloaded after import = 13
========================================================================
Received Import Request.
  Time since last request: 0.000028 seconds.
  path: Assets/03.Assets/PolygonFantasyKingdom/Prefabs/Items/SM_Item_Cup_01.prefab
  artifactKey: Guid(4e32d754d965b85458985b592fb1bb7c) Importer(815301076,1909f56bfc062723c751e8b465ee728b)
Start importing Assets/03.Assets/PolygonFantasyKingdom/Prefabs/Items/SM_Item_Cup_01.prefab using Guid(4e32d754d965b85458985b592fb1bb7c) Importer(815301076,1909f56bfc062723c751e8b465ee728b)  -> (artifact id: '7d87b97b2917f371ac77ad068c60afbd') in 0.079276 seconds
Number of updated asset objects reloaded before import = 0
Number of asset objects unloaded after import = 13
========================================================================
Received Import Request.
  Time since last request: 0.000032 seconds.
  path: Assets/03.Assets/PolygonFantasyKingdom/Prefabs/Items/SM_Item_Wargames_Plotting_Rod_02.prefab
  artifactKey: Guid(3e2483ed61630414cabea68824a0a92f) Importer(815301076,1909f56bfc062723c751e8b465ee728b)
Start importing Assets/03.Assets/PolygonFantasyKingdom/Prefabs/Items/SM_Item_Wargames_Plotting_Rod_02.prefab using Guid(3e2483ed61630414cabea68824a0a92f) Importer(815301076,1909f56bfc062723c751e8b465ee728b)  -> (artifact id: '856b64abffa34bce407dac85158e0de2') in 0.079560 seconds
Number of updated asset objects reloaded before import = 0
Number of asset objects unloaded after import = 13
========================================================================
Received Import Request.
  Time since last request: 0.000073 seconds.
  path: Assets/03.Assets/PolygonFantasyKingdom/Prefabs/Items/SM_Item_Wargames_Piece_14.prefab
  artifactKey: Guid(bfcda610ce402a247928edec924ac153) Importer(815301076,1909f56bfc062723c751e8b465ee728b)
Start importing Assets/03.Assets/PolygonFantasyKingdom/Prefabs/Items/SM_Item_Wargames_Piece_14.prefab using Guid(bfcda610ce402a247928edec924ac153) Importer(815301076,1909f56bfc062723c751e8b465ee728b)  -> (artifact id: 'cdceaba81919b8e3fb85d73cd2c6bf68') in 0.077256 seconds
Number of updated asset objects reloaded before import = 0
Number of asset objects unloaded after import = 13
========================================================================
Received Import Request.
  Time since last request: 0.000026 seconds.
  path: Assets/03.Assets/PolygonFantasyKingdom/Prefabs/Items/SM_Item_Bracelet_03.prefab
  artifactKey: Guid(e157ea115304ff74fa385f864fe34da7) Importer(815301076,1909f56bfc062723c751e8b465ee728b)
Start importing Assets/03.Assets/PolygonFantasyKingdom/Prefabs/Items/SM_Item_Bracelet_03.prefab using Guid(e157ea115304ff74fa385f864fe34da7) Importer(815301076,1909f56bfc062723c751e8b465ee728b)  -> (artifact id: '22c64fd933d668c2e7091b0f9a1747e0') in 0.080212 seconds
Number of updated asset objects reloaded before import = 0
Number of asset objects unloaded after import = 13
========================================================================
Received Import Request.
  Time since last request: 0.000024 seconds.
  path: Assets/03.Assets/PolygonFantasyKingdom/Prefabs/Items/SM_Item_Wargames_Piece_07.prefab
  artifactKey: Guid(cf524a6a28af1d545a13e43220892116) Importer(815301076,1909f56bfc062723c751e8b465ee728b)
Start importing Assets/03.Assets/PolygonFantasyKingdom/Prefabs/Items/SM_Item_Wargames_Piece_07.prefab using Guid(cf524a6a28af1d545a13e43220892116) Importer(815301076,1909f56bfc062723c751e8b465ee728b)  -> (artifact id: '609792b19ae6a4bec5d2a2c1545b1217') in 0.087971 seconds
Number of updated asset objects reloaded before import = 0
Number of asset objects unloaded after import = 13
========================================================================
Received Import Request.
  Time since last request: 0.000029 seconds.
  path: Assets/03.Assets/PolygonFantasyKingdom/Prefabs/Items/SM_Item_Bird_Skull_01.prefab
  artifactKey: Guid(8c89531008235d242b4377d7af9361fe) Importer(815301076,1909f56bfc062723c751e8b465ee728b)
Start importing Assets/03.Assets/PolygonFantasyKingdom/Prefabs/Items/SM_Item_Bird_Skull_01.prefab using Guid(8c89531008235d242b4377d7af9361fe) Importer(815301076,1909f56bfc062723c751e8b465ee728b)  -> (artifact id: '287740f202a3c022ef501d0819af1eeb') in 0.071638 seconds
Number of updated asset objects reloaded before import = 0
Number of asset objects unloaded after import = 13
========================================================================
Received Import Request.
  Time since last request: 0.000040 seconds.
  path: Assets/03.Assets/PolygonFantasyKingdom/Prefabs/Items/SM_Item_Ingot_Gold_01.prefab
  artifactKey: Guid(0441eac5e332cb0458385fc6d722f5b0) Importer(815301076,1909f56bfc062723c751e8b465ee728b)
Start importing Assets/03.Assets/PolygonFantasyKingdom/Prefabs/Items/SM_Item_Ingot_Gold_01.prefab using Guid(0441eac5e332cb0458385fc6d722f5b0) Importer(815301076,1909f56bfc062723c751e8b465ee728b)  -> (artifact id: 'f98f167602d78f5357c635fece39a434') in 0.063346 seconds
Number of updated asset objects reloaded before import = 0
Number of asset objects unloaded after import = 13
========================================================================
Received Import Request.
  Time since last request: 0.000029 seconds.
  path: Assets/03.Assets/PolygonFantasyKingdom/Prefabs/Items/SM_Item_Wargames_Piece_06.prefab
  artifactKey: Guid(ce7b617f14440864da77f1b1dc5040c5) Importer(815301076,1909f56bfc062723c751e8b465ee728b)
Start importing Assets/03.Assets/PolygonFantasyKingdom/Prefabs/Items/SM_Item_Wargames_Piece_06.prefab using Guid(ce7b617f14440864da77f1b1dc5040c5) Importer(815301076,1909f56bfc062723c751e8b465ee728b)  -> (artifact id: 'e41007628d6e3b283fe39aec214e9acc') in 0.073277 seconds
Number of updated asset objects reloaded before import = 0
Number of asset objects unloaded after import = 13
========================================================================
Received Import Request.
  Time since last request: 0.000019 seconds.
  path: Assets/03.Assets/PolygonFantasyKingdom/Prefabs/Items/SM_Item_Cauldron_02.prefab
  artifactKey: Guid(5744558aaac6da34f98d51fbab52728e) Importer(815301076,1909f56bfc062723c751e8b465ee728b)
Start importing Assets/03.Assets/PolygonFantasyKingdom/Prefabs/Items/SM_Item_Cauldron_02.prefab using Guid(5744558aaac6da34f98d51fbab52728e) Importer(815301076,1909f56bfc062723c751e8b465ee728b)  -> (artifact id: 'b55efaced9541b7745cad13e033d1519') in 0.071401 seconds
Number of updated asset objects reloaded before import = 0
Number of asset objects unloaded after import = 18
========================================================================
Received Import Request.
  Time since last request: 0.000028 seconds.
  path: Assets/03.Assets/PolygonFantasyKingdom/Prefabs/Items/SM_Item_Crystal_02.prefab
  artifactKey: Guid(8e689ab21e9fe3c418fc37aa0f651f30) Importer(815301076,1909f56bfc062723c751e8b465ee728b)
Start importing Assets/03.Assets/PolygonFantasyKingdom/Prefabs/Items/SM_Item_Crystal_02.prefab using Guid(8e689ab21e9fe3c418fc37aa0f651f30) Importer(815301076,1909f56bfc062723c751e8b465ee728b)  -> (artifact id: 'b9a7ecfe4ec9427f4fa45b5d6d681b69') in 0.074338 seconds
Number of updated asset objects reloaded before import = 0
Number of asset objects unloaded after import = 13
========================================================================
Received Import Request.
  Time since last request: 0.000029 seconds.
  path: Assets/03.Assets/PolygonFantasyKingdom/Prefabs/Items/SM_Item_Meat_Chicken_Cooked_01.prefab
  artifactKey: Guid(59f9183f9bbf9614fb5f270b5374fa19) Importer(815301076,1909f56bfc062723c751e8b465ee728b)
Start importing Assets/03.Assets/PolygonFantasyKingdom/Prefabs/Items/SM_Item_Meat_Chicken_Cooked_01.prefab using Guid(59f9183f9bbf9614fb5f270b5374fa19) Importer(815301076,1909f56bfc062723c751e8b465ee728b)  -> (artifact id: 'fb61c17e4c6e87119892b2a70eeeb4d2') in 0.069794 seconds
Number of updated asset objects reloaded before import = 0
Number of asset objects unloaded after import = 13
========================================================================
Received Import Request.
  Time since last request: 0.000025 seconds.
  path: Assets/03.Assets/PolygonFantasyKingdom/Prefabs/Items/SM_Item_Meat_Hook_02.prefab
  artifactKey: Guid(a54528766faa6064cb509e98c33292d9) Importer(815301076,1909f56bfc062723c751e8b465ee728b)
Start importing Assets/03.Assets/PolygonFantasyKingdom/Prefabs/Items/SM_Item_Meat_Hook_02.prefab using Guid(a54528766faa6064cb509e98c33292d9) Importer(815301076,1909f56bfc062723c751e8b465ee728b)  -> (artifact id: 'ba44125783daeb414301d99cd942c163') in 0.065918 seconds
Number of updated asset objects reloaded before import = 0
Number of asset objects unloaded after import = 13
========================================================================
Received Import Request.
  Time since last request: 0.000027 seconds.
  path: Assets/03.Assets/PolygonFantasyKingdom/Prefabs/Items/SM_Item_Wire_Brush_01.prefab
  artifactKey: Guid(29d7a903774c0074ebf87914727b87d8) Importer(815301076,1909f56bfc062723c751e8b465ee728b)
Start importing Assets/03.Assets/PolygonFantasyKingdom/Prefabs/Items/SM_Item_Wire_Brush_01.prefab using Guid(29d7a903774c0074ebf87914727b87d8) Importer(815301076,1909f56bfc062723c751e8b465ee728b)  -> (artifact id: '0349b413d37e81bb22775b35fd1cb1af') in 0.063692 seconds
Number of updated asset objects reloaded before import = 0
Number of asset objects unloaded after import = 13
========================================================================
Received Import Request.
  Time since last request: 0.000030 seconds.
  path: Assets/03.Assets/PolygonFantasyKingdom/Prefabs/Items/SM_Item_Wargames_Piece_08.prefab
  artifactKey: Guid(2f4f8ce8fa6d67446b36d2c71e188a1f) Importer(815301076,1909f56bfc062723c751e8b465ee728b)
Start importing Assets/03.Assets/PolygonFantasyKingdom/Prefabs/Items/SM_Item_Wargames_Piece_08.prefab using Guid(2f4f8ce8fa6d67446b36d2c71e188a1f) Importer(815301076,1909f56bfc062723c751e8b465ee728b)  -> (artifact id: 'ecc9ffa7277e746e7e0480ec6295978a') in 0.068827 seconds
Number of updated asset objects reloaded before import = 0
Number of asset objects unloaded after import = 13
========================================================================
Received Import Request.
  Time since last request: 0.000037 seconds.
  path: Assets/03.Assets/PolygonFantasyKingdom/Prefabs/Items/SM_Item_Wargames_Piece_10.prefab
  artifactKey: Guid(ac25e0f5e6fa2e546a99e1e1d1918816) Importer(815301076,1909f56bfc062723c751e8b465ee728b)
Start importing Assets/03.Assets/PolygonFantasyKingdom/Prefabs/Items/SM_Item_Wargames_Piece_10.prefab using Guid(ac25e0f5e6fa2e546a99e1e1d1918816) Importer(815301076,1909f56bfc062723c751e8b465ee728b)  -> (artifact id: '75c589562d5c5a4d72f25951b78909cf') in 0.074981 seconds
Number of updated asset objects reloaded before import = 0
Number of asset objects unloaded after import = 13
========================================================================
Received Import Request.
  Time since last request: 0.000043 seconds.
  path: Assets/03.Assets/PolygonFantasyKingdom/Prefabs/Items/SM_Item_Hammer_07.prefab
  artifactKey: Guid(8716d87ba15b1d2428b8b3dfd5a6885d) Importer(815301076,1909f56bfc062723c751e8b465ee728b)
Start importing Assets/03.Assets/PolygonFantasyKingdom/Prefabs/Items/SM_Item_Hammer_07.prefab using Guid(8716d87ba15b1d2428b8b3dfd5a6885d) Importer(815301076,1909f56bfc062723c751e8b465ee728b)  -> (artifact id: 'e96f290ee2e9f8dc447b96cd73f34602') in 0.076617 seconds
Number of updated asset objects reloaded before import = 0
Number of asset objects unloaded after import = 13
========================================================================
Received Import Request.
  Time since last request: 0.000029 seconds.
  path: Assets/03.Assets/PolygonFantasyKingdom/Prefabs/Items/SM_Item_Potato_01.prefab
  artifactKey: Guid(eba6e37b69a6f22449bd2668fcecd0ea) Importer(815301076,1909f56bfc062723c751e8b465ee728b)
Start importing Assets/03.Assets/PolygonFantasyKingdom/Prefabs/Items/SM_Item_Potato_01.prefab using Guid(eba6e37b69a6f22449bd2668fcecd0ea) Importer(815301076,1909f56bfc062723c751e8b465ee728b)  -> (artifact id: 'd4c074b7f0527057dffded2979e0d131') in 0.074386 seconds
Number of updated asset objects reloaded before import = 0
Number of asset objects unloaded after import = 13
========================================================================
Received Import Request.
  Time since last request: 0.000025 seconds.
  path: Assets/03.Assets/PolygonFantasyKingdom/Prefabs/Items/SM_Item_Eye_01.prefab
  artifactKey: Guid(897b168fdccbe6b4e946b586a10b00e7) Importer(815301076,1909f56bfc062723c751e8b465ee728b)
Start importing Assets/03.Assets/PolygonFantasyKingdom/Prefabs/Items/SM_Item_Eye_01.prefab using Guid(897b168fdccbe6b4e946b586a10b00e7) Importer(815301076,1909f56bfc062723c751e8b465ee728b)  -> (artifact id: '80047211e321fc0702a609e8387a48a3') in 0.060211 seconds
Number of updated asset objects reloaded before import = 0
Number of asset objects unloaded after import = 13
========================================================================
Received Import Request.
  Time since last request: 0.000039 seconds.
  path: Assets/03.Assets/PolygonFantasyKingdom/Prefabs/Items/SM_Item_Wargames_Piece_04.prefab
  artifactKey: Guid(b2e5984ae8fbcc44fafd7bd28959450f) Importer(815301076,1909f56bfc062723c751e8b465ee728b)
Start importing Assets/03.Assets/PolygonFantasyKingdom/Prefabs/Items/SM_Item_Wargames_Piece_04.prefab using Guid(b2e5984ae8fbcc44fafd7bd28959450f) Importer(815301076,1909f56bfc062723c751e8b465ee728b)  -> (artifact id: '66fc73abbb9ba436e6a05532e5f02ba0') in 0.075584 seconds
Number of updated asset objects reloaded before import = 0
Number of asset objects unloaded after import = 13
========================================================================
Received Import Request.
  Time since last request: 0.000026 seconds.
  path: Assets/03.Assets/PolygonFantasyKingdom/Prefabs/Items/SM_Item_Meat_Steak_Raw_01.prefab
  artifactKey: Guid(4c36be13aadd36c4f81a3efe8d156d00) Importer(815301076,1909f56bfc062723c751e8b465ee728b)
Start importing Assets/03.Assets/PolygonFantasyKingdom/Prefabs/Items/SM_Item_Meat_Steak_Raw_01.prefab using Guid(4c36be13aadd36c4f81a3efe8d156d00) Importer(815301076,1909f56bfc062723c751e8b465ee728b)  -> (artifact id: '6b1c7aef13773505e771f74eca2ee2e8') in 0.069473 seconds
Number of updated asset objects reloaded before import = 0
Number of asset objects unloaded after import = 13
========================================================================
Received Import Request.
  Time since last request: 0.000074 seconds.
  path: Assets/03.Assets/PolygonFantasyKingdom/Prefabs/Items/SM_Item_Mushroom_03.prefab
  artifactKey: Guid(630fbb799468c5e40be1a991396fbf8c) Importer(815301076,1909f56bfc062723c751e8b465ee728b)
Start importing Assets/03.Assets/PolygonFantasyKingdom/Prefabs/Items/SM_Item_Mushroom_03.prefab using Guid(630fbb799468c5e40be1a991396fbf8c) Importer(815301076,1909f56bfc062723c751e8b465ee728b)  -> (artifact id: '43dce3dd4a7b4971ff90f143f3b9e0bb') in 0.065991 seconds
Number of updated asset objects reloaded before import = 0
Number of asset objects unloaded after import = 13
========================================================================
Received Import Request.
  Time since last request: 0.000029 seconds.
  path: Assets/03.Assets/PolygonFantasyKingdom/Prefabs/Items/SM_Item_Dish_05.prefab
  artifactKey: Guid(6dfd77ad534077245b6f1a2565c3c558) Importer(815301076,1909f56bfc062723c751e8b465ee728b)
Start importing Assets/03.Assets/PolygonFantasyKingdom/Prefabs/Items/SM_Item_Dish_05.prefab using Guid(6dfd77ad534077245b6f1a2565c3c558) Importer(815301076,1909f56bfc062723c751e8b465ee728b)  -> (artifact id: '77ee1b2985ae08766a1d94dd32eabe42') in 0.072433 seconds
Number of updated asset objects reloaded before import = 0
Number of asset objects unloaded after import = 13
========================================================================
Received Import Request.
  Time since last request: 0.000038 seconds.
  path: Assets/03.Assets/PolygonFantasyKingdom/Prefabs/Items/SM_Item_Bottle_03.prefab
  artifactKey: Guid(60ce4300e1864f8429f22cb43afc07c2) Importer(815301076,1909f56bfc062723c751e8b465ee728b)
Start importing Assets/03.Assets/PolygonFantasyKingdom/Prefabs/Items/SM_Item_Bottle_03.prefab using Guid(60ce4300e1864f8429f22cb43afc07c2) Importer(815301076,1909f56bfc062723c751e8b465ee728b)  -> (artifact id: '3430c332470858e0b792109e4f13fa12') in 0.064656 seconds
Number of updated asset objects reloaded before import = 0
Number of asset objects unloaded after import = 13
========================================================================
Received Import Request.
  Time since last request: 0.000027 seconds.
  path: Assets/03.Assets/PolygonFantasyKingdom/Prefabs/Items/SM_Item_Kettle_01.prefab
  artifactKey: Guid(49b08fa060fc10547b87a0dff4e2c8f1) Importer(815301076,1909f56bfc062723c751e8b465ee728b)
Start importing Assets/03.Assets/PolygonFantasyKingdom/Prefabs/Items/SM_Item_Kettle_01.prefab using Guid(49b08fa060fc10547b87a0dff4e2c8f1) Importer(815301076,1909f56bfc062723c751e8b465ee728b)  -> (artifact id: 'f57c6691d968847f3f562ee0123d1aee') in 0.065430 seconds
Number of updated asset objects reloaded before import = 0
Number of asset objects unloaded after import = 13
========================================================================
Received Import Request.
  Time since last request: 0.000027 seconds.
  path: Assets/03.Assets/PolygonFantasyKingdom/Prefabs/Items/SM_Item_Bottle_Clear_Labelled_01.prefab
  artifactKey: Guid(d73717876cc227c46883b723b20eb580) Importer(815301076,1909f56bfc062723c751e8b465ee728b)
Start importing Assets/03.Assets/PolygonFantasyKingdom/Prefabs/Items/SM_Item_Bottle_Clear_Labelled_01.prefab using Guid(d73717876cc227c46883b723b20eb580) Importer(815301076,1909f56bfc062723c751e8b465ee728b)  -> (artifact id: 'a542d44fb0fdffc117c746c6b863204f') in 0.068216 seconds
Number of updated asset objects reloaded before import = 0
Number of asset objects unloaded after import = 19
========================================================================
Received Import Request.
  Time since last request: 0.000029 seconds.
  path: Assets/03.Assets/PolygonFantasyKingdom/Prefabs/Items/SM_Item_Jug_04.prefab
  artifactKey: Guid(b0ae268489c21934ca3e1b42fa3be0c5) Importer(815301076,1909f56bfc062723c751e8b465ee728b)
Start importing Assets/03.Assets/PolygonFantasyKingdom/Prefabs/Items/SM_Item_Jug_04.prefab using Guid(b0ae268489c21934ca3e1b42fa3be0c5) Importer(815301076,1909f56bfc062723c751e8b465ee728b)  -> (artifact id: '7b6b0fb7a3533de5d6cd055d8fcd8402') in 0.064616 seconds
Number of updated asset objects reloaded before import = 0
Number of asset objects unloaded after import = 13
========================================================================
Received Import Request.
  Time since last request: 0.000030 seconds.
  path: Assets/03.Assets/PolygonFantasyKingdom/Prefabs/Items/SM_Item_Pie_04.prefab
  artifactKey: Guid(1bede1038e1bcad4782cbd94796561a7) Importer(815301076,1909f56bfc062723c751e8b465ee728b)
Start importing Assets/03.Assets/PolygonFantasyKingdom/Prefabs/Items/SM_Item_Pie_04.prefab using Guid(1bede1038e1bcad4782cbd94796561a7) Importer(815301076,1909f56bfc062723c751e8b465ee728b)  -> (artifact id: 'f524eff150abc38a3f3d687d0d87ecde') in 0.073893 seconds
Number of updated asset objects reloaded before import = 0
Number of asset objects unloaded after import = 13
========================================================================
Received Import Request.
  Time since last request: 0.000073 seconds.
  path: Assets/03.Assets/PolygonFantasyKingdom/Prefabs/Items/SM_Item_Necklace_Flat_04.prefab
  artifactKey: Guid(4ae4d0cb2b77c194bb5c39df04d7c966) Importer(815301076,1909f56bfc062723c751e8b465ee728b)
Start importing Assets/03.Assets/PolygonFantasyKingdom/Prefabs/Items/SM_Item_Necklace_Flat_04.prefab using Guid(4ae4d0cb2b77c194bb5c39df04d7c966) Importer(815301076,1909f56bfc062723c751e8b465ee728b)  -> (artifact id: 'fcb26cc11f873b6dd665e27488689739') in 0.076969 seconds
Number of updated asset objects reloaded before import = 0
Number of asset objects unloaded after import = 13
========================================================================
Received Import Request.
  Time since last request: 0.000029 seconds.
  path: Assets/03.Assets/PolygonFantasyKingdom/Prefabs/Items/SM_Item_Dish_06.prefab
  artifactKey: Guid(8cacf042a18de3d4eb9542b197a208de) Importer(815301076,1909f56bfc062723c751e8b465ee728b)
Start importing Assets/03.Assets/PolygonFantasyKingdom/Prefabs/Items/SM_Item_Dish_06.prefab using Guid(8cacf042a18de3d4eb9542b197a208de) Importer(815301076,1909f56bfc062723c751e8b465ee728b)  -> (artifact id: 'd5acb04cd40ec16f351fe7e58353404b') in 0.065654 seconds
Number of updated asset objects reloaded before import = 0
Number of asset objects unloaded after import = 13
========================================================================
Received Import Request.
  Time since last request: 0.000029 seconds.
  path: Assets/03.Assets/PolygonFantasyKingdom/Prefabs/Items/SM_Item_Ladle_03.prefab
  artifactKey: Guid(adbe8c9516c1b164a96e5b1a83f109c1) Importer(815301076,1909f56bfc062723c751e8b465ee728b)
Start importing Assets/03.Assets/PolygonFantasyKingdom/Prefabs/Items/SM_Item_Ladle_03.prefab using Guid(adbe8c9516c1b164a96e5b1a83f109c1) Importer(815301076,1909f56bfc062723c751e8b465ee728b)  -> (artifact id: '4239bcdba8f5be6b15c4b936785f5e84') in 0.069213 seconds
Number of updated asset objects reloaded before import = 0
Number of asset objects unloaded after import = 13
========================================================================
Received Import Request.
  Time since last request: 0.000038 seconds.
  path: Assets/03.Assets/PolygonFantasyKingdom/Prefabs/Items/SM_Item_Jug_02.prefab
  artifactKey: Guid(7804395cb4234e848996ad620d5d9d23) Importer(815301076,1909f56bfc062723c751e8b465ee728b)
Start importing Assets/03.Assets/PolygonFantasyKingdom/Prefabs/Items/SM_Item_Jug_02.prefab using Guid(7804395cb4234e848996ad620d5d9d23) Importer(815301076,1909f56bfc062723c751e8b465ee728b)  -> (artifact id: 'b3db2702ed7e464d254ef7161204d7e1') in 0.071481 seconds
Number of updated asset objects reloaded before import = 0
Number of asset objects unloaded after import = 18
========================================================================
Received Import Request.
  Time since last request: 0.000024 seconds.
  path: Assets/03.Assets/PolygonFantasyKingdom/Prefabs/Items/SM_Item_Wargames_Piece_15.prefab
  artifactKey: Guid(3b6fbee2ae248b34f99fd5158c282e59) Importer(815301076,1909f56bfc062723c751e8b465ee728b)
Start importing Assets/03.Assets/PolygonFantasyKingdom/Prefabs/Items/SM_Item_Wargames_Piece_15.prefab using Guid(3b6fbee2ae248b34f99fd5158c282e59) Importer(815301076,1909f56bfc062723c751e8b465ee728b)  -> (artifact id: 'c60b600a9e76dc5c115a80c9eaff2c71') in 0.083709 seconds
Number of updated asset objects reloaded before import = 0
Number of asset objects unloaded after import = 13
========================================================================
Received Import Request.
  Time since last request: 0.000034 seconds.
  path: Assets/03.Assets/PolygonFantasyKingdom/Prefabs/Items/SM_Item_Mortar_01.prefab
  artifactKey: Guid(8ae62e78df9a87d4da207e0311a44823) Importer(815301076,1909f56bfc062723c751e8b465ee728b)
Start importing Assets/03.Assets/PolygonFantasyKingdom/Prefabs/Items/SM_Item_Mortar_01.prefab using Guid(8ae62e78df9a87d4da207e0311a44823) Importer(815301076,1909f56bfc062723c751e8b465ee728b)  -> (artifact id: '0b6aebca5e9f8de5590cc3d3f9dc9dc9') in 0.079616 seconds
Number of updated asset objects reloaded before import = 0
Number of asset objects unloaded after import = 13
========================================================================
Received Import Request.
  Time since last request: 0.000028 seconds.
  path: Assets/03.Assets/PolygonFantasyKingdom/Prefabs/Items/SM_Item_Book_03.prefab
  artifactKey: Guid(2ae1d9d2d0f873845aa93b546c38bf86) Importer(815301076,1909f56bfc062723c751e8b465ee728b)
Start importing Assets/03.Assets/PolygonFantasyKingdom/Prefabs/Items/SM_Item_Book_03.prefab using Guid(2ae1d9d2d0f873845aa93b546c38bf86) Importer(815301076,1909f56bfc062723c751e8b465ee728b)  -> (artifact id: '87a8a817590d7e4685e0a88c3bf59ba4') in 0.084833 seconds
Number of updated asset objects reloaded before import = 0
Number of asset objects unloaded after import = 13
========================================================================
Received Import Request.
  Time since last request: 0.000029 seconds.
  path: Assets/03.Assets/PolygonFantasyKingdom/Prefabs/Items/SM_Item_Butterfly_Wing_01.prefab
  artifactKey: Guid(11d00b7c2d347384cb2d04e4655e59d6) Importer(815301076,1909f56bfc062723c751e8b465ee728b)
Start importing Assets/03.Assets/PolygonFantasyKingdom/Prefabs/Items/SM_Item_Butterfly_Wing_01.prefab using Guid(11d00b7c2d347384cb2d04e4655e59d6) Importer(815301076,1909f56bfc062723c751e8b465ee728b)  -> (artifact id: '98b5cb361d673add682b9ebe90fbed7b') in 0.081997 seconds
Number of updated asset objects reloaded before import = 0
Number of asset objects unloaded after import = 13
========================================================================
Received Import Request.
  Time since last request: 0.000026 seconds.
  path: Assets/03.Assets/PolygonFantasyKingdom/Prefabs/Items/SM_Item_Parchment_02.prefab
  artifactKey: Guid(64fcd3bea2d72d5479bc795ee7bf0bc2) Importer(815301076,1909f56bfc062723c751e8b465ee728b)
Start importing Assets/03.Assets/PolygonFantasyKingdom/Prefabs/Items/SM_Item_Parchment_02.prefab using Guid(64fcd3bea2d72d5479bc795ee7bf0bc2) Importer(815301076,1909f56bfc062723c751e8b465ee728b)  -> (artifact id: '89c455357170ae9564e12460bf83e8f4') in 0.069602 seconds
Number of updated asset objects reloaded before import = 0
Number of asset objects unloaded after import = 13
========================================================================
Received Import Request.
  Time since last request: 0.000032 seconds.
  path: Assets/03.Assets/PolygonFantasyKingdom/Prefabs/Items/SM_Item_Bottle_12.prefab
  artifactKey: Guid(0309a9f2366cb584085e6d76b65b29c7) Importer(815301076,1909f56bfc062723c751e8b465ee728b)
Start importing Assets/03.Assets/PolygonFantasyKingdom/Prefabs/Items/SM_Item_Bottle_12.prefab using Guid(0309a9f2366cb584085e6d76b65b29c7) Importer(815301076,1909f56bfc062723c751e8b465ee728b)  -> (artifact id: '2cfe62a6cabc26ead2e5ec43ee381fce') in 0.074222 seconds
Number of updated asset objects reloaded before import = 0
Number of asset objects unloaded after import = 13
========================================================================
Received Import Request.
  Time since last request: 0.000021 seconds.
  path: Assets/03.Assets/PolygonFantasyKingdom/Prefabs/Items/SM_Item_Bread_03.prefab
  artifactKey: Guid(213c408ffdbfe484d8b36f94a6d9d80e) Importer(815301076,1909f56bfc062723c751e8b465ee728b)
Start importing Assets/03.Assets/PolygonFantasyKingdom/Prefabs/Items/SM_Item_Bread_03.prefab using Guid(213c408ffdbfe484d8b36f94a6d9d80e) Importer(815301076,1909f56bfc062723c751e8b465ee728b)  -> (artifact id: 'a4bd3cc227e03ea36affddb27b922e30') in 0.067542 seconds
Number of updated asset objects reloaded before import = 0
Number of asset objects unloaded after import = 13
========================================================================
Received Import Request.
  Time since last request: 0.000037 seconds.
  path: Assets/03.Assets/PolygonFantasyKingdom/Prefabs/Items/SM_Item_Bowl_01.prefab
  artifactKey: Guid(13457bba34e7e0f44b21467400fa6f00) Importer(815301076,1909f56bfc062723c751e8b465ee728b)
Start importing Assets/03.Assets/PolygonFantasyKingdom/Prefabs/Items/SM_Item_Bowl_01.prefab using Guid(13457bba34e7e0f44b21467400fa6f00) Importer(815301076,1909f56bfc062723c751e8b465ee728b)  -> (artifact id: 'c5823a10532587afb9036efac6241bf4') in 0.062642 seconds
Number of updated asset objects reloaded before import = 0
Number of asset objects unloaded after import = 13
========================================================================
Received Import Request.
  Time since last request: 0.000024 seconds.
  path: Assets/03.Assets/PolygonFantasyKingdom/Prefabs/Items/SM_Item_Bottle_14.prefab
  artifactKey: Guid(fdefbd8b5a4224d46ae3c02becbf7f38) Importer(815301076,1909f56bfc062723c751e8b465ee728b)
Start importing Assets/03.Assets/PolygonFantasyKingdom/Prefabs/Items/SM_Item_Bottle_14.prefab using Guid(fdefbd8b5a4224d46ae3c02becbf7f38) Importer(815301076,1909f56bfc062723c751e8b465ee728b)  -> (artifact id: '3184ad3be096ea0e1842a7bb69010cd1') in 0.071672 seconds
Number of updated asset objects reloaded before import = 0
Number of asset objects unloaded after import = 13
========================================================================
Received Import Request.
  Time since last request: 0.000048 seconds.
  path: Assets/03.Assets/PolygonFantasyKingdom/Prefabs/Items/SM_Item_Food_Bowl_02.prefab
  artifactKey: Guid(910a294197b01f54a85f5a11df555db0) Importer(815301076,1909f56bfc062723c751e8b465ee728b)
Start importing Assets/03.Assets/PolygonFantasyKingdom/Prefabs/Items/SM_Item_Food_Bowl_02.prefab using Guid(910a294197b01f54a85f5a11df555db0) Importer(815301076,1909f56bfc062723c751e8b465ee728b)  -> (artifact id: '7adb3e27d7973a635aec16e4594eb3a6') in 0.061526 seconds
Number of updated asset objects reloaded before import = 0
Number of asset objects unloaded after import = 13
========================================================================
Received Import Request.
  Time since last request: 0.000028 seconds.
  path: Assets/03.Assets/PolygonFantasyKingdom/Prefabs/Items/SM_Item_Cheese_Wheel_04.prefab
  artifactKey: Guid(d8c4cfb9414b64f448e50b33b47307d2) Importer(815301076,1909f56bfc062723c751e8b465ee728b)
Start importing Assets/03.Assets/PolygonFantasyKingdom/Prefabs/Items/SM_Item_Cheese_Wheel_04.prefab using Guid(d8c4cfb9414b64f448e50b33b47307d2) Importer(815301076,1909f56bfc062723c751e8b465ee728b)  -> (artifact id: '8a742b4ddb2b3756c3be428ad274dd51') in 0.074597 seconds
Number of updated asset objects reloaded before import = 0
Number of asset objects unloaded after import = 13
========================================================================
Received Import Request.
  Time since last request: 0.000047 seconds.
  path: Assets/03.Assets/PolygonFantasyKingdom/Prefabs/Items/SM_Item_Wargames_Piece_12.prefab
  artifactKey: Guid(19fbb4f731bdde24db002e3b10608739) Importer(815301076,1909f56bfc062723c751e8b465ee728b)
Start importing Assets/03.Assets/PolygonFantasyKingdom/Prefabs/Items/SM_Item_Wargames_Piece_12.prefab using Guid(19fbb4f731bdde24db002e3b10608739) Importer(815301076,1909f56bfc062723c751e8b465ee728b)  -> (artifact id: 'e8c4c5661d2e506dd28c7f2de7e92a56') in 0.067390 seconds
Number of updated asset objects reloaded before import = 0
Number of asset objects unloaded after import = 13
========================================================================
Received Import Request.
  Time since last request: 0.000027 seconds.
  path: Assets/03.Assets/PolygonFantasyKingdom/Prefabs/Items/SM_Item_Pan_01.prefab
  artifactKey: Guid(a3795559e6365d94097c980d83346445) Importer(815301076,1909f56bfc062723c751e8b465ee728b)
Start importing Assets/03.Assets/PolygonFantasyKingdom/Prefabs/Items/SM_Item_Pan_01.prefab using Guid(a3795559e6365d94097c980d83346445) Importer(815301076,1909f56bfc062723c751e8b465ee728b)  -> (artifact id: '3b00a2b8c926ab96f16bb086b89d07ee') in 0.069460 seconds
Number of updated asset objects reloaded before import = 0
Number of asset objects unloaded after import = 18
========================================================================
Received Import Request.
  Time since last request: 0.000024 seconds.
  path: Assets/03.Assets/PolygonFantasyKingdom/Prefabs/Items/SM_Item_File_01.prefab
  artifactKey: Guid(aafe0d4f2eaf7b64c94cac9581507028) Importer(815301076,1909f56bfc062723c751e8b465ee728b)
Start importing Assets/03.Assets/PolygonFantasyKingdom/Prefabs/Items/SM_Item_File_01.prefab using Guid(aafe0d4f2eaf7b64c94cac9581507028) Importer(815301076,1909f56bfc062723c751e8b465ee728b)  -> (artifact id: '04c54f9fdab2009b4d566f94ac4eb4d5') in 0.077156 seconds
Number of updated asset objects reloaded before import = 0
Number of asset objects unloaded after import = 13
========================================================================
Received Import Request.
  Time since last request: 0.000074 seconds.
  path: Assets/03.Assets/PolygonFantasyKingdom/Prefabs/Items/SM_Item_Feather_01.prefab
  artifactKey: Guid(0ba06f884c42ef44792dd48d0d22c42f) Importer(815301076,1909f56bfc062723c751e8b465ee728b)
Start importing Assets/03.Assets/PolygonFantasyKingdom/Prefabs/Items/SM_Item_Feather_01.prefab using Guid(0ba06f884c42ef44792dd48d0d22c42f) Importer(815301076,1909f56bfc062723c751e8b465ee728b)  -> (artifact id: 'dae94f65ec6cbffbaebfa6240bb08540') in 0.074600 seconds
Number of updated asset objects reloaded before import = 0
Number of asset objects unloaded after import = 13
========================================================================
Received Import Request.
  Time since last request: 0.000034 seconds.
  path: Assets/03.Assets/PolygonFantasyKingdom/Prefabs/Items/SM_Item_Feather_Pen_02.prefab
  artifactKey: Guid(0559ce9955f837049b21a63228570590) Importer(815301076,1909f56bfc062723c751e8b465ee728b)
Start importing Assets/03.Assets/PolygonFantasyKingdom/Prefabs/Items/SM_Item_Feather_Pen_02.prefab using Guid(0559ce9955f837049b21a63228570590) Importer(815301076,1909f56bfc062723c751e8b465ee728b)  -> (artifact id: '783aa69411bd0452016eedb9e09d02ea') in 0.070398 seconds
Number of updated asset objects reloaded before import = 0
Number of asset objects unloaded after import = 13
========================================================================
Received Import Request.
  Time since last request: 0.000027 seconds.
  path: Assets/03.Assets/PolygonFantasyKingdom/Prefabs/Items/SM_Item_Coat_Hanger_01.prefab
  artifactKey: Guid(740d1cf192220d3419056b380be0a5ee) Importer(815301076,1909f56bfc062723c751e8b465ee728b)
Start importing Assets/03.Assets/PolygonFantasyKingdom/Prefabs/Items/SM_Item_Coat_Hanger_01.prefab using Guid(740d1cf192220d3419056b380be0a5ee) Importer(815301076,1909f56bfc062723c751e8b465ee728b)  -> (artifact id: 'eb33cf62e71da174fe40ba82efeaa368') in 0.080180 seconds
Number of updated asset objects reloaded before import = 0
Number of asset objects unloaded after import = 13
========================================================================
Received Import Request.
  Time since last request: 0.000018 seconds.
  path: Assets/03.Assets/PolygonFantasyKingdom/Prefabs/Items/SM_Item_Ladle_01.prefab
  artifactKey: Guid(f403a2fabf83edc4c9feb0117cfc4278) Importer(815301076,1909f56bfc062723c751e8b465ee728b)
Start importing Assets/03.Assets/PolygonFantasyKingdom/Prefabs/Items/SM_Item_Ladle_01.prefab using Guid(f403a2fabf83edc4c9feb0117cfc4278) Importer(815301076,1909f56bfc062723c751e8b465ee728b)  -> (artifact id: '77f42240530f26052a08e312d5e9a787') in 0.078671 seconds
Number of updated asset objects reloaded before import = 0
Number of asset objects unloaded after import = 13
========================================================================
Received Import Request.
  Time since last request: 0.000026 seconds.
  path: Assets/03.Assets/PolygonFantasyKingdom/Prefabs/Items/SM_Item_Meat_Steak_Cooked_01.prefab
  artifactKey: Guid(73497d70e2673e64a96a7c211cb5710f) Importer(815301076,1909f56bfc062723c751e8b465ee728b)
Start importing Assets/03.Assets/PolygonFantasyKingdom/Prefabs/Items/SM_Item_Meat_Steak_Cooked_01.prefab using Guid(73497d70e2673e64a96a7c211cb5710f) Importer(815301076,1909f56bfc062723c751e8b465ee728b)  -> (artifact id: 'd2813abecefb9bab020b7c4b18e57504') in 0.075108 seconds
Number of updated asset objects reloaded before import = 0
Number of asset objects unloaded after import = 13
========================================================================
Received Import Request.
  Time since last request: 0.000065 seconds.
  path: Assets/03.Assets/PolygonFantasyKingdom/Prefabs/Items/SM_Item_Ring_07.prefab
  artifactKey: Guid(325e038c8b1d10b45822620927776798) Importer(815301076,1909f56bfc062723c751e8b465ee728b)
Start importing Assets/03.Assets/PolygonFantasyKingdom/Prefabs/Items/SM_Item_Ring_07.prefab using Guid(325e038c8b1d10b45822620927776798) Importer(815301076,1909f56bfc062723c751e8b465ee728b)  -> (artifact id: '4b78ebb19a281de02e8e333f78f289e1') in 0.061167 seconds
Number of updated asset objects reloaded before import = 0
Number of asset objects unloaded after import = 13
========================================================================
Received Import Request.
  Time since last request: 0.000167 seconds.
  path: Assets/03.Assets/PolygonFantasyKingdom/Prefabs/Items/SM_Item_Gem_02.prefab
  artifactKey: Guid(e1820a200f03cec468ffc85b587c2d06) Importer(815301076,1909f56bfc062723c751e8b465ee728b)
Start importing Assets/03.Assets/PolygonFantasyKingdom/Prefabs/Items/SM_Item_Gem_02.prefab using Guid(e1820a200f03cec468ffc85b587c2d06) Importer(815301076,1909f56bfc062723c751e8b465ee728b)  -> (artifact id: '44908be3bd4b3042bf166ee6bd2ecd99') in 0.081784 seconds
Number of updated asset objects reloaded before import = 0
Number of asset objects unloaded after import = 13
========================================================================
Received Import Request.
  Time since last request: 0.000031 seconds.
  path: Assets/03.Assets/PolygonFantasyKingdom/Prefabs/Items/SM_Item_Wood_02.prefab
  artifactKey: Guid(85282dc691cdde34f811edde08021f61) Importer(815301076,1909f56bfc062723c751e8b465ee728b)
Start importing Assets/03.Assets/PolygonFantasyKingdom/Prefabs/Items/SM_Item_Wood_02.prefab using Guid(85282dc691cdde34f811edde08021f61) Importer(815301076,1909f56bfc062723c751e8b465ee728b)  -> (artifact id: '28f6780057a8e9507be17d7113cbcbd0') in 0.076985 seconds
Number of updated asset objects reloaded before import = 0
Number of asset objects unloaded after import = 13
========================================================================
Received Import Request.
  Time since last request: 0.000027 seconds.
  path: Assets/03.Assets/PolygonFantasyKingdom/Prefabs/Items/SM_Item_Ladle_02.prefab
  artifactKey: Guid(3b6a204f1e1c1d3469fc9a5d5a19f98b) Importer(815301076,1909f56bfc062723c751e8b465ee728b)
Start importing Assets/03.Assets/PolygonFantasyKingdom/Prefabs/Items/SM_Item_Ladle_02.prefab using Guid(3b6a204f1e1c1d3469fc9a5d5a19f98b) Importer(815301076,1909f56bfc062723c751e8b465ee728b)  -> (artifact id: '214bb6f855c65a08747a46a36bca0d3a') in 0.077498 seconds
Number of updated asset objects reloaded before import = 0
Number of asset objects unloaded after import = 13
========================================================================
Received Import Request.
  Time since last request: 0.000030 seconds.
  path: Assets/03.Assets/PolygonFantasyKingdom/Prefabs/Items/SM_Item_Candlestick_01.prefab
  artifactKey: Guid(5958c7a4aa8dfb94ca1f80fae0ed78ec) Importer(815301076,1909f56bfc062723c751e8b465ee728b)
Start importing Assets/03.Assets/PolygonFantasyKingdom/Prefabs/Items/SM_Item_Candlestick_01.prefab using Guid(5958c7a4aa8dfb94ca1f80fae0ed78ec) Importer(815301076,1909f56bfc062723c751e8b465ee728b)  -> (artifact id: '2e65abec18c82aa50d1131e98ede7c17') in 0.068987 seconds
Number of updated asset objects reloaded before import = 0
Number of asset objects unloaded after import = 13
========================================================================
Received Import Request.
  Time since last request: 0.000027 seconds.
  path: Assets/03.Assets/PolygonFantasyKingdom/Prefabs/Items/SM_Item_Tongs_04.prefab
  artifactKey: Guid(7813863a10e5c8846b696aeed48f88bc) Importer(815301076,1909f56bfc062723c751e8b465ee728b)
Start importing Assets/03.Assets/PolygonFantasyKingdom/Prefabs/Items/SM_Item_Tongs_04.prefab using Guid(7813863a10e5c8846b696aeed48f88bc) Importer(815301076,1909f56bfc062723c751e8b465ee728b)  -> (artifact id: '2e190a352577357b24e29418ae3c8cec') in 0.082557 seconds
Number of updated asset objects reloaded before import = 0
Number of asset objects unloaded after import = 13
========================================================================
Received Import Request.
  Time since last request: 0.000045 seconds.
  path: Assets/03.Assets/PolygonFantasyKingdom/Prefabs/Items/SM_Item_Bottle_04.prefab
  artifactKey: Guid(9f5774717878be54292104cebe396542) Importer(815301076,1909f56bfc062723c751e8b465ee728b)
Start importing Assets/03.Assets/PolygonFantasyKingdom/Prefabs/Items/SM_Item_Bottle_04.prefab using Guid(9f5774717878be54292104cebe396542) Importer(815301076,1909f56bfc062723c751e8b465ee728b)  -> (artifact id: '7215b8ce807aa9e336814bccb43fedff') in 0.075860 seconds
Number of updated asset objects reloaded before import = 0
Number of asset objects unloaded after import = 13
========================================================================
Received Import Request.
  Time since last request: 0.000023 seconds.
  path: Assets/03.Assets/PolygonFantasyKingdom/Prefabs/Items/SM_Item_Candlestick_02.prefab
  artifactKey: Guid(11f6d458ae4e81242a0208750a89939d) Importer(815301076,1909f56bfc062723c751e8b465ee728b)
Start importing Assets/03.Assets/PolygonFantasyKingdom/Prefabs/Items/SM_Item_Candlestick_02.prefab using Guid(11f6d458ae4e81242a0208750a89939d) Importer(815301076,1909f56bfc062723c751e8b465ee728b)  -> (artifact id: 'bcb5b63abb8552dd090890b59df6360d') in 0.077825 seconds
Number of updated asset objects reloaded before import = 0
Number of asset objects unloaded after import = 13
========================================================================
Received Import Request.
  Time since last request: 0.000039 seconds.
  path: Assets/03.Assets/PolygonFantasyKingdom/Prefabs/Items/SM_Item_Horseshoe_01.prefab
  artifactKey: Guid(2d8e471d27d05174c9c486ad0b340a78) Importer(815301076,1909f56bfc062723c751e8b465ee728b)
Start importing Assets/03.Assets/PolygonFantasyKingdom/Prefabs/Items/SM_Item_Horseshoe_01.prefab using Guid(2d8e471d27d05174c9c486ad0b340a78) Importer(815301076,1909f56bfc062723c751e8b465ee728b)  -> (artifact id: 'b80a674e11cd4142001cdc528d67d09c') in 0.073244 seconds
Number of updated asset objects reloaded before import = 0
Number of asset objects unloaded after import = 13
========================================================================
Received Import Request.
  Time since last request: 0.000026 seconds.
  path: Assets/03.Assets/PolygonFantasyKingdom/Prefabs/Items/SM_Item_Roast_Fish_01.prefab
  artifactKey: Guid(a0a05e26758ce4040a4056f8eb5ee3dc) Importer(815301076,1909f56bfc062723c751e8b465ee728b)
Start importing Assets/03.Assets/PolygonFantasyKingdom/Prefabs/Items/SM_Item_Roast_Fish_01.prefab using Guid(a0a05e26758ce4040a4056f8eb5ee3dc) Importer(815301076,1909f56bfc062723c751e8b465ee728b)  -> (artifact id: '9ec42b47c33c8a8715df4e9655c9de88') in 0.076795 seconds
Number of updated asset objects reloaded before import = 0
Number of asset objects unloaded after import = 13
========================================================================
Received Import Request.
  Time since last request: 0.000029 seconds.
  path: Assets/03.Assets/PolygonFantasyKingdom/Prefabs/Items/SM_Item_Parchment_03.prefab
  artifactKey: Guid(13e80e731a05dcc4e97ce17d52b7293c) Importer(815301076,1909f56bfc062723c751e8b465ee728b)
Start importing Assets/03.Assets/PolygonFantasyKingdom/Prefabs/Items/SM_Item_Parchment_03.prefab using Guid(13e80e731a05dcc4e97ce17d52b7293c) Importer(815301076,1909f56bfc062723c751e8b465ee728b)  -> (artifact id: '5d02fd2cb78f56df14b7722397585a9b') in 0.069879 seconds
Number of updated asset objects reloaded before import = 0
Number of asset objects unloaded after import = 13
========================================================================
Received Import Request.
  Time since last request: 0.000029 seconds.
  path: Assets/03.Assets/PolygonFantasyKingdom/Prefabs/Items/SM_Item_Envelope_01.prefab
  artifactKey: Guid(2eb1e6401e4493a40b6097d263e23ac7) Importer(815301076,1909f56bfc062723c751e8b465ee728b)
Start importing Assets/03.Assets/PolygonFantasyKingdom/Prefabs/Items/SM_Item_Envelope_01.prefab using Guid(2eb1e6401e4493a40b6097d263e23ac7) Importer(815301076,1909f56bfc062723c751e8b465ee728b)  -> (artifact id: '07fea2dde9179e82df00f334cebf70bb') in 0.080776 seconds
Number of updated asset objects reloaded before import = 0
Number of asset objects unloaded after import = 13
========================================================================
Received Import Request.
  Time since last request: 0.000046 seconds.
  path: Assets/03.Assets/PolygonFantasyKingdom/Prefabs/Items/SM_Item_Ring_08.prefab
  artifactKey: Guid(1d37d88e7e802c1449f508956f92d326) Importer(815301076,1909f56bfc062723c751e8b465ee728b)
Start importing Assets/03.Assets/PolygonFantasyKingdom/Prefabs/Items/SM_Item_Ring_08.prefab using Guid(1d37d88e7e802c1449f508956f92d326) Importer(815301076,1909f56bfc062723c751e8b465ee728b)  -> (artifact id: '3bf8954b262ba960e4e42b1dcefcfe9a') in 0.061676 seconds
Number of updated asset objects reloaded before import = 0
Number of asset objects unloaded after import = 13
========================================================================
Received Import Request.
  Time since last request: 0.000028 seconds.
  path: Assets/03.Assets/PolygonFantasyKingdom/Prefabs/Items/SM_Item_Meat_Fish_06.prefab
  artifactKey: Guid(718b8b7c7a5c80342874dbcf582b046b) Importer(815301076,1909f56bfc062723c751e8b465ee728b)
Start importing Assets/03.Assets/PolygonFantasyKingdom/Prefabs/Items/SM_Item_Meat_Fish_06.prefab using Guid(718b8b7c7a5c80342874dbcf582b046b) Importer(815301076,1909f56bfc062723c751e8b465ee728b)  -> (artifact id: 'e00d9de14a6e2a54f785240ee4d6f2f8') in 0.076546 seconds
Number of updated asset objects reloaded before import = 0
Number of asset objects unloaded after import = 13
========================================================================
Received Import Request.
  Time since last request: 0.000022 seconds.
  path: Assets/03.Assets/PolygonFantasyKingdom/Prefabs/Items/SM_Item_Ring_05.prefab
  artifactKey: Guid(39c1e0e6cae8f644fb998378c5425be4) Importer(815301076,1909f56bfc062723c751e8b465ee728b)
Start importing Assets/03.Assets/PolygonFantasyKingdom/Prefabs/Items/SM_Item_Ring_05.prefab using Guid(39c1e0e6cae8f644fb998378c5425be4) Importer(815301076,1909f56bfc062723c751e8b465ee728b)  -> (artifact id: '6297a31a7a2f13c5600f588c99560750') in 0.072842 seconds
Number of updated asset objects reloaded before import = 0
Number of asset objects unloaded after import = 13
========================================================================
Received Import Request.
  Time since last request: 0.000026 seconds.
  path: Assets/03.Assets/PolygonFantasyKingdom/Prefabs/Items/SM_Item_Meat_Ham_01.prefab
  artifactKey: Guid(d5bc113609377784183ce1ed388dcec5) Importer(815301076,1909f56bfc062723c751e8b465ee728b)
Start importing Assets/03.Assets/PolygonFantasyKingdom/Prefabs/Items/SM_Item_Meat_Ham_01.prefab using Guid(d5bc113609377784183ce1ed388dcec5) Importer(815301076,1909f56bfc062723c751e8b465ee728b)  -> (artifact id: '37ed068cc9d8d1f68efd96f816020517') in 0.077458 seconds
Number of updated asset objects reloaded before import = 0
Number of asset objects unloaded after import = 13
========================================================================
Received Import Request.
  Time since last request: 0.000037 seconds.
  path: Assets/03.Assets/PolygonFantasyKingdom/Prefabs/Items/SM_Item_Eye_Straight_01.prefab
  artifactKey: Guid(fb4db5cabec1cba4fa2148d2ca99630d) Importer(815301076,1909f56bfc062723c751e8b465ee728b)
Start importing Assets/03.Assets/PolygonFantasyKingdom/Prefabs/Items/SM_Item_Eye_Straight_01.prefab using Guid(fb4db5cabec1cba4fa2148d2ca99630d) Importer(815301076,1909f56bfc062723c751e8b465ee728b)  -> (artifact id: '76535225656b66e24f303fcdfdb52350') in 0.065735 seconds
Number of updated asset objects reloaded before import = 0
Number of asset objects unloaded after import = 13
========================================================================
Received Import Request.
  Time since last request: 0.000024 seconds.
  path: Assets/03.Assets/PolygonFantasyKingdom/Prefabs/Items/SM_Item_Bottle_06.prefab
  artifactKey: Guid(e6cbdb3031476e744b289b46046aa8a1) Importer(815301076,1909f56bfc062723c751e8b465ee728b)
Start importing Assets/03.Assets/PolygonFantasyKingdom/Prefabs/Items/SM_Item_Bottle_06.prefab using Guid(e6cbdb3031476e744b289b46046aa8a1) Importer(815301076,1909f56bfc062723c751e8b465ee728b)  -> (artifact id: 'b890ae80ba4663273ceb93e4975c7d0b') in 0.072178 seconds
Number of updated asset objects reloaded before import = 0
Number of asset objects unloaded after import = 13
========================================================================
Received Import Request.
  Time since last request: 0.000023 seconds.
  path: Assets/03.Assets/PolygonFantasyKingdom/Prefabs/Items/SM_Item_Wargames_Plotting_Rod_01.prefab
  artifactKey: Guid(87da46f40c2a2ec48a9e9dab3bf81415) Importer(815301076,1909f56bfc062723c751e8b465ee728b)
Start importing Assets/03.Assets/PolygonFantasyKingdom/Prefabs/Items/SM_Item_Wargames_Plotting_Rod_01.prefab using Guid(87da46f40c2a2ec48a9e9dab3bf81415) Importer(815301076,1909f56bfc062723c751e8b465ee728b)  -> (artifact id: 'e0222a21895ff3384e325fe2d2949d05') in 0.071772 seconds
Number of updated asset objects reloaded before import = 0
Number of asset objects unloaded after import = 13
========================================================================
Received Import Request.
  Time since last request: 0.000044 seconds.
  path: Assets/03.Assets/PolygonFantasyKingdom/Prefabs/Items/SM_Item_Wood_01.prefab
  artifactKey: Guid(b344b318008ed464e9cf9cb96dbf9afc) Importer(815301076,1909f56bfc062723c751e8b465ee728b)
Start importing Assets/03.Assets/PolygonFantasyKingdom/Prefabs/Items/SM_Item_Wood_01.prefab using Guid(b344b318008ed464e9cf9cb96dbf9afc) Importer(815301076,1909f56bfc062723c751e8b465ee728b)  -> (artifact id: '1ad69bb7d3caf828680170c72093da92') in 0.068205 seconds
Number of updated asset objects reloaded before import = 0
Number of asset objects unloaded after import = 13
========================================================================
Received Import Request.
  Time since last request: 0.000036 seconds.
  path: Assets/03.Assets/PolygonFantasyKingdom/Prefabs/Items/SM_Item_Bottle_01.prefab
  artifactKey: Guid(f4bf1ea18c6356c4ba8c94bf3c351350) Importer(815301076,1909f56bfc062723c751e8b465ee728b)
Start importing Assets/03.Assets/PolygonFantasyKingdom/Prefabs/Items/SM_Item_Bottle_01.prefab using Guid(f4bf1ea18c6356c4ba8c94bf3c351350) Importer(815301076,1909f56bfc062723c751e8b465ee728b)  -> (artifact id: '8f6cb55a965c6bdaca686599137c901a') in 0.063548 seconds
Number of updated asset objects reloaded before import = 0
Number of asset objects unloaded after import = 13
========================================================================
Received Import Request.
  Time since last request: 0.000030 seconds.
  path: Assets/03.Assets/PolygonFantasyKingdom/Prefabs/Items/SM_Item_Tongs_03.prefab
  artifactKey: Guid(103fe9dceb9ea2e41b255b3ff0d7163a) Importer(815301076,1909f56bfc062723c751e8b465ee728b)
Start importing Assets/03.Assets/PolygonFantasyKingdom/Prefabs/Items/SM_Item_Tongs_03.prefab using Guid(103fe9dceb9ea2e41b255b3ff0d7163a) Importer(815301076,1909f56bfc062723c751e8b465ee728b)  -> (artifact id: 'd5b63e89dcb78547eba00cf3aeff84d6') in 0.069528 seconds
Number of updated asset objects reloaded before import = 0
Number of asset objects unloaded after import = 18
========================================================================
Received Import Request.
  Time since last request: 0.000060 seconds.
  path: Assets/03.Assets/PolygonFantasyKingdom/Prefabs/Items/SM_Item_Bottle_15.prefab
  artifactKey: Guid(8c586b3736d40e04c963a3633c6e7740) Importer(815301076,1909f56bfc062723c751e8b465ee728b)
Start importing Assets/03.Assets/PolygonFantasyKingdom/Prefabs/Items/SM_Item_Bottle_15.prefab using Guid(8c586b3736d40e04c963a3633c6e7740) Importer(815301076,1909f56bfc062723c751e8b465ee728b)  -> (artifact id: 'caf26d0b09089c8a7b4a94e34c35c45f') in 0.076823 seconds
Number of updated asset objects reloaded before import = 0
Number of asset objects unloaded after import = 13
========================================================================
Received Import Request.
  Time since last request: 0.000033 seconds.
  path: Assets/03.Assets/PolygonFantasyKingdom/Prefabs/Items/SM_Item_Candlestick_05.prefab
  artifactKey: Guid(24e91e2d3d64e1a49a81208aa4891c49) Importer(815301076,1909f56bfc062723c751e8b465ee728b)
Start importing Assets/03.Assets/PolygonFantasyKingdom/Prefabs/Items/SM_Item_Candlestick_05.prefab using Guid(24e91e2d3d64e1a49a81208aa4891c49) Importer(815301076,1909f56bfc062723c751e8b465ee728b)  -> (artifact id: '84c46fe1cb2e75be566dfe02dec96afa') in 0.068802 seconds
Number of updated asset objects reloaded before import = 0
Number of asset objects unloaded after import = 13
========================================================================
Received Import Request.
  Time since last request: 0.000033 seconds.
  path: Assets/03.Assets/PolygonFantasyKingdom/Prefabs/Items/SM_Item_Cheese_Wheel_03.prefab
  artifactKey: Guid(6d40a727378519d439a7d7c48b91211b) Importer(815301076,1909f56bfc062723c751e8b465ee728b)
Start importing Assets/03.Assets/PolygonFantasyKingdom/Prefabs/Items/SM_Item_Cheese_Wheel_03.prefab using Guid(6d40a727378519d439a7d7c48b91211b) Importer(815301076,1909f56bfc062723c751e8b465ee728b)  -> (artifact id: '6194da9ce946e52edbd5ddd42512bb9e') in 0.064132 seconds
Number of updated asset objects reloaded before import = 0
Number of asset objects unloaded after import = 13
========================================================================
Received Import Request.
  Time since last request: 0.000036 seconds.
  path: Assets/03.Assets/PolygonFantasyKingdom/Prefabs/Items/SM_Item_Bracelet_05.prefab
  artifactKey: Guid(7a6684600544c394cbbb0624d7f0a4c8) Importer(815301076,1909f56bfc062723c751e8b465ee728b)
Start importing Assets/03.Assets/PolygonFantasyKingdom/Prefabs/Items/SM_Item_Bracelet_05.prefab using Guid(7a6684600544c394cbbb0624d7f0a4c8) Importer(815301076,1909f56bfc062723c751e8b465ee728b)  -> (artifact id: '89b31519fa1b98cc5e155832f1146168') in 0.064408 seconds
Number of updated asset objects reloaded before import = 0
Number of asset objects unloaded after import = 13
Editor requested this worker to shutdown with reason: Scaling down because of idle timeout
TcpMessagingSession - receive error
AssetImportWorkerClient::OnTransportError - code=2 error=End of file
AssetImportWorker is now disconnected from the server
Process exiting
Exiting without the bug reporter. Application will terminate with return code 0