Using pre-set license
Built from '2022.3/staging' branch; Version is '2022.3.11f1 (d00248457e15) revision 13632072'; Using compiler version '192829333'; Build Type 'Release'
OS: 'Windows 11  (10.0.22621) 64bit Core' Language: 'ko' Physical Memory: 32523 MB
BatchMode: 1, IsHumanControllingUs: 0, StartBugReporterOnCrash: 0, Is64bit: 1, IsPro: 1

COMMAND LINE ARGUMENTS:
C:\Program Files\Unity\Hub\Editor\2022.3.11f1\Editor\Unity.exe
-adb2
-batchMode
-noUpm
-name
AssetImportWorker3
-projectPath
D:/2.Minji/Unity/FirstPlaceVR
-logFile
Logs/AssetImportWorker3.log
-srvPort
62162
Successfully changed project path to: D:/2.Minji/Unity/FirstPlaceVR
D:/2.Minji/Unity/FirstPlaceVR
[UnityMemory] Configuration Parameters - Can be set up in boot.config
    "memorysetup-bucket-allocator-granularity=16"
    "memorysetup-bucket-allocator-bucket-count=8"
    "memorysetup-bucket-allocator-block-size=33554432"
    "memorysetup-bucket-allocator-block-count=8"
    "memorysetup-main-allocator-block-size=16777216"
    "memorysetup-thread-allocator-block-size=16777216"
    "memorysetup-gfx-main-allocator-block-size=16777216"
    "memorysetup-gfx-thread-allocator-block-size=16777216"
    "memorysetup-cache-allocator-block-size=4194304"
    "memorysetup-typetree-allocator-block-size=2097152"
    "memorysetup-profiler-bucket-allocator-granularity=16"
    "memorysetup-profiler-bucket-allocator-bucket-count=8"
    "memorysetup-profiler-bucket-allocator-block-size=33554432"
    "memorysetup-profiler-bucket-allocator-block-count=8"
    "memorysetup-profiler-allocator-block-size=16777216"
    "memorysetup-profiler-editor-allocator-block-size=1048576"
    "memorysetup-temp-allocator-size-main=16777216"
    "memorysetup-job-temp-allocator-block-size=2097152"
    "memorysetup-job-temp-allocator-block-size-background=1048576"
    "memorysetup-job-temp-allocator-reduction-small-platforms=262144"
    "memorysetup-allocator-temp-initial-block-size-main=262144"
    "memorysetup-allocator-temp-initial-block-size-worker=262144"
    "memorysetup-temp-allocator-size-background-worker=32768"
    "memorysetup-temp-allocator-size-job-worker=262144"
    "memorysetup-temp-allocator-size-preload-manager=33554432"
    "memorysetup-temp-allocator-size-nav-mesh-worker=65536"
    "memorysetup-temp-allocator-size-audio-worker=65536"
    "memorysetup-temp-allocator-size-cloud-worker=32768"
    "memorysetup-temp-allocator-size-gi-baking-worker=262144"
    "memorysetup-temp-allocator-size-gfx=262144"
Player connection [37080] Host "[IP] 121.134.187.81 [Port] 0 [Flags] 2 [Guid] 559933566 [EditorId] 559933566 [Version] 1048832 [Id] WindowsEditor(7,권임가족) [Debug] 1 [PackageName] WindowsEditor [ProjectName] Editor" joined multi-casting on [225.0.0.222:54997]...

Player connection [37080] Host "[IP] 121.134.187.81 [Port] 0 [Flags] 2 [Guid] 559933566 [EditorId] 559933566 [Version] 1048832 [Id] WindowsEditor(7,권임가족) [Debug] 1 [PackageName] WindowsEditor [ProjectName] Editor" joined alternative multi-casting on [225.0.0.222:34997]...

[Physics::Module] Initialized MultithreadedJobDispatcher with 19 workers.
Refreshing native plugins compatible for Editor in 7.83 ms, found 6 plugins.
Preloading 1 native plugins for Editor in 1.06 ms.
Initialize engine version: 2022.3.11f1 (d00248457e15)
[Subsystems] Discovering subsystems at path C:/Program Files/Unity/Hub/Editor/2022.3.11f1/Editor/Data/Resources/UnitySubsystems
[Subsystems] Discovering subsystems at path D:/2.Minji/Unity/FirstPlaceVR/Assets
GfxDevice: creating device client; threaded=0; jobified=0
Direct3D:
    Version:  Direct3D 11.0 [level 11.1]
    Renderer: NVIDIA GeForce RTX 3060 Ti (ID=0x2489)
    Vendor:   NVIDIA
    VRAM:     8038 MB
    Driver:   31.0.15.4617
Initialize mono
Mono path[0] = 'C:/Program Files/Unity/Hub/Editor/2022.3.11f1/Editor/Data/Managed'
Mono path[1] = 'C:/Program Files/Unity/Hub/Editor/2022.3.11f1/Editor/Data/MonoBleedingEdge/lib/mono/unityjit-win32'
Mono config path = 'C:/Program Files/Unity/Hub/Editor/2022.3.11f1/Editor/Data/MonoBleedingEdge/etc'
Using monoOptions --debugger-agent=transport=dt_socket,embedding=1,server=y,suspend=n,address=127.0.0.1:56524
Begin MonoManager ReloadAssembly
Registering precompiled unity dll's ...
Register platform support module: C:/Program Files/Unity/Hub/Editor/2022.3.11f1/Editor/Data/PlaybackEngines/AndroidPlayer/UnityEditor.Android.Extensions.dll
Register platform support module: C:/Program Files/Unity/Hub/Editor/2022.3.11f1/Editor/Data/PlaybackEngines/WindowsStandaloneSupport/UnityEditor.WindowsStandalone.Extensions.dll
Registered in 0.006261 seconds.
- Loaded All Assemblies, in  0.248 seconds
Native extension for WindowsStandalone target not found
Native extension for Android target not found
Mono: successfully reloaded assembly
- Finished resetting the current domain, in  0.208 seconds
Domain Reload Profiling: 455ms
	BeginReloadAssembly (82ms)
		ExecutionOrderSort (0ms)
		DisableScriptedObjects (0ms)
		BackupInstance (0ms)
		ReleaseScriptingObjects (0ms)
		CreateAndSetChildDomain (1ms)
	RebuildCommonClasses (23ms)
	RebuildNativeTypeToScriptingClass (7ms)
	initialDomainReloadingComplete (42ms)
	LoadAllAssembliesAndSetupDomain (92ms)
		LoadAssemblies (81ms)
		RebuildTransferFunctionScriptingTraits (0ms)
		AnalyzeDomain (90ms)
			TypeCache.Refresh (90ms)
				TypeCache.ScanAssembly (81ms)
			ScanForSourceGeneratedMonoScriptInfo (0ms)
			ResolveRequiredComponents (0ms)
	FinalizeReload (208ms)
		ReleaseScriptCaches (0ms)
		RebuildScriptCaches (0ms)
		SetupLoadedEditorAssemblies (171ms)
			LogAssemblyErrors (0ms)
			InitializePlatformSupportModulesInManaged (61ms)
			SetLoadedEditorAssemblies (3ms)
			RefreshPlugins (0ms)
			BeforeProcessingInitializeOnLoad (1ms)
			ProcessInitializeOnLoadAttributes (67ms)
			ProcessInitializeOnLoadMethodAttributes (38ms)
			AfterProcessingInitializeOnLoad (0ms)
			EditorAssembliesLoaded (0ms)
		ExecutionOrderSort2 (0ms)
		AwakeInstancesAfterBackupRestoration (0ms)
========================================================================
Worker process is ready to serve import requests
Begin MonoManager ReloadAssembly
- Loaded All Assemblies, in  0.451 seconds
Refreshing native plugins compatible for Editor in 2.43 ms, found 6 plugins.
Native extension for WindowsStandalone target not found
Native extension for Android target not found
Package Manager log level set to [2]
[Package Manager] Server::EnsureServerProcessIsRunning -- launch failed, reason: Unity was launched with the -noUpm command-line argument
[Package Manager] UpmClient::Send -- Unable to send message (not connected to UPM process).
[Package Manager] Cannot connect to Unity Package Manager local server
[Package Manager] Server::EnsureServerProcessIsRunning -- launch failed, reason: Unity was launched with the -noUpm command-line argument
[Package Manager] UpmClient::Send -- Unable to send message (not connected to UPM process).
[Package Manager] Cannot connect to Unity Package Manager local server
System.Reflection.TargetInvocationException: Exception has been thrown by the target of an invocation. ---> System.NullReferenceException: Object reference not set to an instance of an object
  at Unity.XR.Oculus.OculusLoader.AssetPathToAbsolutePath (System.String assetPath) [0x0003d] in .\Library\PackageCache\com.unity.xr.oculus@4.1.2\Runtime\OculusLoader.cs:287 
  at Unity.XR.Oculus.OculusLoader.EditorLoadOVRPlugin () [0x00084] in .\Library\PackageCache\com.unity.xr.oculus@4.1.2\Runtime\OculusLoader.cs:272 
  at (wrapper managed-to-native) System.Reflection.RuntimeMethodInfo.InternalInvoke(System.Reflection.RuntimeMethodInfo,object,object[],System.Exception&)
  at System.Reflection.RuntimeMethodInfo.Invoke (System.Object obj, System.Reflection.BindingFlags invokeAttr, System.Reflection.Binder binder, System.Object[] parameters, System.Globalization.CultureInfo culture) [0x0006a] in <834b2ded5dad441e8c7a4287897d63c7>:0 
   --- End of inner exception stack trace ---
  at System.Reflection.RuntimeMethodInfo.Invoke (System.Object obj, System.Reflection.BindingFlags invokeAttr, System.Reflection.Binder binder, System.Object[] parameters, System.Globalization.CultureInfo culture) [0x00083] in <834b2ded5dad441e8c7a4287897d63c7>:0 
  at System.Reflection.MethodBase.Invoke (System.Object obj, System.Object[] parameters) [0x00000] in <834b2ded5dad441e8c7a4287897d63c7>:0 
  at UnityEditor.EditorAssemblies.ProcessInitializeOnLoadMethodAttributes () [0x000a5] in <9920ff0c944845d7b9f9a61ef1478edc>:0 
UnityEngine.StackTraceUtility:ExtractStackTrace ()
UnityEngine.DebugLogHandler:LogFormat (UnityEngine.LogType,UnityEngine.Object,string,object[])
UnityEngine.Logger:Log (UnityEngine.LogType,object)
UnityEngine.Debug:LogError (object)
UnityEditor.EditorAssemblies:ProcessInitializeOnLoadMethodAttributes ()

Mono: successfully reloaded assembly
[Package Manager] Server::EnsureServerProcessIsRunning -- launch failed, reason: Unity was launched with the -noUpm command-line argument
[Package Manager] UpmClient::Send -- Unable to send message (not connected to UPM process).
[Package Manager] Cannot connect to Unity Package Manager local server
[Package Manager] Server::EnsureServerProcessIsRunning -- launch failed, reason: Unity was launched with the -noUpm command-line argument
[Package Manager] UpmClient::Send -- Unable to send message (not connected to UPM process).
[Package Manager] Cannot connect to Unity Package Manager local server
- Finished resetting the current domain, in  0.441 seconds
Domain Reload Profiling: 890ms
	BeginReloadAssembly (103ms)
		ExecutionOrderSort (0ms)
		DisableScriptedObjects (3ms)
		BackupInstance (0ms)
		ReleaseScriptingObjects (0ms)
		CreateAndSetChildDomain (13ms)
	RebuildCommonClasses (22ms)
	RebuildNativeTypeToScriptingClass (6ms)
	initialDomainReloadingComplete (28ms)
	LoadAllAssembliesAndSetupDomain (291ms)
		LoadAssemblies (211ms)
		RebuildTransferFunctionScriptingTraits (0ms)
		AnalyzeDomain (144ms)
			TypeCache.Refresh (120ms)
				TypeCache.ScanAssembly (108ms)
			ScanForSourceGeneratedMonoScriptInfo (14ms)
			ResolveRequiredComponents (9ms)
	FinalizeReload (441ms)
		ReleaseScriptCaches (0ms)
		RebuildScriptCaches (0ms)
		SetupLoadedEditorAssemblies (329ms)
			LogAssemblyErrors (0ms)
			InitializePlatformSupportModulesInManaged (19ms)
			SetLoadedEditorAssemblies (2ms)
			RefreshPlugins (0ms)
			BeforeProcessingInitializeOnLoad (43ms)
			ProcessInitializeOnLoadAttributes (240ms)
			ProcessInitializeOnLoadMethodAttributes (20ms)
			AfterProcessingInitializeOnLoad (5ms)
			EditorAssembliesLoaded (0ms)
		ExecutionOrderSort2 (0ms)
		AwakeInstancesAfterBackupRestoration (10ms)
Launched and connected shader compiler UnityShaderCompiler.exe after 0.03 seconds
Refreshing native plugins compatible for Editor in 2.43 ms, found 6 plugins.
Preloading 1 native plugins for Editor in 0.03 ms.
Unloading 4265 Unused Serialized files (Serialized files now loaded: 0)
Unloading 50 unused Assets / (58.3 KB). Loaded Objects now: 4735.
Memory consumption went from 163.7 MB to 163.7 MB.
Total: 2.353200 ms (FindLiveObjects: 0.185900 ms CreateObjectMapping: 0.088800 ms MarkObjects: 1.997300 ms  DeleteObjects: 0.080000 ms)

AssetImportParameters requested are different than current active one (requested -> active):
  custom:container-demuxer-ogg: 62fdf1f143b41e24485cea50d1cbac27 -> 
  custom:video-decoder-ogg-theora: a1e56fd34408186e4bbccfd4996cb3dc -> 
  custom:framework-win-MediaFoundation: 216162199b28c13a410421893ffa2e32 -> 
  custom:CustomObjectIndexerAttribute: 756ad292c208cfabdd7b50bc23989ffe -> 
  custom:container-demuxer-webm: 4f35f7cbe854078d1ac9338744f61a02 -> 
  custom:container-muxer-webm: aa71ff27fc2769a1b78a27578f13a17b -> 
  custom:video-decoder-webm-vp8: 9c59270c3fd7afecdb556c50c9e8de78 -> 
  custom:SearchIndexIgnoredProperties: e643bd26f0fe6173181afceb89e7c659 -> 
  custom:AudioImporter_EditorPlatform: d09bf68614088b80899f8185d706f6e7 -> 
  custom:video-encoder-webm-vp8: eb34c28f22e8b96e1ab97ce403110664 -> 
  custom:audio-decoder-ogg-vorbis: bf7c407c2cedff20999df2af8eb42d56 -> 
  custom:audio-encoder-webm-vorbis: bf7c407c2cedff20999df2af8eb42d56 -> 
========================================================================
Received Import Request.
  Time since last request: 74877.223914 seconds.
  path: Assets/03.Assets/PolygonFantasyKingdom/Prefabs/Environments/SM_Env_Flowers_03.prefab
  artifactKey: Guid(758092bbbc117b040b6342372a2140c5) Importer(815301076,1909f56bfc062723c751e8b465ee728b)
Start importing Assets/03.Assets/PolygonFantasyKingdom/Prefabs/Environments/SM_Env_Flowers_03.prefab using Guid(758092bbbc117b040b6342372a2140c5) Importer(815301076,1909f56bfc062723c751e8b465ee728b)  -> (artifact id: '13d9065fd49325b53e7ef48780cc26d2') in 0.135499 seconds
Number of updated asset objects reloaded before import = 0
Number of asset objects unloaded after import = 11
========================================================================
Received Import Request.
  Time since last request: 0.124704 seconds.
  path: Assets/03.Assets/PolygonFantasyKingdom/Prefabs/Environments/SM_Env_Flowers_06.prefab
  artifactKey: Guid(8ea72e06345945a409de87ba6aa6de22) Importer(815301076,1909f56bfc062723c751e8b465ee728b)
Start importing Assets/03.Assets/PolygonFantasyKingdom/Prefabs/Environments/SM_Env_Flowers_06.prefab using Guid(8ea72e06345945a409de87ba6aa6de22) Importer(815301076,1909f56bfc062723c751e8b465ee728b)  -> (artifact id: '39190a792cc4db67ce8a692d14e90fe8') in 0.084985 seconds
Number of updated asset objects reloaded before import = 0
Number of asset objects unloaded after import = 11
========================================================================
Received Import Request.
  Time since last request: 0.757433 seconds.
  path: Assets/03.Assets/PolygonFantasyKingdom/Prefabs/Environments/SM_Env_Flowers_09.prefab
  artifactKey: Guid(07d02a4e5ab48b34c8028fa2ba01ecc0) Importer(815301076,1909f56bfc062723c751e8b465ee728b)
Start importing Assets/03.Assets/PolygonFantasyKingdom/Prefabs/Environments/SM_Env_Flowers_09.prefab using Guid(07d02a4e5ab48b34c8028fa2ba01ecc0) Importer(815301076,1909f56bfc062723c751e8b465ee728b)  -> (artifact id: '1f072dd1aede31f905b3b0049d7b5d07') in 0.035113 seconds
Number of updated asset objects reloaded before import = 0
Number of asset objects unloaded after import = 11
========================================================================
Received Import Request.
  Time since last request: 0.241304 seconds.
  path: Assets/03.Assets/PolygonFantasyKingdom/Prefabs/Environments/SM_Env_Flowers_12.prefab
  artifactKey: Guid(f5f7c978faa52f54ea07ce39457b00ad) Importer(815301076,1909f56bfc062723c751e8b465ee728b)
Start importing Assets/03.Assets/PolygonFantasyKingdom/Prefabs/Environments/SM_Env_Flowers_12.prefab using Guid(f5f7c978faa52f54ea07ce39457b00ad) Importer(815301076,1909f56bfc062723c751e8b465ee728b)  -> (artifact id: 'eea55a28a3a34f8db172e9a6113f6d63') in 0.024068 seconds
Number of updated asset objects reloaded before import = 0
Number of asset objects unloaded after import = 11
========================================================================
Received Import Request.
  Time since last request: 0.449643 seconds.
  path: Assets/03.Assets/PolygonFantasyKingdom/Prefabs/Environments/SM_Env_Flowers_15.prefab
  artifactKey: Guid(a61ab20a61ab2e445a18e9949e56fb0e) Importer(815301076,1909f56bfc062723c751e8b465ee728b)
Start importing Assets/03.Assets/PolygonFantasyKingdom/Prefabs/Environments/SM_Env_Flowers_15.prefab using Guid(a61ab20a61ab2e445a18e9949e56fb0e) Importer(815301076,1909f56bfc062723c751e8b465ee728b)  -> (artifact id: '143731cfb792af3c8eed9ad220ef2b2f') in 0.036796 seconds
Number of updated asset objects reloaded before import = 0
Number of asset objects unloaded after import = 11
========================================================================
Received Import Request.
  Time since last request: 0.435991 seconds.
  path: Assets/03.Assets/PolygonFantasyKingdom/Prefabs/Environments/SM_Env_Flowers_18.prefab
  artifactKey: Guid(885eba3dd922b7d4e9c8783c265adc96) Importer(815301076,1909f56bfc062723c751e8b465ee728b)
Start importing Assets/03.Assets/PolygonFantasyKingdom/Prefabs/Environments/SM_Env_Flowers_18.prefab using Guid(885eba3dd922b7d4e9c8783c265adc96) Importer(815301076,1909f56bfc062723c751e8b465ee728b)  -> (artifact id: '6a2baca8c213f9f90b27146bbbf6a8d9') in 0.032544 seconds
Number of updated asset objects reloaded before import = 0
Number of asset objects unloaded after import = 11
========================================================================
Received Import Request.
  Time since last request: 0.544843 seconds.
  path: Assets/03.Assets/PolygonFantasyKingdom/Prefabs/Environments/SM_Env_Flowers_21.prefab
  artifactKey: Guid(20de0569a5c24774eaec8d9d22dc8cbe) Importer(815301076,1909f56bfc062723c751e8b465ee728b)
Start importing Assets/03.Assets/PolygonFantasyKingdom/Prefabs/Environments/SM_Env_Flowers_21.prefab using Guid(20de0569a5c24774eaec8d9d22dc8cbe) Importer(815301076,1909f56bfc062723c751e8b465ee728b)  -> (artifact id: '791325d238007e97d6be6c711199a3c4') in 0.039948 seconds
Number of updated asset objects reloaded before import = 0
Number of asset objects unloaded after import = 11
========================================================================
Received Import Request.
  Time since last request: 0.149123 seconds.
  path: Assets/03.Assets/PolygonFantasyKingdom/Prefabs/Environments/SM_Env_Flowers_24.prefab
  artifactKey: Guid(451222aa5696e3d40b9f0841485e4a1c) Importer(815301076,1909f56bfc062723c751e8b465ee728b)
Start importing Assets/03.Assets/PolygonFantasyKingdom/Prefabs/Environments/SM_Env_Flowers_24.prefab using Guid(451222aa5696e3d40b9f0841485e4a1c) Importer(815301076,1909f56bfc062723c751e8b465ee728b)  -> (artifact id: 'a8a645d136a9cc3933591a83fee53ec3') in 0.031586 seconds
Number of updated asset objects reloaded before import = 0
Number of asset objects unloaded after import = 11
========================================================================
Received Import Request.
  Time since last request: 0.498517 seconds.
  path: Assets/03.Assets/PolygonHorrorMansion/Models/Collision/SM_Env_Fountain_01_Collision.fbx
  artifactKey: Guid(d56cb8fb7a2ad4e47931aaebc6f87190) Importer(815301076,1909f56bfc062723c751e8b465ee728b)
Start importing Assets/03.Assets/PolygonHorrorMansion/Models/Collision/SM_Env_Fountain_01_Collision.fbx using Guid(d56cb8fb7a2ad4e47931aaebc6f87190) Importer(815301076,1909f56bfc062723c751e8b465ee728b)  -> (artifact id: '21d6ceca6e069aecf3cd47ffadf26b4d') in 0.034941 seconds
Number of updated asset objects reloaded before import = 0
Number of asset objects unloaded after import = 7
========================================================================
Received Import Request.
  Time since last request: 0.216036 seconds.
  path: Assets/03.Assets/PolygonHorrorMansion/Prefabs/Environment/SM_Env_Grass_01.prefab
  artifactKey: Guid(3b77e2611fc2c1649aa67b02874f66da) Importer(815301076,1909f56bfc062723c751e8b465ee728b)
Start importing Assets/03.Assets/PolygonHorrorMansion/Prefabs/Environment/SM_Env_Grass_01.prefab using Guid(3b77e2611fc2c1649aa67b02874f66da) Importer(815301076,1909f56bfc062723c751e8b465ee728b)  -> (artifact id: '3b25e0ba52a1a345aafe5cc171927775') in 0.016957 seconds
Number of updated asset objects reloaded before import = 0
Number of asset objects unloaded after import = 10
========================================================================
Received Import Request.
  Time since last request: 0.000013 seconds.
  path: Assets/03.Assets/PolygonHorrorMansion/Models/SM_Env_Grass_01.fbx
  artifactKey: Guid(c1b0483bd002b0141884dbd156cfe8f8) Importer(815301076,1909f56bfc062723c751e8b465ee728b)
Start importing Assets/03.Assets/PolygonHorrorMansion/Models/SM_Env_Grass_01.fbx using Guid(c1b0483bd002b0141884dbd156cfe8f8) Importer(815301076,1909f56bfc062723c751e8b465ee728b)  -> (artifact id: 'c77d6b540ad2b01f4a4121c9f03b09fa') in 0.013319 seconds
Number of updated asset objects reloaded before import = 0
Number of asset objects unloaded after import = 7
========================================================================
Received Import Request.
  Time since last request: 0.091422 seconds.
  path: Assets/03.Assets/PolygonHorrorMansion/Models/SM_Env_Grass_03.fbx
  artifactKey: Guid(0cc3c1df749d92542b6b2b22418e89f5) Importer(815301076,1909f56bfc062723c751e8b465ee728b)
Start importing Assets/03.Assets/PolygonHorrorMansion/Models/SM_Env_Grass_03.fbx using Guid(0cc3c1df749d92542b6b2b22418e89f5) Importer(815301076,1909f56bfc062723c751e8b465ee728b)  -> (artifact id: '127aafe07e7df6a1eb6e4b4d3150d2d3') in 0.017588 seconds
Number of updated asset objects reloaded before import = 0
Number of asset objects unloaded after import = 7
========================================================================
Received Import Request.
  Time since last request: 0.000140 seconds.
  path: Assets/03.Assets/PolygonHorrorMansion/Models/SM_Env_Grass_Flat_01.fbx
  artifactKey: Guid(81e3eff688eceba43ac18f8db418aa10) Importer(815301076,1909f56bfc062723c751e8b465ee728b)
Start importing Assets/03.Assets/PolygonHorrorMansion/Models/SM_Env_Grass_Flat_01.fbx using Guid(81e3eff688eceba43ac18f8db418aa10) Importer(815301076,1909f56bfc062723c751e8b465ee728b)  -> (artifact id: '24ded84062c999f9be34af34c94ac538') in 0.021549 seconds
Number of updated asset objects reloaded before import = 0
Number of asset objects unloaded after import = 7
========================================================================
Received Import Request.
  Time since last request: 1.019149 seconds.
  path: Assets/03.Assets/PolygonHorrorMansion/Models/SM_Env_Grass_Round_02.fbx
  artifactKey: Guid(bf5a08ebd5f88db4091164be46c3961b) Importer(815301076,1909f56bfc062723c751e8b465ee728b)
Start importing Assets/03.Assets/PolygonHorrorMansion/Models/SM_Env_Grass_Round_02.fbx using Guid(bf5a08ebd5f88db4091164be46c3961b) Importer(815301076,1909f56bfc062723c751e8b465ee728b)  -> (artifact id: 'c97c11257ce7acfe3e06fc6baa76a4d6') in 0.011031 seconds
Number of updated asset objects reloaded before import = 0
Number of asset objects unloaded after import = 7
========================================================================
Received Import Request.
  Time since last request: 0.000082 seconds.
  path: Assets/03.Assets/PolygonHorrorMansion/Models/SM_Env_Grass_Round_04.fbx
  artifactKey: Guid(3a71acba9a0133d4182ce0f059077140) Importer(815301076,1909f56bfc062723c751e8b465ee728b)
Start importing Assets/03.Assets/PolygonHorrorMansion/Models/SM_Env_Grass_Round_04.fbx using Guid(3a71acba9a0133d4182ce0f059077140) Importer(815301076,1909f56bfc062723c751e8b465ee728b)  -> (artifact id: 'd1c100350b99fa6a4d74a66837eef3da') in 0.010751 seconds
Number of updated asset objects reloaded before import = 0
Number of asset objects unloaded after import = 7
========================================================================
Received Import Request.
  Time since last request: 0.000014 seconds.
  path: Assets/03.Assets/PolygonHorrorMansion/Prefabs/Environment/SM_Env_Grass_Round_03.prefab
  artifactKey: Guid(8ce8a296d6fd5c64981e64312df32e9b) Importer(815301076,1909f56bfc062723c751e8b465ee728b)
Start importing Assets/03.Assets/PolygonHorrorMansion/Prefabs/Environment/SM_Env_Grass_Round_03.prefab using Guid(8ce8a296d6fd5c64981e64312df32e9b) Importer(815301076,1909f56bfc062723c751e8b465ee728b)  -> (artifact id: '6af98007d210e89c1600eb0477a541a2') in 0.016227 seconds
Number of updated asset objects reloaded before import = 0
Number of asset objects unloaded after import = 11
========================================================================
Received Import Request.
  Time since last request: 0.000012 seconds.
  path: Assets/03.Assets/PolygonHorrorMansion/Prefabs/Environment/SM_Env_Grass_Round_04.prefab
  artifactKey: Guid(471b041259b95674e99bd15759b524d8) Importer(815301076,1909f56bfc062723c751e8b465ee728b)
Start importing Assets/03.Assets/PolygonHorrorMansion/Prefabs/Environment/SM_Env_Grass_Round_04.prefab using Guid(471b041259b95674e99bd15759b524d8) Importer(815301076,1909f56bfc062723c751e8b465ee728b)  -> (artifact id: '9ab23d041db312dfa416ddf4c7db5de9') in 0.010850 seconds
Number of updated asset objects reloaded before import = 0
Number of asset objects unloaded after import = 11
========================================================================
Received Import Request.
  Time since last request: 0.000027 seconds.
  path: Assets/03.Assets/PolygonHorrorMansion/Models/SM_Env_Grass_Round_03.fbx
  artifactKey: Guid(8e5a27235859c27499354998257e873a) Importer(815301076,1909f56bfc062723c751e8b465ee728b)
Start importing Assets/03.Assets/PolygonHorrorMansion/Models/SM_Env_Grass_Round_03.fbx using Guid(8e5a27235859c27499354998257e873a) Importer(815301076,1909f56bfc062723c751e8b465ee728b)  -> (artifact id: '00c34de763830a7406ec66c2109aff5b') in 0.014341 seconds
Number of updated asset objects reloaded before import = 0
Number of asset objects unloaded after import = 7
========================================================================
Received Import Request.
  Time since last request: 0.069117 seconds.
  path: Assets/03.Assets/PolygonFantasyKingdom/Models/SM_Env_Ground_Flat_Dirt_01.fbx
  artifactKey: Guid(a29e92b07d587db458db19ce35a0006e) Importer(815301076,1909f56bfc062723c751e8b465ee728b)
Start importing Assets/03.Assets/PolygonFantasyKingdom/Models/SM_Env_Ground_Flat_Dirt_01.fbx using Guid(a29e92b07d587db458db19ce35a0006e) Importer(815301076,1909f56bfc062723c751e8b465ee728b)  -> (artifact id: '6302d05969ceff51104cf3872fa37346') in 0.007924 seconds
Number of updated asset objects reloaded before import = 0
Number of asset objects unloaded after import = 7
========================================================================
Received Import Request.
  Time since last request: 0.000041 seconds.
  path: Assets/03.Assets/PolygonFantasyKingdom/Prefabs/Environments/SM_Env_Hedge_01.prefab
  artifactKey: Guid(b19fad002d048c74c8540978be2e6ad9) Importer(815301076,1909f56bfc062723c751e8b465ee728b)
Start importing Assets/03.Assets/PolygonFantasyKingdom/Prefabs/Environments/SM_Env_Hedge_01.prefab using Guid(b19fad002d048c74c8540978be2e6ad9) Importer(815301076,1909f56bfc062723c751e8b465ee728b)  -> (artifact id: '99f6643f78bea7ea1238f6c4e52a3c5a') in 0.026407 seconds
Number of updated asset objects reloaded before import = 0
Number of asset objects unloaded after import = 11
========================================================================
Received Import Request.
  Time since last request: 0.000018 seconds.
  path: Assets/03.Assets/PolygonHorrorMansion/Prefabs/Environment/SM_Env_Hedge_Corner_01.prefab
  artifactKey: Guid(b3b3cb37ff0c0064094bfa7c2cf82672) Importer(815301076,1909f56bfc062723c751e8b465ee728b)
Start importing Assets/03.Assets/PolygonHorrorMansion/Prefabs/Environment/SM_Env_Hedge_Corner_01.prefab using Guid(b3b3cb37ff0c0064094bfa7c2cf82672) Importer(815301076,1909f56bfc062723c751e8b465ee728b)  -> (artifact id: '528fb1d4be185f1a08718f9749fb204b') in 0.009744 seconds
Number of updated asset objects reloaded before import = 0
Number of asset objects unloaded after import = 14
========================================================================
Received Import Request.
  Time since last request: 0.000013 seconds.
  path: Assets/03.Assets/PolygonHorrorMansion/Prefabs/Environment/SM_Env_Hedge_01.prefab
  artifactKey: Guid(625c379bf13035048bfcf75425e64263) Importer(815301076,1909f56bfc062723c751e8b465ee728b)
Start importing Assets/03.Assets/PolygonHorrorMansion/Prefabs/Environment/SM_Env_Hedge_01.prefab using Guid(625c379bf13035048bfcf75425e64263) Importer(815301076,1909f56bfc062723c751e8b465ee728b)  -> (artifact id: 'ec115278acae8825f867c94b9f94d210') in 0.010627 seconds
Number of updated asset objects reloaded before import = 0
Number of asset objects unloaded after import = 12
========================================================================
Received Import Request.
  Time since last request: 0.000013 seconds.
  path: Assets/03.Assets/PolygonHorrorMansion/Models/SM_Env_Hedge_02.fbx
  artifactKey: Guid(c973c018384f60f4a810481be7cc7cd2) Importer(815301076,1909f56bfc062723c751e8b465ee728b)
Start importing Assets/03.Assets/PolygonHorrorMansion/Models/SM_Env_Hedge_02.fbx using Guid(c973c018384f60f4a810481be7cc7cd2) Importer(815301076,1909f56bfc062723c751e8b465ee728b)  -> (artifact id: 'eacdca5e8e78e85a33520d65d96f1855') in 0.007648 seconds
Number of updated asset objects reloaded before import = 0
Number of asset objects unloaded after import = 7
========================================================================
Received Import Request.
  Time since last request: 0.000011 seconds.
  path: Assets/03.Assets/PolygonHorrorMansion/Prefabs/Environment/SM_Env_Hedge_02.prefab
  artifactKey: Guid(e818074459dd40a4287591952ba20ad8) Importer(815301076,1909f56bfc062723c751e8b465ee728b)
Start importing Assets/03.Assets/PolygonHorrorMansion/Prefabs/Environment/SM_Env_Hedge_02.prefab using Guid(e818074459dd40a4287591952ba20ad8) Importer(815301076,1909f56bfc062723c751e8b465ee728b)  -> (artifact id: 'd3cdf1a43b09c2f620e2060e67efa58c') in 0.009250 seconds
Number of updated asset objects reloaded before import = 0
Number of asset objects unloaded after import = 12
========================================================================
Received Import Request.
  Time since last request: 0.000010 seconds.
  path: Assets/03.Assets/PolygonFantasyKingdom/Models/SM_Env_Ground_Raised_02.fbx
  artifactKey: Guid(b854bdbb39c785f4dbd168b1e24eb42a) Importer(815301076,1909f56bfc062723c751e8b465ee728b)
Start importing Assets/03.Assets/PolygonFantasyKingdom/Models/SM_Env_Ground_Raised_02.fbx using Guid(b854bdbb39c785f4dbd168b1e24eb42a) Importer(815301076,1909f56bfc062723c751e8b465ee728b)  -> (artifact id: '72f1b8e768703d747c1b4fcbf688d6d3') in 0.007645 seconds
Number of updated asset objects reloaded before import = 0
Number of asset objects unloaded after import = 7
========================================================================
Received Import Request.
  Time since last request: 0.000013 seconds.
  path: Assets/03.Assets/PolygonFantasyKingdom/Models/SM_Env_Ground_Flat_Dirt_02.fbx
  artifactKey: Guid(66a8b5a718b3afd4da05b49545f62dec) Importer(815301076,1909f56bfc062723c751e8b465ee728b)
Start importing Assets/03.Assets/PolygonFantasyKingdom/Models/SM_Env_Ground_Flat_Dirt_02.fbx using Guid(66a8b5a718b3afd4da05b49545f62dec) Importer(815301076,1909f56bfc062723c751e8b465ee728b)  -> (artifact id: '53564fbf45c4d24e63a7c58c9016f458') in 0.006147 seconds
Number of updated asset objects reloaded before import = 0
Number of asset objects unloaded after import = 7
========================================================================
Received Import Request.
  Time since last request: 0.000010 seconds.
  path: Assets/03.Assets/PolygonHorrorMansion/Models/SM_Env_Ivy_05.fbx
  artifactKey: Guid(421308f359838254eb8370419c2532a1) Importer(815301076,1909f56bfc062723c751e8b465ee728b)
Start importing Assets/03.Assets/PolygonHorrorMansion/Models/SM_Env_Ivy_05.fbx using Guid(421308f359838254eb8370419c2532a1) Importer(815301076,1909f56bfc062723c751e8b465ee728b)  -> (artifact id: '919b11277bc1a788cd2a4e36f880f6c3') in 0.006538 seconds
Number of updated asset objects reloaded before import = 0
Number of asset objects unloaded after import = 7
========================================================================
Received Import Request.
  Time since last request: 0.000011 seconds.
  path: Assets/03.Assets/PolygonFantasyKingdom/Models/SM_Env_Hedge_03.fbx
  artifactKey: Guid(7cd226caef5b0ca4795eb153b9650e5b) Importer(815301076,1909f56bfc062723c751e8b465ee728b)
Start importing Assets/03.Assets/PolygonFantasyKingdom/Models/SM_Env_Hedge_03.fbx using Guid(7cd226caef5b0ca4795eb153b9650e5b) Importer(815301076,1909f56bfc062723c751e8b465ee728b)  -> (artifact id: 'e8c905f35dd5d4ecc4228ef0ebc97301') in 0.006443 seconds
Number of updated asset objects reloaded before import = 0
Number of asset objects unloaded after import = 7
========================================================================
Received Import Request.
  Time since last request: 0.000011 seconds.
  path: Assets/03.Assets/PolygonFantasyKingdom/Prefabs/Environments/SM_Env_Ivy_Corner_02.prefab
  artifactKey: Guid(34f77bd12f3e45b4bb7fb5c0b317644d) Importer(815301076,1909f56bfc062723c751e8b465ee728b)
Start importing Assets/03.Assets/PolygonFantasyKingdom/Prefabs/Environments/SM_Env_Ivy_Corner_02.prefab using Guid(34f77bd12f3e45b4bb7fb5c0b317644d) Importer(815301076,1909f56bfc062723c751e8b465ee728b)  -> (artifact id: '11d31725909e22dc8ccee744590904e6') in 0.026757 seconds
Number of updated asset objects reloaded before import = 0
Number of asset objects unloaded after import = 11
========================================================================
Received Import Request.
  Time since last request: 0.000043 seconds.
  path: Assets/03.Assets/PolygonFantasyKingdom/Models/SM_Env_Leaves_02.fbx
  artifactKey: Guid(5defd15c47dd23b458c11d8f0dab0e55) Importer(815301076,1909f56bfc062723c751e8b465ee728b)
Start importing Assets/03.Assets/PolygonFantasyKingdom/Models/SM_Env_Leaves_02.fbx using Guid(5defd15c47dd23b458c11d8f0dab0e55) Importer(815301076,1909f56bfc062723c751e8b465ee728b)  -> (artifact id: '0a8cc1f0fb6d88f86d2b8a67a5207de4') in 0.008310 seconds
Number of updated asset objects reloaded before import = 0
Number of asset objects unloaded after import = 7
========================================================================
Received Import Request.
  Time since last request: 0.000017 seconds.
  path: Assets/03.Assets/PolygonHorrorMansion/Models/SM_Env_Gutter_Leaves_02.fbx
  artifactKey: Guid(0ed6d9d83a7f984418ec08d928b118f1) Importer(815301076,1909f56bfc062723c751e8b465ee728b)
Start importing Assets/03.Assets/PolygonHorrorMansion/Models/SM_Env_Gutter_Leaves_02.fbx using Guid(0ed6d9d83a7f984418ec08d928b118f1) Importer(815301076,1909f56bfc062723c751e8b465ee728b)  -> (artifact id: '8dd992b6c1eb37d62283271612cd0ea2') in 0.011230 seconds
Number of updated asset objects reloaded before import = 0
Number of asset objects unloaded after import = 7
========================================================================
Received Import Request.
  Time since last request: 0.000022 seconds.
  path: Assets/03.Assets/PolygonHorrorMansion/Models/SM_Env_Hedge_Corner_01.fbx
  artifactKey: Guid(4d2f1922f41dbb244a220cf032df59f9) Importer(815301076,1909f56bfc062723c751e8b465ee728b)
Start importing Assets/03.Assets/PolygonHorrorMansion/Models/SM_Env_Hedge_Corner_01.fbx using Guid(4d2f1922f41dbb244a220cf032df59f9) Importer(815301076,1909f56bfc062723c751e8b465ee728b)  -> (artifact id: '95e093020d1145c89c68502c68e9bed7') in 0.008537 seconds
Number of updated asset objects reloaded before import = 0
Number of asset objects unloaded after import = 7
========================================================================
Received Import Request.
  Time since last request: 0.000021 seconds.
  path: Assets/03.Assets/PolygonFantasyKingdom/Prefabs/Environments/SM_Env_Ivy_06.prefab
  artifactKey: Guid(66bcdb50618fa284bad63e1eb9ca3c0a) Importer(815301076,1909f56bfc062723c751e8b465ee728b)
Start importing Assets/03.Assets/PolygonFantasyKingdom/Prefabs/Environments/SM_Env_Ivy_06.prefab using Guid(66bcdb50618fa284bad63e1eb9ca3c0a) Importer(815301076,1909f56bfc062723c751e8b465ee728b)  -> (artifact id: '4959e5591fdce32ab9681fc013c42161') in 0.023273 seconds
Number of updated asset objects reloaded before import = 0
Number of asset objects unloaded after import = 11
========================================================================
Received Import Request.
  Time since last request: 0.000012 seconds.
  path: Assets/03.Assets/PolygonFantasyKingdom/Models/SM_Env_Ivy_Pot_01.fbx
  artifactKey: Guid(04b86194fbc561a43840d6490819c26e) Importer(815301076,1909f56bfc062723c751e8b465ee728b)
Start importing Assets/03.Assets/PolygonFantasyKingdom/Models/SM_Env_Ivy_Pot_01.fbx using Guid(04b86194fbc561a43840d6490819c26e) Importer(815301076,1909f56bfc062723c751e8b465ee728b)  -> (artifact id: '14db2800ceeb65e56205ede1fcb2d343') in 0.007568 seconds
Number of updated asset objects reloaded before import = 0
Number of asset objects unloaded after import = 7
========================================================================
Received Import Request.
  Time since last request: 0.000021 seconds.
  path: Assets/03.Assets/PolygonFantasyKingdom/Models/SM_Env_Hedge_04.fbx
  artifactKey: Guid(eaa45d9745f7a454790568e74f3f8786) Importer(815301076,1909f56bfc062723c751e8b465ee728b)
Start importing Assets/03.Assets/PolygonFantasyKingdom/Models/SM_Env_Hedge_04.fbx using Guid(eaa45d9745f7a454790568e74f3f8786) Importer(815301076,1909f56bfc062723c751e8b465ee728b)  -> (artifact id: '8dae52e29ef8fafa1840836a5d299856') in 0.008860 seconds
Number of updated asset objects reloaded before import = 0
Number of asset objects unloaded after import = 7
========================================================================
Received Import Request.
  Time since last request: 0.000014 seconds.
  path: Assets/03.Assets/PolygonFantasyKingdom/Prefabs/Environments/SM_Env_Ivy_Corner_01.prefab
  artifactKey: Guid(697203acd8861074bb95b2150ae994f1) Importer(815301076,1909f56bfc062723c751e8b465ee728b)
Start importing Assets/03.Assets/PolygonFantasyKingdom/Prefabs/Environments/SM_Env_Ivy_Corner_01.prefab using Guid(697203acd8861074bb95b2150ae994f1) Importer(815301076,1909f56bfc062723c751e8b465ee728b)  -> (artifact id: '36b40d5da2df9e334faba676724ab746') in 0.034847 seconds
Number of updated asset objects reloaded before import = 0
Number of asset objects unloaded after import = 11
========================================================================
Received Import Request.
  Time since last request: 0.000030 seconds.
  path: Assets/03.Assets/PolygonHorrorMansion/Prefabs/Environment/SM_Env_Ivy_05.prefab
  artifactKey: Guid(013c133002f6f0c4890e881ee2e48eaa) Importer(815301076,1909f56bfc062723c751e8b465ee728b)
Start importing Assets/03.Assets/PolygonHorrorMansion/Prefabs/Environment/SM_Env_Ivy_05.prefab using Guid(013c133002f6f0c4890e881ee2e48eaa) Importer(815301076,1909f56bfc062723c751e8b465ee728b)  -> (artifact id: '538ef0d9e16f298f7a96d5670e4ad3dd') in 0.011406 seconds
Number of updated asset objects reloaded before import = 0
Number of asset objects unloaded after import = 10
========================================================================
Received Import Request.
  Time since last request: 0.000025 seconds.
  path: Assets/03.Assets/PolygonHorrorMansion/Models/SM_Env_Leaves_02.fbx
  artifactKey: Guid(d373aa34c8eddae43865499604380376) Importer(815301076,1909f56bfc062723c751e8b465ee728b)
Start importing Assets/03.Assets/PolygonHorrorMansion/Models/SM_Env_Leaves_02.fbx using Guid(d373aa34c8eddae43865499604380376) Importer(815301076,1909f56bfc062723c751e8b465ee728b)  -> (artifact id: 'd3d1b0e6b6c3e1dc858d87d05411d353') in 0.008972 seconds
Number of updated asset objects reloaded before import = 0
Number of asset objects unloaded after import = 7
========================================================================
Received Import Request.
  Time since last request: 0.000014 seconds.
  path: Assets/03.Assets/PolygonFantasyKingdom/Models/SM_Env_Ivy_07.fbx
  artifactKey: Guid(fe3e9c3e8a67db14bb987cee569ecd26) Importer(815301076,1909f56bfc062723c751e8b465ee728b)
Start importing Assets/03.Assets/PolygonFantasyKingdom/Models/SM_Env_Ivy_07.fbx using Guid(fe3e9c3e8a67db14bb987cee569ecd26) Importer(815301076,1909f56bfc062723c751e8b465ee728b)  -> (artifact id: 'b23102be9ef172b77d368b1a7ed91cd2') in 0.012696 seconds
Number of updated asset objects reloaded before import = 0
Number of asset objects unloaded after import = 7
========================================================================
Received Import Request.
  Time since last request: 0.000015 seconds.
  path: Assets/03.Assets/PolygonFantasyKingdom/Prefabs/Environments/SM_Env_Ivy_07.prefab
  artifactKey: Guid(ac77d8a3b344c8749b7da973235357ba) Importer(815301076,1909f56bfc062723c751e8b465ee728b)
Start importing Assets/03.Assets/PolygonFantasyKingdom/Prefabs/Environments/SM_Env_Ivy_07.prefab using Guid(ac77d8a3b344c8749b7da973235357ba) Importer(815301076,1909f56bfc062723c751e8b465ee728b)  -> (artifact id: '2285749e593b57c20802ed0b44b73ea2') in 0.028608 seconds
Number of updated asset objects reloaded before import = 0
Number of asset objects unloaded after import = 11
========================================================================
Received Import Request.
  Time since last request: 0.000017 seconds.
  path: Assets/03.Assets/PolygonHorrorMansion/Models/SM_Env_Hedge_01.fbx
  artifactKey: Guid(cc75b6ab968f17f4a89f86830594903b) Importer(815301076,1909f56bfc062723c751e8b465ee728b)
Start importing Assets/03.Assets/PolygonHorrorMansion/Models/SM_Env_Hedge_01.fbx using Guid(cc75b6ab968f17f4a89f86830594903b) Importer(815301076,1909f56bfc062723c751e8b465ee728b)  -> (artifact id: '412603f9863a29e2301fea9ddc15f914') in 0.009487 seconds
Number of updated asset objects reloaded before import = 0
Number of asset objects unloaded after import = 7
========================================================================
Received Import Request.
  Time since last request: 0.000019 seconds.
  path: Assets/03.Assets/PolygonHorrorMansion/Prefabs/Environment/SM_Env_Gutter_Leaves_02.prefab
  artifactKey: Guid(62a84c62b28fcb44682c8504dd604685) Importer(815301076,1909f56bfc062723c751e8b465ee728b)
Start importing Assets/03.Assets/PolygonHorrorMansion/Prefabs/Environment/SM_Env_Gutter_Leaves_02.prefab using Guid(62a84c62b28fcb44682c8504dd604685) Importer(815301076,1909f56bfc062723c751e8b465ee728b)  -> (artifact id: '9c65f8251aca9dc98d804af93f592f8d') in 0.013147 seconds
Number of updated asset objects reloaded before import = 0
Number of asset objects unloaded after import = 10
========================================================================
Received Import Request.
  Time since last request: 0.000016 seconds.
  path: Assets/03.Assets/PolygonFantasyKingdom/Prefabs/Environments/SM_Env_Leaves_01.prefab
  artifactKey: Guid(505a7d1aca78f23419a13b34088133d3) Importer(815301076,1909f56bfc062723c751e8b465ee728b)
Start importing Assets/03.Assets/PolygonFantasyKingdom/Prefabs/Environments/SM_Env_Leaves_01.prefab using Guid(505a7d1aca78f23419a13b34088133d3) Importer(815301076,1909f56bfc062723c751e8b465ee728b)  -> (artifact id: 'da9379d7a3334a71a9102553d60dc14e') in 0.032250 seconds
Number of updated asset objects reloaded before import = 0
Number of asset objects unloaded after import = 11
========================================================================
Received Import Request.
  Time since last request: 0.000031 seconds.
  path: Assets/03.Assets/PolygonFantasyKingdom/Prefabs/Environments/SM_Env_Leaves_03.prefab
  artifactKey: Guid(6d12274968b3ece4c8c3f79c565e7073) Importer(815301076,1909f56bfc062723c751e8b465ee728b)
Start importing Assets/03.Assets/PolygonFantasyKingdom/Prefabs/Environments/SM_Env_Leaves_03.prefab using Guid(6d12274968b3ece4c8c3f79c565e7073) Importer(815301076,1909f56bfc062723c751e8b465ee728b)  -> (artifact id: 'd367452965c166cef4c15d271b826677') in 0.022182 seconds
Number of updated asset objects reloaded before import = 0
Number of asset objects unloaded after import = 11
========================================================================
Received Import Request.
  Time since last request: 0.422759 seconds.
  path: Assets/03.Assets/PolygonHorrorMansion/Models/SM_Env_Ivy_04.fbx
  artifactKey: Guid(5fc6452fa2c9ad34dbb9c1919bc41976) Importer(815301076,1909f56bfc062723c751e8b465ee728b)
Start importing Assets/03.Assets/PolygonHorrorMansion/Models/SM_Env_Ivy_04.fbx using Guid(5fc6452fa2c9ad34dbb9c1919bc41976) Importer(815301076,1909f56bfc062723c751e8b465ee728b)  -> (artifact id: '6d259e34f2385c61c0b3b3a70c3833a2') in 0.009516 seconds
Number of updated asset objects reloaded before import = 0
Number of asset objects unloaded after import = 7
========================================================================
Received Import Request.
  Time since last request: 0.000020 seconds.
  path: Assets/03.Assets/PolygonHorrorMansion/Prefabs/Environment/SM_Env_Ivy_04.prefab
  artifactKey: Guid(65e1b83ecfaa9c144879f45c63ac14ec) Importer(815301076,1909f56bfc062723c751e8b465ee728b)
Start importing Assets/03.Assets/PolygonHorrorMansion/Prefabs/Environment/SM_Env_Ivy_04.prefab using Guid(65e1b83ecfaa9c144879f45c63ac14ec) Importer(815301076,1909f56bfc062723c751e8b465ee728b)  -> (artifact id: '2c0a8a434cddb90fc3ec55f5b95fcac6') in 0.014124 seconds
Number of updated asset objects reloaded before import = 0
Number of asset objects unloaded after import = 10
========================================================================
Received Import Request.
  Time since last request: 0.107222 seconds.
  path: Assets/03.Assets/PolygonHorrorMansion/Models/SM_Env_Ivy_02.fbx
  artifactKey: Guid(cd51a83d0572a0c4e90165a58c519a82) Importer(815301076,1909f56bfc062723c751e8b465ee728b)
Start importing Assets/03.Assets/PolygonHorrorMansion/Models/SM_Env_Ivy_02.fbx using Guid(cd51a83d0572a0c4e90165a58c519a82) Importer(815301076,1909f56bfc062723c751e8b465ee728b)  -> (artifact id: 'f39d8cfc443dc843bf2dec8c9b9763c6') in 0.006840 seconds
Number of updated asset objects reloaded before import = 0
Number of asset objects unloaded after import = 7
========================================================================
Received Import Request.
  Time since last request: 0.000010 seconds.
  path: Assets/03.Assets/PolygonFantasyKingdom/Prefabs/Environments/SM_Env_Ivy_03.prefab
  artifactKey: Guid(1b7fac42c141a9849a137e4c45837662) Importer(815301076,1909f56bfc062723c751e8b465ee728b)
Start importing Assets/03.Assets/PolygonFantasyKingdom/Prefabs/Environments/SM_Env_Ivy_03.prefab using Guid(1b7fac42c141a9849a137e4c45837662) Importer(815301076,1909f56bfc062723c751e8b465ee728b)  -> (artifact id: '2e2922438e760563c9e304c8e83577e3') in 0.025742 seconds
Number of updated asset objects reloaded before import = 0
Number of asset objects unloaded after import = 11
========================================================================
Received Import Request.
  Time since last request: 0.177408 seconds.
  path: Assets/03.Assets/PolygonFantasyKingdom/Models/SM_Env_Ivy_01.fbx
  artifactKey: Guid(8bc7eb61b824da240ac94d7d9ba52aa0) Importer(815301076,1909f56bfc062723c751e8b465ee728b)
Start importing Assets/03.Assets/PolygonFantasyKingdom/Models/SM_Env_Ivy_01.fbx using Guid(8bc7eb61b824da240ac94d7d9ba52aa0) Importer(815301076,1909f56bfc062723c751e8b465ee728b)  -> (artifact id: 'fd8b4a39b50fb04129de562c1a6607b7') in 0.008972 seconds
Number of updated asset objects reloaded before import = 0
Number of asset objects unloaded after import = 7
========================================================================
Received Import Request.
  Time since last request: 0.000010 seconds.
  path: Assets/03.Assets/PolygonHorrorMansion/Prefabs/Environment/SM_Env_Ivy_01.prefab
  artifactKey: Guid(3b98e3109d3a4474db2020ee4c589c08) Importer(815301076,1909f56bfc062723c751e8b465ee728b)
Start importing Assets/03.Assets/PolygonHorrorMansion/Prefabs/Environment/SM_Env_Ivy_01.prefab using Guid(3b98e3109d3a4474db2020ee4c589c08) Importer(815301076,1909f56bfc062723c751e8b465ee728b)  -> (artifact id: 'db6e523576b5e740411786fe1dadba4d') in 0.016148 seconds
Number of updated asset objects reloaded before import = 0
Number of asset objects unloaded after import = 10
========================================================================
Received Import Request.
  Time since last request: 1.205450 seconds.
  path: Assets/03.Assets/PolygonFantasyKingdom/Prefabs/Environments/SM_Env_Ground_Farm_Row_05.prefab
  artifactKey: Guid(d20f879d2c934d941b46cf389c6ebb5c) Importer(815301076,1909f56bfc062723c751e8b465ee728b)
Start importing Assets/03.Assets/PolygonFantasyKingdom/Prefabs/Environments/SM_Env_Ground_Farm_Row_05.prefab using Guid(d20f879d2c934d941b46cf389c6ebb5c) Importer(815301076,1909f56bfc062723c751e8b465ee728b)  -> (artifact id: '33fee38b47dbecd2db536dee6f97f4a2') in 0.037364 seconds
Number of updated asset objects reloaded before import = 0
Number of asset objects unloaded after import = 12
========================================================================
Received Import Request.
  Time since last request: 0.000023 seconds.
  path: Assets/03.Assets/PolygonFantasyKingdom/Models/SM_Env_Ground_Flat_02.fbx
  artifactKey: Guid(e7d941bef486c16429c97d335e971ef8) Importer(815301076,1909f56bfc062723c751e8b465ee728b)
Start importing Assets/03.Assets/PolygonFantasyKingdom/Models/SM_Env_Ground_Flat_02.fbx using Guid(e7d941bef486c16429c97d335e971ef8) Importer(815301076,1909f56bfc062723c751e8b465ee728b)  -> (artifact id: 'e56aed31ae2bcc4a3aa20238f3cff08f') in 0.035272 seconds
Number of updated asset objects reloaded before import = 0
Number of asset objects unloaded after import = 7
========================================================================
Received Import Request.
  Time since last request: 1.834427 seconds.
  path: Assets/03.Assets/PolygonFantasyKingdom/Models/SM_Env_Ground_Farm_Row_02.fbx
  artifactKey: Guid(ff11d4eb8e3ef994ea517a3a8367f68f) Importer(815301076,1909f56bfc062723c751e8b465ee728b)
Start importing Assets/03.Assets/PolygonFantasyKingdom/Models/SM_Env_Ground_Farm_Row_02.fbx using Guid(ff11d4eb8e3ef994ea517a3a8367f68f) Importer(815301076,1909f56bfc062723c751e8b465ee728b)  -> (artifact id: '9b03c5ceb511afa9965111c2e1437643') in 0.013797 seconds
Number of updated asset objects reloaded before import = 0
Number of asset objects unloaded after import = 7
========================================================================
Received Import Request.
  Time since last request: 0.000012 seconds.
  path: Assets/03.Assets/PolygonFantasyKingdom/Models/SM_Env_Ground_Farm_Row_04.fbx
  artifactKey: Guid(d7f753a5c82a7bc4cab987f38c55d95d) Importer(815301076,1909f56bfc062723c751e8b465ee728b)
Start importing Assets/03.Assets/PolygonFantasyKingdom/Models/SM_Env_Ground_Farm_Row_04.fbx using Guid(d7f753a5c82a7bc4cab987f38c55d95d) Importer(815301076,1909f56bfc062723c751e8b465ee728b)  -> (artifact id: 'f9f55706a3052effc645df0e34a4e86c') in 0.050563 seconds
Number of updated asset objects reloaded before import = 0
Number of asset objects unloaded after import = 7
========================================================================
Received Prepare
Begin MonoManager ReloadAssembly
- Loaded All Assemblies, in  0.319 seconds
Refreshing native plugins compatible for Editor in 2.63 ms, found 6 plugins.
Native extension for WindowsStandalone target not found
Native extension for Android target not found
[Package Manager] Server::EnsureServerProcessIsRunning -- launch failed, reason: Unity was launched with the -noUpm command-line argument
[Package Manager] UpmClient::Send -- Unable to send message (not connected to UPM process).
[Package Manager] Cannot connect to Unity Package Manager local server
[Package Manager] Server::EnsureServerProcessIsRunning -- launch failed, reason: Unity was launched with the -noUpm command-line argument
[Package Manager] UpmClient::Send -- Unable to send message (not connected to UPM process).
[Package Manager] Cannot connect to Unity Package Manager local server
System.Reflection.TargetInvocationException: Exception has been thrown by the target of an invocation. ---> System.NullReferenceException: Object reference not set to an instance of an object
  at Unity.XR.Oculus.OculusLoader.AssetPathToAbsolutePath (System.String assetPath) [0x0003d] in .\Library\PackageCache\com.unity.xr.oculus@4.1.2\Runtime\OculusLoader.cs:287 
  at Unity.XR.Oculus.OculusLoader.EditorLoadOVRPlugin () [0x00084] in .\Library\PackageCache\com.unity.xr.oculus@4.1.2\Runtime\OculusLoader.cs:272 
  at (wrapper managed-to-native) System.Reflection.RuntimeMethodInfo.InternalInvoke(System.Reflection.RuntimeMethodInfo,object,object[],System.Exception&)
  at System.Reflection.RuntimeMethodInfo.Invoke (System.Object obj, System.Reflection.BindingFlags invokeAttr, System.Reflection.Binder binder, System.Object[] parameters, System.Globalization.CultureInfo culture) [0x0006a] in <834b2ded5dad441e8c7a4287897d63c7>:0 
   --- End of inner exception stack trace ---
  at System.Reflection.RuntimeMethodInfo.Invoke (System.Object obj, System.Reflection.BindingFlags invokeAttr, System.Reflection.Binder binder, System.Object[] parameters, System.Globalization.CultureInfo culture) [0x00083] in <834b2ded5dad441e8c7a4287897d63c7>:0 
  at System.Reflection.MethodBase.Invoke (System.Object obj, System.Object[] parameters) [0x00000] in <834b2ded5dad441e8c7a4287897d63c7>:0 
  at UnityEditor.EditorAssemblies.ProcessInitializeOnLoadMethodAttributes () [0x000a5] in <9920ff0c944845d7b9f9a61ef1478edc>:0 
UnityEngine.StackTraceUtility:ExtractStackTrace ()
UnityEngine.DebugLogHandler:LogFormat (UnityEngine.LogType,UnityEngine.Object,string,object[])
UnityEngine.Logger:Log (UnityEngine.LogType,object)
UnityEngine.Debug:LogError (object)
UnityEditor.EditorAssemblies:ProcessInitializeOnLoadMethodAttributes ()

Mono: successfully reloaded assembly
[Package Manager] Server::EnsureServerProcessIsRunning -- launch failed, reason: Unity was launched with the -noUpm command-line argument
[Package Manager] UpmClient::Send -- Unable to send message (not connected to UPM process).
[Package Manager] Cannot connect to Unity Package Manager local server
- Finished resetting the current domain, in  0.596 seconds
Domain Reload Profiling: 914ms
	BeginReloadAssembly (116ms)
		ExecutionOrderSort (0ms)
		DisableScriptedObjects (3ms)
		BackupInstance (0ms)
		ReleaseScriptingObjects (0ms)
		CreateAndSetChildDomain (26ms)
	RebuildCommonClasses (25ms)
	RebuildNativeTypeToScriptingClass (9ms)
	initialDomainReloadingComplete (22ms)
	LoadAllAssembliesAndSetupDomain (145ms)
		LoadAssemblies (196ms)
		RebuildTransferFunctionScriptingTraits (0ms)
		AnalyzeDomain (11ms)
			TypeCache.Refresh (4ms)
				TypeCache.ScanAssembly (0ms)
			ScanForSourceGeneratedMonoScriptInfo (0ms)
			ResolveRequiredComponents (5ms)
	FinalizeReload (597ms)
		ReleaseScriptCaches (0ms)
		RebuildScriptCaches (0ms)
		SetupLoadedEditorAssemblies (296ms)
			LogAssemblyErrors (0ms)
			InitializePlatformSupportModulesInManaged (18ms)
			SetLoadedEditorAssemblies (2ms)
			RefreshPlugins (0ms)
			BeforeProcessingInitializeOnLoad (42ms)
			ProcessInitializeOnLoadAttributes (209ms)
			ProcessInitializeOnLoadMethodAttributes (19ms)
			AfterProcessingInitializeOnLoad (5ms)
			EditorAssembliesLoaded (0ms)
		ExecutionOrderSort2 (0ms)
		AwakeInstancesAfterBackupRestoration (10ms)
Refreshing native plugins compatible for Editor in 2.45 ms, found 6 plugins.
Preloading 1 native plugins for Editor in 0.03 ms.
Unloading 4245 Unused Serialized files (Serialized files now loaded: 0)
Unloading 26 unused Assets / (32.8 KB). Loaded Objects now: 4750.
Memory consumption went from 162.2 MB to 162.2 MB.
Total: 2.484400 ms (FindLiveObjects: 0.208000 ms CreateObjectMapping: 0.091900 ms MarkObjects: 2.145200 ms  DeleteObjects: 0.037600 ms)

Prepare: number of updated asset objects reloaded= 0
AssetImportParameters requested are different than current active one (requested -> active):
  custom:container-demuxer-ogg: 62fdf1f143b41e24485cea50d1cbac27 -> 
  custom:video-decoder-ogg-theora: a1e56fd34408186e4bbccfd4996cb3dc -> 
  custom:framework-win-MediaFoundation: 216162199b28c13a410421893ffa2e32 -> 
  custom:CustomObjectIndexerAttribute: 756ad292c208cfabdd7b50bc23989ffe -> 
  custom:container-demuxer-webm: 4f35f7cbe854078d1ac9338744f61a02 -> 
  custom:container-muxer-webm: aa71ff27fc2769a1b78a27578f13a17b -> 
  custom:video-decoder-webm-vp8: 9c59270c3fd7afecdb556c50c9e8de78 -> 
  custom:SearchIndexIgnoredProperties: e643bd26f0fe6173181afceb89e7c659 -> 
  custom:AudioImporter_EditorPlatform: d09bf68614088b80899f8185d706f6e7 -> 
  custom:video-encoder-webm-vp8: eb34c28f22e8b96e1ab97ce403110664 -> 
  custom:audio-decoder-ogg-vorbis: bf7c407c2cedff20999df2af8eb42d56 -> 
  custom:audio-encoder-webm-vorbis: bf7c407c2cedff20999df2af8eb42d56 -> 
========================================================================
Received Prepare
Begin MonoManager ReloadAssembly
- Loaded All Assemblies, in  0.312 seconds
Refreshing native plugins compatible for Editor in 2.37 ms, found 6 plugins.
Native extension for WindowsStandalone target not found
Native extension for Android target not found
[Package Manager] Server::EnsureServerProcessIsRunning -- launch failed, reason: Unity was launched with the -noUpm command-line argument
[Package Manager] UpmClient::Send -- Unable to send message (not connected to UPM process).
[Package Manager] Cannot connect to Unity Package Manager local server
[Package Manager] Server::EnsureServerProcessIsRunning -- launch failed, reason: Unity was launched with the -noUpm command-line argument
[Package Manager] UpmClient::Send -- Unable to send message (not connected to UPM process).
[Package Manager] Cannot connect to Unity Package Manager local server
System.Reflection.TargetInvocationException: Exception has been thrown by the target of an invocation. ---> System.NullReferenceException: Object reference not set to an instance of an object
  at Unity.XR.Oculus.OculusLoader.AssetPathToAbsolutePath (System.String assetPath) [0x0003d] in .\Library\PackageCache\com.unity.xr.oculus@4.1.2\Runtime\OculusLoader.cs:287 
  at Unity.XR.Oculus.OculusLoader.EditorLoadOVRPlugin () [0x00084] in .\Library\PackageCache\com.unity.xr.oculus@4.1.2\Runtime\OculusLoader.cs:272 
  at (wrapper managed-to-native) System.Reflection.RuntimeMethodInfo.InternalInvoke(System.Reflection.RuntimeMethodInfo,object,object[],System.Exception&)
  at System.Reflection.RuntimeMethodInfo.Invoke (System.Object obj, System.Reflection.BindingFlags invokeAttr, System.Reflection.Binder binder, System.Object[] parameters, System.Globalization.CultureInfo culture) [0x0006a] in <834b2ded5dad441e8c7a4287897d63c7>:0 
   --- End of inner exception stack trace ---
  at System.Reflection.RuntimeMethodInfo.Invoke (System.Object obj, System.Reflection.BindingFlags invokeAttr, System.Reflection.Binder binder, System.Object[] parameters, System.Globalization.CultureInfo culture) [0x00083] in <834b2ded5dad441e8c7a4287897d63c7>:0 
  at System.Reflection.MethodBase.Invoke (System.Object obj, System.Object[] parameters) [0x00000] in <834b2ded5dad441e8c7a4287897d63c7>:0 
  at UnityEditor.EditorAssemblies.ProcessInitializeOnLoadMethodAttributes () [0x000a5] in <9920ff0c944845d7b9f9a61ef1478edc>:0 
UnityEngine.StackTraceUtility:ExtractStackTrace ()
UnityEngine.DebugLogHandler:LogFormat (UnityEngine.LogType,UnityEngine.Object,string,object[])
UnityEngine.Logger:Log (UnityEngine.LogType,object)
UnityEngine.Debug:LogError (object)
UnityEditor.EditorAssemblies:ProcessInitializeOnLoadMethodAttributes ()

Mono: successfully reloaded assembly
[Package Manager] Server::EnsureServerProcessIsRunning -- launch failed, reason: Unity was launched with the -noUpm command-line argument
[Package Manager] UpmClient::Send -- Unable to send message (not connected to UPM process).
[Package Manager] Cannot connect to Unity Package Manager local server
- Finished resetting the current domain, in  0.604 seconds
Domain Reload Profiling: 915ms
	BeginReloadAssembly (117ms)
		ExecutionOrderSort (0ms)
		DisableScriptedObjects (3ms)
		BackupInstance (0ms)
		ReleaseScriptingObjects (0ms)
		CreateAndSetChildDomain (24ms)
	RebuildCommonClasses (23ms)
	RebuildNativeTypeToScriptingClass (7ms)
	initialDomainReloadingComplete (20ms)
	LoadAllAssembliesAndSetupDomain (144ms)
		LoadAssemblies (199ms)
		RebuildTransferFunctionScriptingTraits (0ms)
		AnalyzeDomain (10ms)
			TypeCache.Refresh (5ms)
				TypeCache.ScanAssembly (0ms)
			ScanForSourceGeneratedMonoScriptInfo (0ms)
			ResolveRequiredComponents (4ms)
	FinalizeReload (604ms)
		ReleaseScriptCaches (0ms)
		RebuildScriptCaches (0ms)
		SetupLoadedEditorAssemblies (308ms)
			LogAssemblyErrors (0ms)
			InitializePlatformSupportModulesInManaged (17ms)
			SetLoadedEditorAssemblies (2ms)
			RefreshPlugins (0ms)
			BeforeProcessingInitializeOnLoad (49ms)
			ProcessInitializeOnLoadAttributes (215ms)
			ProcessInitializeOnLoadMethodAttributes (20ms)
			AfterProcessingInitializeOnLoad (5ms)
			EditorAssembliesLoaded (0ms)
		ExecutionOrderSort2 (0ms)
		AwakeInstancesAfterBackupRestoration (12ms)
Refreshing native plugins compatible for Editor in 4.34 ms, found 6 plugins.
Preloading 1 native plugins for Editor in 0.06 ms.
Unloading 4245 Unused Serialized files (Serialized files now loaded: 0)
Unloading 26 unused Assets / (31.9 KB). Loaded Objects now: 4754.
Memory consumption went from 164.1 MB to 164.1 MB.
Total: 2.242800 ms (FindLiveObjects: 0.185600 ms CreateObjectMapping: 0.091000 ms MarkObjects: 1.927500 ms  DeleteObjects: 0.037700 ms)

Prepare: number of updated asset objects reloaded= 0
AssetImportParameters requested are different than current active one (requested -> active):
  custom:container-demuxer-ogg: 62fdf1f143b41e24485cea50d1cbac27 -> 
  custom:video-decoder-ogg-theora: a1e56fd34408186e4bbccfd4996cb3dc -> 
  custom:framework-win-MediaFoundation: 216162199b28c13a410421893ffa2e32 -> 
  custom:CustomObjectIndexerAttribute: 756ad292c208cfabdd7b50bc23989ffe -> 
  custom:container-demuxer-webm: 4f35f7cbe854078d1ac9338744f61a02 -> 
  custom:container-muxer-webm: aa71ff27fc2769a1b78a27578f13a17b -> 
  custom:video-decoder-webm-vp8: 9c59270c3fd7afecdb556c50c9e8de78 -> 
  custom:SearchIndexIgnoredProperties: e643bd26f0fe6173181afceb89e7c659 -> 
  custom:AudioImporter_EditorPlatform: d09bf68614088b80899f8185d706f6e7 -> 
  custom:video-encoder-webm-vp8: eb34c28f22e8b96e1ab97ce403110664 -> 
  custom:audio-decoder-ogg-vorbis: bf7c407c2cedff20999df2af8eb42d56 -> 
  custom:audio-encoder-webm-vorbis: bf7c407c2cedff20999df2af8eb42d56 -> 
========================================================================
Received Prepare
Begin MonoManager ReloadAssembly
- Loaded All Assemblies, in  0.316 seconds
Refreshing native plugins compatible for Editor in 3.14 ms, found 6 plugins.
Native extension for WindowsStandalone target not found
Native extension for Android target not found
[Package Manager] Server::EnsureServerProcessIsRunning -- launch failed, reason: Unity was launched with the -noUpm command-line argument
[Package Manager] UpmClient::Send -- Unable to send message (not connected to UPM process).
[Package Manager] Cannot connect to Unity Package Manager local server
[Package Manager] Server::EnsureServerProcessIsRunning -- launch failed, reason: Unity was launched with the -noUpm command-line argument
[Package Manager] UpmClient::Send -- Unable to send message (not connected to UPM process).
[Package Manager] Cannot connect to Unity Package Manager local server
System.Reflection.TargetInvocationException: Exception has been thrown by the target of an invocation. ---> System.NullReferenceException: Object reference not set to an instance of an object
  at Unity.XR.Oculus.OculusLoader.AssetPathToAbsolutePath (System.String assetPath) [0x0003d] in .\Library\PackageCache\com.unity.xr.oculus@4.1.2\Runtime\OculusLoader.cs:287 
  at Unity.XR.Oculus.OculusLoader.EditorLoadOVRPlugin () [0x00084] in .\Library\PackageCache\com.unity.xr.oculus@4.1.2\Runtime\OculusLoader.cs:272 
  at (wrapper managed-to-native) System.Reflection.RuntimeMethodInfo.InternalInvoke(System.Reflection.RuntimeMethodInfo,object,object[],System.Exception&)
  at System.Reflection.RuntimeMethodInfo.Invoke (System.Object obj, System.Reflection.BindingFlags invokeAttr, System.Reflection.Binder binder, System.Object[] parameters, System.Globalization.CultureInfo culture) [0x0006a] in <834b2ded5dad441e8c7a4287897d63c7>:0 
   --- End of inner exception stack trace ---
  at System.Reflection.RuntimeMethodInfo.Invoke (System.Object obj, System.Reflection.BindingFlags invokeAttr, System.Reflection.Binder binder, System.Object[] parameters, System.Globalization.CultureInfo culture) [0x00083] in <834b2ded5dad441e8c7a4287897d63c7>:0 
  at System.Reflection.MethodBase.Invoke (System.Object obj, System.Object[] parameters) [0x00000] in <834b2ded5dad441e8c7a4287897d63c7>:0 
  at UnityEditor.EditorAssemblies.ProcessInitializeOnLoadMethodAttributes () [0x000a5] in <9920ff0c944845d7b9f9a61ef1478edc>:0 
UnityEngine.StackTraceUtility:ExtractStackTrace ()
UnityEngine.DebugLogHandler:LogFormat (UnityEngine.LogType,UnityEngine.Object,string,object[])
UnityEngine.Logger:Log (UnityEngine.LogType,object)
UnityEngine.Debug:LogError (object)
UnityEditor.EditorAssemblies:ProcessInitializeOnLoadMethodAttributes ()

Mono: successfully reloaded assembly
[Package Manager] Server::EnsureServerProcessIsRunning -- launch failed, reason: Unity was launched with the -noUpm command-line argument
[Package Manager] UpmClient::Send -- Unable to send message (not connected to UPM process).
[Package Manager] Cannot connect to Unity Package Manager local server
- Finished resetting the current domain, in  0.596 seconds
Domain Reload Profiling: 910ms
	BeginReloadAssembly (119ms)
		ExecutionOrderSort (0ms)
		DisableScriptedObjects (3ms)
		BackupInstance (0ms)
		ReleaseScriptingObjects (0ms)
		CreateAndSetChildDomain (26ms)
	RebuildCommonClasses (23ms)
	RebuildNativeTypeToScriptingClass (7ms)
	initialDomainReloadingComplete (19ms)
	LoadAllAssembliesAndSetupDomain (146ms)
		LoadAssemblies (200ms)
		RebuildTransferFunctionScriptingTraits (0ms)
		AnalyzeDomain (10ms)
			TypeCache.Refresh (4ms)
				TypeCache.ScanAssembly (0ms)
			ScanForSourceGeneratedMonoScriptInfo (0ms)
			ResolveRequiredComponents (4ms)
	FinalizeReload (596ms)
		ReleaseScriptCaches (0ms)
		RebuildScriptCaches (0ms)
		SetupLoadedEditorAssemblies (304ms)
			LogAssemblyErrors (0ms)
			InitializePlatformSupportModulesInManaged (18ms)
			SetLoadedEditorAssemblies (2ms)
			RefreshPlugins (0ms)
			BeforeProcessingInitializeOnLoad (48ms)
			ProcessInitializeOnLoadAttributes (209ms)
			ProcessInitializeOnLoadMethodAttributes (21ms)
			AfterProcessingInitializeOnLoad (6ms)
			EditorAssembliesLoaded (0ms)
		ExecutionOrderSort2 (0ms)
		AwakeInstancesAfterBackupRestoration (15ms)
Refreshing native plugins compatible for Editor in 2.42 ms, found 6 plugins.
Preloading 1 native plugins for Editor in 0.03 ms.
Unloading 4245 Unused Serialized files (Serialized files now loaded: 0)
Unloading 26 unused Assets / (32.9 KB). Loaded Objects now: 4758.
Memory consumption went from 166.1 MB to 166.0 MB.
Total: 2.193000 ms (FindLiveObjects: 0.191900 ms CreateObjectMapping: 0.095000 ms MarkObjects: 1.869000 ms  DeleteObjects: 0.035300 ms)

Prepare: number of updated asset objects reloaded= 0
AssetImportParameters requested are different than current active one (requested -> active):
  custom:container-demuxer-ogg: 62fdf1f143b41e24485cea50d1cbac27 -> 
  custom:video-decoder-ogg-theora: a1e56fd34408186e4bbccfd4996cb3dc -> 
  custom:framework-win-MediaFoundation: 216162199b28c13a410421893ffa2e32 -> 
  custom:CustomObjectIndexerAttribute: 756ad292c208cfabdd7b50bc23989ffe -> 
  custom:container-demuxer-webm: 4f35f7cbe854078d1ac9338744f61a02 -> 
  custom:container-muxer-webm: aa71ff27fc2769a1b78a27578f13a17b -> 
  custom:video-decoder-webm-vp8: 9c59270c3fd7afecdb556c50c9e8de78 -> 
  custom:SearchIndexIgnoredProperties: e643bd26f0fe6173181afceb89e7c659 -> 
  custom:AudioImporter_EditorPlatform: d09bf68614088b80899f8185d706f6e7 -> 
  custom:video-encoder-webm-vp8: eb34c28f22e8b96e1ab97ce403110664 -> 
  custom:audio-decoder-ogg-vorbis: bf7c407c2cedff20999df2af8eb42d56 -> 
  custom:audio-encoder-webm-vorbis: bf7c407c2cedff20999df2af8eb42d56 -> 
